q3_1 = {
  "Plan": {
    "Node Type": "Limit",
    "Parallel Aware": False,
    "Startup Cost": 48734.91,
    "Total Cost": 48734.93,
    "Plan Rows": 10,
    "Plan Width": 44,
    "Actual Startup Time": 34869.468,
    "Actual Total Time": 34870.156,
    "Actual Rows": 10,
    "Actual Loops": 1,
    "Shared Hit Blocks": 1095598,
    "Shared Read Blocks": 152625,
    "Shared Dirtied Blocks": 0,
    "Shared Written Blocks": 0,
    "Local Hit Blocks": 0,
    "Local Read Blocks": 0,
    "Local Dirtied Blocks": 0,
    "Local Written Blocks": 0,
    "Temp Read Blocks": 5217,
    "Temp Written Blocks": 5247,
    "Plans": [
      {
        "Node Type": "Sort",
        "Parent Relationship": "Outer",
        "Parallel Aware": False,
        "Startup Cost": 48734.91,
        "Total Cost": 48809.93,
        "Plan Rows": 30008,
        "Plan Width": 44,
        "Actual Startup Time": 34869.465,
        "Actual Total Time": 34869.467,
        "Actual Rows": 10,
        "Actual Loops": 1,
        "Sort Key": [
          "(sum((lineitem.l_extendedprice * ('1'::numeric - lineitem.l_discount)))) DESC",
          "orders.o_orderdate"
        ],
        "Sort Method": "top-N heapsort",
        "Sort Space Used": 26,
        "Sort Space Type": "Memory",
        "Shared Hit Blocks": 361891,
        "Shared Read Blocks": 50478,
        "Shared Dirtied Blocks": 0,
        "Shared Written Blocks": 0,
        "Local Hit Blocks": 0,
        "Local Read Blocks": 0,
        "Local Dirtied Blocks": 0,
        "Local Written Blocks": 0,
        "Temp Read Blocks": 1724,
        "Temp Written Blocks": 1734,
        "Plans": [
          {
            "Node Type": "Aggregate",
            "Strategy": "Sorted",
            "Partial Mode": "Finalize",
            "Parent Relationship": "Outer",
            "Parallel Aware": False,
            "Startup Cost": 44137.37,
            "Total Cost": 48086.45,
            "Plan Rows": 30008,
            "Plan Width": 44,
            "Actual Startup Time": 29796.08,
            "Actual Total Time": 34353.078,
            "Actual Rows": 300147,
            "Actual Loops": 1,
            "Group Key": [
              "lineitem.l_orderkey",
              "orders.o_orderdate",
              "orders.o_shippriority"
            ],
            "Shared Hit Blocks": 361888,
            "Shared Read Blocks": 50478,
            "Shared Dirtied Blocks": 0,
            "Shared Written Blocks": 0,
            "Local Hit Blocks": 0,
            "Local Read Blocks": 0,
            "Local Dirtied Blocks": 0,
            "Local Written Blocks": 0,
            "Temp Read Blocks": 1724,
            "Temp Written Blocks": 1734,
            "Plans": [
              {
                "Node Type": "Gather Merge",
                "Parent Relationship": "Outer",
                "Parallel Aware": False,
                "Startup Cost": 44137.37,
                "Total Cost": 47398.77,
                "Plan Rows": 25006,
                "Plan Width": 44,
                "Actual Startup Time": 29795.915,
                "Actual Total Time": 32395.115,
                "Actual Rows": 300147,
                "Actual Loops": 1,
                "Workers Planned": 2,
                "Workers Launched": 2,
                "Shared Hit Blocks": 1095595,
                "Shared Read Blocks": 152625,
                "Shared Dirtied Blocks": 0,
                "Shared Written Blocks": 0,
                "Local Hit Blocks": 0,
                "Local Read Blocks": 0,
                "Local Dirtied Blocks": 0,
                "Local Written Blocks": 0,
                "Temp Read Blocks": 5217,
                "Temp Written Blocks": 5247,
                "Plans": [
                  {
                    "Node Type": "Aggregate",
                    "Strategy": "Sorted",
                    "Partial Mode": "Partial",
                    "Parent Relationship": "Outer",
                    "Parallel Aware": False,
                    "Startup Cost": 43137.34,
                    "Total Cost": 43512.43,
                    "Plan Rows": 12503,
                    "Plan Width": 44,
                    "Actual Startup Time": 29728.843,
                    "Actual Total Time": 31442.629,
                    "Actual Rows": 100049,
                    "Actual Loops": 3,
                    "Group Key": [
                      "lineitem.l_orderkey",
                      "orders.o_orderdate",
                      "orders.o_shippriority"
                    ],
                    "Shared Hit Blocks": 1095595,
                    "Shared Read Blocks": 152625,
                    "Shared Dirtied Blocks": 0,
                    "Shared Written Blocks": 0,
                    "Local Hit Blocks": 0,
                    "Local Read Blocks": 0,
                    "Local Dirtied Blocks": 0,
                    "Local Written Blocks": 0,
                    "Temp Read Blocks": 5217,
                    "Temp Written Blocks": 5247,
                    "Plans": [
                      {
                        "Node Type": "Sort",
                        "Parent Relationship": "Outer",
                        "Parallel Aware": False,
                        "Startup Cost": 43137.34,
                        "Total Cost": 43168.6,
                        "Plan Rows": 12503,
                        "Plan Width": 24,
                        "Actual Startup Time": 29728.09,
                        "Actual Total Time": 30028.202,
                        "Actual Rows": 400405,
                        "Actual Loops": 3,
                        "Sort Key": [
                          "lineitem.l_orderkey",
                          "orders.o_orderdate",
                          "orders.o_shippriority"
                        ],
                        "Sort Method": "external merge",
                        "Sort Space Used": 13792,
                        "Sort Space Type": "Disk",
                        "Workers": [
                          {
                            "Worker Number": 0,
                            "Sort Method": "external merge",
                            "Sort Space Used": 13728,
                            "Sort Space Type": "Disk"
                          },
                          {
                            "Worker Number": 1,
                            "Sort Method": "external merge",
                            "Sort Space Used": 14216,
                            "Sort Space Type": "Disk"
                          }
                        ],
                        "Shared Hit Blocks": 1095595,
                        "Shared Read Blocks": 152625,
                        "Shared Dirtied Blocks": 0,
                        "Shared Written Blocks": 0,
                        "Local Hit Blocks": 0,
                        "Local Read Blocks": 0,
                        "Local Dirtied Blocks": 0,
                        "Local Written Blocks": 0,
                        "Temp Read Blocks": 5217,
                        "Temp Written Blocks": 5247,
                        "Plans": [
                          {
                            "Node Type": "Nested Loop",
                            "Parent Relationship": "Outer",
                            "Parallel Aware": False,
                            "Join Type": "Inner",
                            "Startup Cost": 4370.58,
                            "Total Cost": 42286.52,
                            "Plan Rows": 12503,
                            "Plan Width": 24,
                            "Actual Startup Time": 980.544,
                            "Actual Total Time": 28088.661,
                            "Actual Rows": 400405,
                            "Actual Loops": 3,
                            "Inner Unique": False,
                            "Shared Hit Blocks": 1095567,
                            "Shared Read Blocks": 152625,
                            "Shared Dirtied Blocks": 0,
                            "Shared Written Blocks": 0,
                            "Local Hit Blocks": 0,
                            "Local Read Blocks": 0,
                            "Local Dirtied Blocks": 0,
                            "Local Written Blocks": 0,
                            "Temp Read Blocks": 0,
                            "Temp Written Blocks": 0,
                            "Plans": [
                              {
                                "Node Type": "Hash Join",
                                "Parent Relationship": "Outer",
                                "Parallel Aware": True,
                                "Join Type": "Inner",
                                "Startup Cost": 4370.15,
                                "Total Cost": 38355.82,
                                "Plan Rows": 3125,
                                "Plan Width": 12,
                                "Actual Startup Time": 980.306,
                                "Actual Total Time": 3650.64,
                                "Actual Rows": 100049,
                                "Actual Loops": 3,
                                "Inner Unique": True,
                                "Hash Cond": "(orders.o_custkey = customer.c_custkey)",
                                "Shared Hit Blocks": 28,
                                "Shared Read Blocks": 29674,
                                "Shared Dirtied Blocks": 0,
                                "Shared Written Blocks": 0,
                                "Local Hit Blocks": 0,
                                "Local Read Blocks": 0,
                                "Local Dirtied Blocks": 0,
                                "Local Written Blocks": 0,
                                "Temp Read Blocks": 0,
                                "Temp Written Blocks": 0,
                                "Plans": [
                                  {
                                    "Node Type": "Seq Scan",
                                    "Parent Relationship": "Outer",
                                    "Parallel Aware": True,
                                    "Relation Name": "orders",
                                    "Alias": "orders",
                                    "Startup Cost": 0,
                                    "Total Cost": 32345,
                                    "Plan Rows": 625000,
                                    "Plan Width": 16,
                                    "Actual Startup Time": 0.154,
                                    "Actual Total Time": 1011.688,
                                    "Actual Rows": 500000,
                                    "Actual Loops": 3,
                                    "Shared Hit Blocks": 1,
                                    "Shared Read Blocks": 26094,
                                    "Shared Dirtied Blocks": 0,
                                    "Shared Written Blocks": 0,
                                    "Local Hit Blocks": 0,
                                    "Local Read Blocks": 0,
                                    "Local Dirtied Blocks": 0,
                                    "Local Written Blocks": 0,
                                    "Temp Read Blocks": 0,
                                    "Temp Written Blocks": 0
                                  },
                                  {
                                    "Node Type": "Hash",
                                    "Parent Relationship": "Inner",
                                    "Parallel Aware": True,
                                    "Startup Cost": 4366.25,
                                    "Total Cost": 4366.25,
                                    "Plan Rows": 312,
                                    "Plan Width": 4,
                                    "Actual Startup Time": 978.441,
                                    "Actual Total Time": 978.441,
                                    "Actual Rows": 10063,
                                    "Actual Loops": 3,
                                    "Hash Buckets": 32768,
                                    "Original Hash Buckets": 1024,
                                    "Hash Batches": 1,
                                    "Original Hash Batches": 1,
                                    "Peak Memory Usage": 1720,
                                    "Shared Hit Blocks": 5,
                                    "Shared Read Blocks": 3580,
                                    "Shared Dirtied Blocks": 0,
                                    "Shared Written Blocks": 0,
                                    "Local Hit Blocks": 0,
                                    "Local Read Blocks": 0,
                                    "Local Dirtied Blocks": 0,
                                    "Local Written Blocks": 0,
                                    "Temp Read Blocks": 0,
                                    "Temp Written Blocks": 0,
                                    "Plans": [
                                      {
                                        "Node Type": "Seq Scan",
                                        "Parent Relationship": "Outer",
                                        "Parallel Aware": True,
                                        "Relation Name": "customer",
                                        "Alias": "customer",
                                        "Startup Cost": 0,
                                        "Total Cost": 4366.25,
                                        "Plan Rows": 312,
                                        "Plan Width": 4,
                                        "Actual Startup Time": 0.402,
                                        "Actual Total Time": 888.735,
                                        "Actual Rows": 10063,
                                        "Actual Loops": 3,
                                        "Filter": "(c_mktsegment = 'HOUSEHOLD'::bpchar)",
                                        "Rows Removed by Filter": 39937,
                                        "Shared Hit Blocks": 5,
                                        "Shared Read Blocks": 3580,
                                        "Shared Dirtied Blocks": 0,
                                        "Shared Written Blocks": 0,
                                        "Local Hit Blocks": 0,
                                        "Local Read Blocks": 0,
                                        "Local Dirtied Blocks": 0,
                                        "Local Written Blocks": 0,
                                        "Temp Read Blocks": 0,
                                        "Temp Written Blocks": 0
                                      }
                                    ]
                                  }
                                ]
                              },
                              {
                                "Node Type": "Index Scan",
                                "Parent Relationship": "Inner",
                                "Parallel Aware": False,
                                "Scan Direction": "Forward",
                                "Index Name": "\"LineItem_pkey\"",
                                "Relation Name": "lineitem",
                                "Alias": "lineitem",
                                "Startup Cost": 0.43,
                                "Total Cost": 1.1,
                                "Plan Rows": 16,
                                "Plan Width": 16,
                                "Actual Startup Time": 0.197,
                                "Actual Total Time": 0.231,
                                "Actual Rows": 4,
                                "Actual Loops": 300147,
                                "Index Cond": "(l_orderkey = orders.o_orderkey)",
                                "Rows Removed by Index Recheck": 0,
                                "Shared Hit Blocks": 1095539,
                                "Shared Read Blocks": 122951,
                                "Shared Dirtied Blocks": 0,
                                "Shared Written Blocks": 0,
                                "Local Hit Blocks": 0,
                                "Local Read Blocks": 0,
                                "Local Dirtied Blocks": 0,
                                "Local Written Blocks": 0,
                                "Temp Read Blocks": 0,
                                "Temp Written Blocks": 0
                              }
                            ]
                          }
                        ]
                      }
                    ]
                  }
                ]
              }
            ]
          }
        ]
      }
    ]
  },
  "Planning Time": 63.932,
  "Triggers": [],
  "Execution Time": 34889.724
}