q3 = {
  "Plan": {
    "Node Type": "Limit",
    "Parallel Aware": False,
    "Startup Cost": 43951.55,
    "Total Cost": 43951.58,
    "Plan Rows": 10,
    "Plan Width": 44,
    "Actual Startup Time": 11074.22,
    "Actual Total Time": 11077.058,
    "Actual Rows": 10,
    "Actual Loops": 1,
    "Shared Hit Blocks": 490800,
    "Shared Read Blocks": 131115,
    "Shared Dirtied Blocks": 0,
    "Shared Written Blocks": 0,
    "Local Hit Blocks": 0,
    "Local Read Blocks": 0,
    "Local Dirtied Blocks": 0,
    "Local Written Blocks": 0,
    "Temp Read Blocks": 0,
    "Temp Written Blocks": 0,
    "Plans": [
      {
        "Node Type": "Sort",
        "Parent Relationship": "Outer",
        "Parallel Aware": False,
        "Startup Cost": 43951.55,
        "Total Cost": 43971.22,
        "Plan Rows": 7866,
        "Plan Width": 44,
        "Actual Startup Time": 11074.216,
        "Actual Total Time": 11074.218,
        "Actual Rows": 10,
        "Actual Loops": 1,
        "Sort Key": [
          "(sum((lineitem.l_extendedprice * ('1'::numeric - lineitem.l_discount)))) DESC",
          "orders.o_orderdate"
        ],
        "Sort Method": "top-N heapsort",
        "Sort Space Used": 26,
        "Sort Space Type": "Memory",
        "Shared Hit Blocks": 165052,
        "Shared Read Blocks": 44189,
        "Shared Dirtied Blocks": 0,
        "Shared Written Blocks": 0,
        "Local Hit Blocks": 0,
        "Local Read Blocks": 0,
        "Local Dirtied Blocks": 0,
        "Local Written Blocks": 0,
        "Temp Read Blocks": 0,
        "Temp Written Blocks": 0,
        "Plans": [
          {
            "Node Type": "Aggregate",
            "Strategy": "Sorted",
            "Partial Mode": "Finalize",
            "Parent Relationship": "Outer",
            "Parallel Aware": False,
            "Startup Cost": 42746.23,
            "Total Cost": 43781.57,
            "Plan Rows": 7866,
            "Plan Width": 44,
            "Actual Startup Time": 10901.191,
            "Actual Total Time": 11056.477,
            "Actual Rows": 11384,
            "Actual Loops": 1,
            "Group Key": [
              "lineitem.l_orderkey",
              "orders.o_orderdate",
              "orders.o_shippriority"
            ],
            "Shared Hit Blocks": 165052,
            "Shared Read Blocks": 44189,
            "Shared Dirtied Blocks": 0,
            "Shared Written Blocks": 0,
            "Local Hit Blocks": 0,
            "Local Read Blocks": 0,
            "Local Dirtied Blocks": 0,
            "Local Written Blocks": 0,
            "Temp Read Blocks": 0,
            "Temp Written Blocks": 0,
            "Plans": [
              {
                "Node Type": "Gather Merge",
                "Parent Relationship": "Outer",
                "Parallel Aware": False,
                "Startup Cost": 42746.23,
                "Total Cost": 43601.3,
                "Plan Rows": 6556,
                "Plan Width": 44,
                "Actual Startup Time": 10901.142,
                "Actual Total Time": 10969.909,
                "Actual Rows": 11384,
                "Actual Loops": 1,
                "Workers Planned": 2,
                "Workers Launched": 2,
                "Shared Hit Blocks": 490800,
                "Shared Read Blocks": 131115,
                "Shared Dirtied Blocks": 0,
                "Shared Written Blocks": 0,
                "Local Hit Blocks": 0,
                "Local Read Blocks": 0,
                "Local Dirtied Blocks": 0,
                "Local Written Blocks": 0,
                "Temp Read Blocks": 0,
                "Temp Written Blocks": 0,
                "Plans": [
                  {
                    "Node Type": "Aggregate",
                    "Strategy": "Sorted",
                    "Partial Mode": "Partial",
                    "Parent Relationship": "Outer",
                    "Parallel Aware": False,
                    "Startup Cost": 41746.21,
                    "Total Cost": 41844.55,
                    "Plan Rows": 3278,
                    "Plan Width": 44,
                    "Actual Startup Time": 10864.912,
                    "Actual Total Time": 10907.029,
                    "Actual Rows": 3795,
                    "Actual Loops": 3,
                    "Group Key": [
                      "lineitem.l_orderkey",
                      "orders.o_orderdate",
                      "orders.o_shippriority"
                    ],
                    "Shared Hit Blocks": 490800,
                    "Shared Read Blocks": 131115,
                    "Shared Dirtied Blocks": 0,
                    "Shared Written Blocks": 0,
                    "Local Hit Blocks": 0,
                    "Local Read Blocks": 0,
                    "Local Dirtied Blocks": 0,
                    "Local Written Blocks": 0,
                    "Temp Read Blocks": 0,
                    "Temp Written Blocks": 0,
                    "Plans": [
                      {
                        "Node Type": "Sort",
                        "Parent Relationship": "Outer",
                        "Parallel Aware": False,
                        "Startup Cost": 41746.21,
                        "Total Cost": 41754.4,
                        "Plan Rows": 3278,
                        "Plan Width": 24,
                        "Actual Startup Time": 10864.841,
                        "Actual Total Time": 10867.787,
                        "Actual Rows": 10076,
                        "Actual Loops": 3,
                        "Sort Key": [
                          "lineitem.l_orderkey",
                          "orders.o_orderdate",
                          "orders.o_shippriority"
                        ],
                        "Sort Method": "quicksort",
                        "Sort Space Used": 1185,
                        "Sort Space Type": "Memory",
                        "Workers": [
                          {
                            "Worker Number": 0,
                            "Sort Method": "quicksort",
                            "Sort Space Used": 1164,
                            "Sort Space Type": "Memory"
                          },
                          {
                            "Worker Number": 1,
                            "Sort Method": "quicksort",
                            "Sort Space Used": 1166,
                            "Sort Space Type": "Memory"
                          }
                        ],
                        "Shared Hit Blocks": 490800,
                        "Shared Read Blocks": 131115,
                        "Shared Dirtied Blocks": 0,
                        "Shared Written Blocks": 0,
                        "Local Hit Blocks": 0,
                        "Local Read Blocks": 0,
                        "Local Dirtied Blocks": 0,
                        "Local Written Blocks": 0,
                        "Temp Read Blocks": 0,
                        "Temp Written Blocks": 0,
                        "Plans": [
                          {
                            "Node Type": "Nested Loop",
                            "Parent Relationship": "Outer",
                            "Parallel Aware": False,
                            "Join Type": "Inner",
                            "Startup Cost": 4370.58,
                            "Total Cost": 41554.8,
                            "Plan Rows": 3278,
                            "Plan Width": 24,
                            "Actual Startup Time": 417.77,
                            "Actual Total Time": 10801.51,
                            "Actual Rows": 10076,
                            "Actual Loops": 3,
                            "Inner Unique": False,
                            "Shared Hit Blocks": 490775,
                            "Shared Read Blocks": 131112,
                            "Shared Dirtied Blocks": 0,
                            "Shared Written Blocks": 0,
                            "Local Hit Blocks": 0,
                            "Local Read Blocks": 0,
                            "Local Dirtied Blocks": 0,
                            "Local Written Blocks": 0,
                            "Temp Read Blocks": 0,
                            "Temp Written Blocks": 0,
                            "Plans": [
                              {
                                "Node Type": "Hash Join",
                                "Parent Relationship": "Outer",
                                "Parallel Aware": True,
                                "Join Type": "Inner",
                                "Startup Cost": 4370.15,
                                "Total Cost": 39079.18,
                                "Plan Rows": 1527,
                                "Plan Width": 12,
                                "Actual Startup Time": 410.646,
                                "Actual Total Time": 1798.136,
                                "Actual Rows": 48637,
                                "Actual Loops": 3,
                                "Inner Unique": True,
                                "Hash Cond": "(orders.o_custkey = customer.c_custkey)",
                                "Shared Hit Blocks": 22,
                                "Shared Read Blocks": 29680,
                                "Shared Dirtied Blocks": 0,
                                "Shared Written Blocks": 0,
                                "Local Hit Blocks": 0,
                                "Local Read Blocks": 0,
                                "Local Dirtied Blocks": 0,
                                "Local Written Blocks": 0,
                                "Temp Read Blocks": 0,
                                "Temp Written Blocks": 0,
                                "Plans": [
                                  {
                                    "Node Type": "Seq Scan",
                                    "Parent Relationship": "Outer",
                                    "Parallel Aware": True,
                                    "Relation Name": "orders",
                                    "Alias": "orders",
                                    "Startup Cost": 0,
                                    "Total Cost": 33907.5,
                                    "Plan Rows": 305335,
                                    "Plan Width": 16,
                                    "Actual Startup Time": 0.18,
                                    "Actual Total Time": 853.336,
                                    "Actual Rows": 243690,
                                    "Actual Loops": 3,
                                    "Filter": "(o_orderdate < '1995-03-21'::date)",
                                    "Rows Removed by Filter": 256310,
                                    "Shared Hit Blocks": 1,
                                    "Shared Read Blocks": 26094,
                                    "Shared Dirtied Blocks": 0,
                                    "Shared Written Blocks": 0,
                                    "Local Hit Blocks": 0,
                                    "Local Read Blocks": 0,
                                    "Local Dirtied Blocks": 0,
                                    "Local Written Blocks": 0,
                                    "Temp Read Blocks": 0,
                                    "Temp Written Blocks": 0
                                  },
                                  {
                                    "Node Type": "Hash",
                                    "Parent Relationship": "Inner",
                                    "Parallel Aware": True,
                                    "Startup Cost": 4366.25,
                                    "Total Cost": 4366.25,
                                    "Plan Rows": 312,
                                    "Plan Width": 4,
                                    "Actual Startup Time": 409.599,
                                    "Actual Total Time": 409.6,
                                    "Actual Rows": 10063,
                                    "Actual Loops": 3,
                                    "Hash Buckets": 32768,
                                    "Original Hash Buckets": 1024,
                                    "Hash Batches": 1,
                                    "Original Hash Batches": 1,
                                    "Peak Memory Usage": 1720,
                                    "Shared Hit Blocks": 2,
                                    "Shared Read Blocks": 3583,
                                    "Shared Dirtied Blocks": 0,
                                    "Shared Written Blocks": 0,
                                    "Local Hit Blocks": 0,
                                    "Local Read Blocks": 0,
                                    "Local Dirtied Blocks": 0,
                                    "Local Written Blocks": 0,
                                    "Temp Read Blocks": 0,
                                    "Temp Written Blocks": 0,
                                    "Plans": [
                                      {
                                        "Node Type": "Seq Scan",
                                        "Parent Relationship": "Outer",
                                        "Parallel Aware": True,
                                        "Relation Name": "customer",
                                        "Alias": "customer",
                                        "Startup Cost": 0,
                                        "Total Cost": 4366.25,
                                        "Plan Rows": 312,
                                        "Plan Width": 4,
                                        "Actual Startup Time": 0.106,
                                        "Actual Total Time": 324.15,
                                        "Actual Rows": 10063,
                                        "Actual Loops": 3,
                                        "Filter": "(c_mktsegment = 'HOUSEHOLD'::bpchar)",
                                        "Rows Removed by Filter": 39937,
                                        "Shared Hit Blocks": 2,
                                        "Shared Read Blocks": 3583,
                                        "Shared Dirtied Blocks": 0,
                                        "Shared Written Blocks": 0,
                                        "Local Hit Blocks": 0,
                                        "Local Read Blocks": 0,
                                        "Local Dirtied Blocks": 0,
                                        "Local Written Blocks": 0,
                                        "Temp Read Blocks": 0,
                                        "Temp Written Blocks": 0
                                      }
                                    ]
                                  }
                                ]
                              },
                              {
                                "Node Type": "Index Scan",
                                "Parent Relationship": "Inner",
                                "Parallel Aware": False,
                                "Scan Direction": "Forward",
                                "Index Name": "\"LineItem_pkey\"",
                                "Relation Name": "lineitem",
                                "Alias": "lineitem",
                                "Startup Cost": 0.43,
                                "Total Cost": 1.54,
                                "Plan Rows": 8,
                                "Plan Width": 16,
                                "Actual Startup Time": 0.179,
                                "Actual Total Time": 0.18,
                                "Actual Rows": 0,
                                "Actual Loops": 145911,
                                "Index Cond": "(l_orderkey = orders.o_orderkey)",
                                "Rows Removed by Index Recheck": 0,
                                "Filter": "(l_shipdate > '1995-03-21'::date)",
                                "Rows Removed by Filter": 4,
                                "Shared Hit Blocks": 490753,
                                "Shared Read Blocks": 101432,
                                "Shared Dirtied Blocks": 0,
                                "Shared Written Blocks": 0,
                                "Local Hit Blocks": 0,
                                "Local Read Blocks": 0,
                                "Local Dirtied Blocks": 0,
                                "Local Written Blocks": 0,
                                "Temp Read Blocks": 0,
                                "Temp Written Blocks": 0
                              }
                            ]
                          }
                        ]
                      }
                    ]
                  }
                ]
              }
            ]
          }
        ]
      }
    ]
  },
  "Planning Time": 16.419,
  "Triggers": [],
  "Execution Time": 11077.499
}

q4 = {
  "Plan": {
    "Node Type": "Limit",
    "Parallel Aware": False,
    "Startup Cost": 89347.43,
    "Total Cost": 89347.92,
    "Plan Rows": 1,
    "Plan Width": 72,
    "Actual Startup Time": 6835.517,
    "Actual Total Time": 6859.359,
    "Actual Rows": 1,
    "Actual Loops": 1,
    "Shared Hit Blocks": 167096,
    "Shared Read Blocks": 87376,
    "Shared Dirtied Blocks": 0,
    "Shared Written Blocks": 0,
    "Local Hit Blocks": 0,
    "Local Read Blocks": 0,
    "Local Dirtied Blocks": 0,
    "Local Written Blocks": 0,
    "Temp Read Blocks": 0,
    "Temp Written Blocks": 0,
    "Plans": [
      {
        "Node Type": "Aggregate",
        "Strategy": "Sorted",
        "Partial Mode": "Finalize",
        "Parent Relationship": "Outer",
        "Parallel Aware": False,
        "Startup Cost": 89347.43,
        "Total Cost": 89445.04,
        "Plan Rows": 200,
        "Plan Width": 72,
        "Actual Startup Time": 6835.514,
        "Actual Total Time": 6835.514,
        "Actual Rows": 1,
        "Actual Loops": 1,
        "Group Key": [
          "orders.o_orderpriority"
        ],
        "Shared Hit Blocks": 56889,
        "Shared Read Blocks": 29610,
        "Shared Dirtied Blocks": 0,
        "Shared Written Blocks": 0,
        "Local Hit Blocks": 0,
        "Local Read Blocks": 0,
        "Local Dirtied Blocks": 0,
        "Local Written Blocks": 0,
        "Temp Read Blocks": 0,
        "Temp Written Blocks": 0,
        "Plans": [
          {
            "Node Type": "Gather Merge",
            "Parent Relationship": "Outer",
            "Parallel Aware": False,
            "Startup Cost": 89347.43,
            "Total Cost": 89441.04,
            "Plan Rows": 400,
            "Plan Width": 72,
            "Actual Startup Time": 6829.76,
            "Actual Total Time": 6859.331,
            "Actual Rows": 4,
            "Actual Loops": 1,
            "Workers Planned": 2,
            "Workers Launched": 2,
            "Shared Hit Blocks": 167096,
            "Shared Read Blocks": 87376,
            "Shared Dirtied Blocks": 0,
            "Shared Written Blocks": 0,
            "Local Hit Blocks": 0,
            "Local Read Blocks": 0,
            "Local Dirtied Blocks": 0,
            "Local Written Blocks": 0,
            "Temp Read Blocks": 0,
            "Temp Written Blocks": 0,
            "Plans": [
              {
                "Node Type": "Aggregate",
                "Strategy": "Sorted",
                "Partial Mode": "Partial",
                "Parent Relationship": "Outer",
                "Parallel Aware": False,
                "Startup Cost": 88347.4,
                "Total Cost": 88394.85,
                "Plan Rows": 200,
                "Plan Width": 72,
                "Actual Startup Time": 6771.403,
                "Actual Total Time": 6778.886,
                "Actual Rows": 3,
                "Actual Loops": 3,
                "Group Key": [
                  "orders.o_orderpriority"
                ],
                "Shared Hit Blocks": 167096,
                "Shared Read Blocks": 87376,
                "Shared Dirtied Blocks": 0,
                "Shared Written Blocks": 0,
                "Local Hit Blocks": 0,
                "Local Read Blocks": 0,
                "Local Dirtied Blocks": 0,
                "Local Written Blocks": 0,
                "Temp Read Blocks": 0,
                "Temp Written Blocks": 0,
                "Plans": [
                  {
                    "Node Type": "Sort",
                    "Parent Relationship": "Outer",
                    "Parallel Aware": False,
                    "Startup Cost": 88347.4,
                    "Total Cost": 88362.55,
                    "Plan Rows": 6059,
                    "Plan Width": 64,
                    "Actual Startup Time": 6769.453,
                    "Actual Total Time": 6772.258,
                    "Actual Rows": 11554,
                    "Actual Loops": 3,
                    "Sort Key": [
                      "orders.o_orderpriority"
                    ],
                    "Sort Method": "quicksort",
                    "Sort Space Used": 1600,
                    "Sort Space Type": "Memory",
                    "Workers": [
                      {
                        "Worker Number": 0,
                        "Sort Method": "quicksort",
                        "Sort Space Used": 1577,
                        "Sort Space Type": "Memory"
                      },
                      {
                        "Worker Number": 1,
                        "Sort Method": "quicksort",
                        "Sort Space Used": 1574,
                        "Sort Space Type": "Memory"
                      }
                    ],
                    "Shared Hit Blocks": 167096,
                    "Shared Read Blocks": 87376,
                    "Shared Dirtied Blocks": 0,
                    "Shared Written Blocks": 0,
                    "Local Hit Blocks": 0,
                    "Local Read Blocks": 0,
                    "Local Dirtied Blocks": 0,
                    "Local Written Blocks": 0,
                    "Temp Read Blocks": 0,
                    "Temp Written Blocks": 0,
                    "Plans": [
                      {
                        "Node Type": "Nested Loop",
                        "Parent Relationship": "Outer",
                        "Parallel Aware": False,
                        "Join Type": "Semi",
                        "Startup Cost": 0.43,
                        "Total Cost": 87966.75,
                        "Plan Rows": 6059,
                        "Plan Width": 64,
                        "Actual Startup Time": 1.316,
                        "Actual Total Time": 6627.569,
                        "Actual Rows": 17388,
                        "Actual Loops": 3,
                        "Inner Unique": False,
                        "Shared Hit Blocks": 167084,
                        "Shared Read Blocks": 87374,
                        "Shared Dirtied Blocks": 0,
                        "Shared Written Blocks": 0,
                        "Local Hit Blocks": 0,
                        "Local Read Blocks": 0,
                        "Local Dirtied Blocks": 0,
                        "Local Written Blocks": 0,
                        "Temp Read Blocks": 0,
                        "Temp Written Blocks": 0,
                        "Plans": [
                          {
                            "Node Type": "Seq Scan",
                            "Parent Relationship": "Outer",
                            "Parallel Aware": True,
                            "Relation Name": "orders",
                            "Alias": "orders",
                            "Startup Cost": 0,
                            "Total Cost": 35470,
                            "Plan Rows": 23751,
                            "Plan Width": 68,
                            "Actual Startup Time": 0.571,
                            "Actual Total Time": 776.447,
                            "Actual Rows": 18988,
                            "Actual Loops": 3,
                            "Filter": "((o_orderdate >= '1996-03-01'::date) AND (o_orderdate < '1996-06-01 00:00:00'::timestamp without time zone))",
                            "Rows Removed by Filter": 481012,
                            "Shared Hit Blocks": 1,
                            "Shared Read Blocks": 26094,
                            "Shared Dirtied Blocks": 0,
                            "Shared Written Blocks": 0,
                            "Local Hit Blocks": 0,
                            "Local Read Blocks": 0,
                            "Local Dirtied Blocks": 0,
                            "Local Written Blocks": 0,
                            "Temp Read Blocks": 0,
                            "Temp Written Blocks": 0
                          },
                          {
                            "Node Type": "Index Scan",
                            "Parent Relationship": "Inner",
                            "Parallel Aware": False,
                            "Scan Direction": "Forward",
                            "Index Name": "\"LineItem_pkey\"",
                            "Relation Name": "lineitem",
                            "Alias": "lineitem",
                            "Startup Cost": 0.43,
                            "Total Cost": 8.11,
                            "Plan Rows": 5,
                            "Plan Width": 4,
                            "Actual Startup Time": 0.297,
                            "Actual Total Time": 0.297,
                            "Actual Rows": 1,
                            "Actual Loops": 56965,
                            "Index Cond": "(l_orderkey = orders.o_orderkey)",
                            "Rows Removed by Index Recheck": 0,
                            "Filter": "(l_commitdate < l_receiptdate)",
                            "Rows Removed by Filter": 1,
                            "Shared Hit Blocks": 167083,
                            "Shared Read Blocks": 61280,
                            "Shared Dirtied Blocks": 0,
                            "Shared Written Blocks": 0,
                            "Local Hit Blocks": 0,
                            "Local Read Blocks": 0,
                            "Local Dirtied Blocks": 0,
                            "Local Written Blocks": 0,
                            "Temp Read Blocks": 0,
                            "Temp Written Blocks": 0
                          }
                        ]
                      }
                    ]
                  }
                ]
              }
            ]
          }
        ]
      }
    ]
  },
  "Planning Time": 6.517,
  "Triggers": [],
  "Execution Time": 6861.1
}

q5 = {
  "Plan": {
    "Node Type": "Limit",
    "Parallel Aware": False,
    "Startup Cost": 43728.17,
    "Total Cost": 43728.17,
    "Plan Rows": 1,
    "Plan Width": 136,
    "Actual Startup Time": 7458.657,
    "Actual Total Time": 7486.401,
    "Actual Rows": 1,
    "Actual Loops": 1,
    "Shared Hit Blocks": 130752,
    "Shared Read Blocks": 84902,
    "Shared Dirtied Blocks": 0,
    "Shared Written Blocks": 0,
    "Local Hit Blocks": 0,
    "Local Read Blocks": 0,
    "Local Dirtied Blocks": 0,
    "Local Written Blocks": 0,
    "Temp Read Blocks": 0,
    "Temp Written Blocks": 0,
    "Plans": [
      {
        "Node Type": "Sort",
        "Parent Relationship": "Outer",
        "Parallel Aware": False,
        "Startup Cost": 43728.17,
        "Total Cost": 43728.6,
        "Plan Rows": 170,
        "Plan Width": 136,
        "Actual Startup Time": 7458.656,
        "Actual Total Time": 7458.656,
        "Actual Rows": 1,
        "Actual Loops": 1,
        "Sort Key": [
          "(sum((lineitem.l_extendedprice * ('1'::numeric - lineitem.l_discount)))) DESC"
        ],
        "Sort Method": "top-N heapsort",
        "Sort Space Used": 25,
        "Sort Space Type": "Memory",
        "Shared Hit Blocks": 45698,
        "Shared Read Blocks": 30449,
        "Shared Dirtied Blocks": 0,
        "Shared Written Blocks": 0,
        "Local Hit Blocks": 0,
        "Local Read Blocks": 0,
        "Local Dirtied Blocks": 0,
        "Local Written Blocks": 0,
        "Temp Read Blocks": 0,
        "Temp Written Blocks": 0,
        "Plans": [
          {
            "Node Type": "Aggregate",
            "Strategy": "Sorted",
            "Partial Mode": "Finalize",
            "Parent Relationship": "Outer",
            "Parallel Aware": False,
            "Startup Cost": 43700.82,
            "Total Cost": 43727.32,
            "Plan Rows": 170,
            "Plan Width": 136,
            "Actual Startup Time": 7453.271,
            "Actual Total Time": 7458.612,
            "Actual Rows": 5,
            "Actual Loops": 1,
            "Group Key": [
              "nation.n_name"
            ],
            "Shared Hit Blocks": 45698,
            "Shared Read Blocks": 30449,
            "Shared Dirtied Blocks": 0,
            "Shared Written Blocks": 0,
            "Local Hit Blocks": 0,
            "Local Read Blocks": 0,
            "Local Dirtied Blocks": 0,
            "Local Written Blocks": 0,
            "Temp Read Blocks": 0,
            "Temp Written Blocks": 0,
            "Plans": [
              {
                "Node Type": "Gather Merge",
                "Parent Relationship": "Outer",
                "Parallel Aware": False,
                "Startup Cost": 43700.82,
                "Total Cost": 43723.85,
                "Plan Rows": 180,
                "Plan Width": 136,
                "Actual Startup Time": 7447.85,
                "Actual Total Time": 7486.115,
                "Actual Rows": 15,
                "Actual Loops": 1,
                "Workers Planned": 2,
                "Workers Launched": 2,
                "Shared Hit Blocks": 130752,
                "Shared Read Blocks": 84902,
                "Shared Dirtied Blocks": 0,
                "Shared Written Blocks": 0,
                "Local Hit Blocks": 0,
                "Local Read Blocks": 0,
                "Local Dirtied Blocks": 0,
                "Local Written Blocks": 0,
                "Temp Read Blocks": 0,
                "Temp Written Blocks": 0,
                "Plans": [
                  {
                    "Node Type": "Aggregate",
                    "Strategy": "Sorted",
                    "Partial Mode": "Partial",
                    "Parent Relationship": "Outer",
                    "Parallel Aware": False,
                    "Startup Cost": 42700.8,
                    "Total Cost": 42703.05,
                    "Plan Rows": 90,
                    "Plan Width": 136,
                    "Actual Startup Time": 7357.216,
                    "Actual Total Time": 7367.665,
                    "Actual Rows": 5,
                    "Actual Loops": 3,
                    "Group Key": [
                      "nation.n_name"
                    ],
                    "Shared Hit Blocks": 130752,
                    "Shared Read Blocks": 84902,
                    "Shared Dirtied Blocks": 0,
                    "Shared Written Blocks": 0,
                    "Local Hit Blocks": 0,
                    "Local Read Blocks": 0,
                    "Local Dirtied Blocks": 0,
                    "Local Written Blocks": 0,
                    "Temp Read Blocks": 0,
                    "Temp Written Blocks": 0,
                    "Plans": [
                      {
                        "Node Type": "Sort",
                        "Parent Relationship": "Outer",
                        "Parallel Aware": False,
                        "Startup Cost": 42700.8,
                        "Total Cost": 42701.02,
                        "Plan Rows": 90,
                        "Plan Width": 116,
                        "Actual Startup Time": 7352.335,
                        "Actual Total Time": 7353.553,
                        "Actual Rows": 2456,
                        "Actual Loops": 3,
                        "Sort Key": [
                          "nation.n_name"
                        ],
                        "Sort Method": "quicksort",
                        "Sort Space Used": 295,
                        "Sort Space Type": "Memory",
                        "Workers": [
                          {
                            "Worker Number": 0,
                            "Sort Method": "quicksort",
                            "Sort Space Used": 283,
                            "Sort Space Type": "Memory"
                          },
                          {
                            "Worker Number": 1,
                            "Sort Method": "quicksort",
                            "Sort Space Used": 287,
                            "Sort Space Type": "Memory"
                          }
                        ],
                        "Shared Hit Blocks": 130752,
                        "Shared Read Blocks": 84902,
                        "Shared Dirtied Blocks": 0,
                        "Shared Written Blocks": 0,
                        "Local Hit Blocks": 0,
                        "Local Read Blocks": 0,
                        "Local Dirtied Blocks": 0,
                        "Local Written Blocks": 0,
                        "Temp Read Blocks": 0,
                        "Temp Written Blocks": 0,
                        "Plans": [
                          {
                            "Node Type": "Hash Join",
                            "Parent Relationship": "Outer",
                            "Parallel Aware": False,
                            "Join Type": "Inner",
                            "Startup Cost": 4949.39,
                            "Total Cost": 42697.87,
                            "Plan Rows": 90,
                            "Plan Width": 116,
                            "Actual Startup Time": 352.175,
                            "Actual Total Time": 7308.258,
                            "Actual Rows": 2456,
                            "Actual Loops": 3,
                            "Inner Unique": True,
                            "Hash Cond": "((lineitem.l_suppkey = supplier.s_suppkey) AND (customer.c_nationkey = supplier.s_nationkey))",
                            "Shared Hit Blocks": 130740,
                            "Shared Read Blocks": 84900,
                            "Shared Dirtied Blocks": 0,
                            "Shared Written Blocks": 0,
                            "Local Hit Blocks": 0,
                            "Local Read Blocks": 0,
                            "Local Dirtied Blocks": 0,
                            "Local Written Blocks": 0,
                            "Temp Read Blocks": 0,
                            "Temp Written Blocks": 0,
                            "Plans": [
                              {
                                "Node Type": "Nested Loop",
                                "Parent Relationship": "Outer",
                                "Parallel Aware": False,
                                "Join Type": "Inner",
                                "Startup Cost": 4477.39,
                                "Total Cost": 42214.06,
                                "Plan Rows": 2250,
                                "Plan Width": 128,
                                "Actual Startup Time": 310.242,
                                "Actual Total Time": 7099.042,
                                "Actual Rows": 60955,
                                "Actual Loops": 3,
                                "Inner Unique": False,
                                "Shared Hit Blocks": 130271,
                                "Shared Read Blocks": 84675,
                                "Shared Dirtied Blocks": 0,
                                "Shared Written Blocks": 0,
                                "Local Hit Blocks": 0,
                                "Local Read Blocks": 0,
                                "Local Dirtied Blocks": 0,
                                "Local Written Blocks": 0,
                                "Temp Read Blocks": 0,
                                "Temp Written Blocks": 0,
                                "Plans": [
                                  {
                                    "Node Type": "Hash Join",
                                    "Parent Relationship": "Outer",
                                    "Parallel Aware": True,
                                    "Join Type": "Inner",
                                    "Startup Cost": 4476.96,
                                    "Total Cost": 40307.76,
                                    "Plan Rows": 562,
                                    "Plan Width": 116,
                                    "Actual Startup Time": 309.913,
                                    "Actual Total Time": 1365.489,
                                    "Actual Rows": 15210,
                                    "Actual Loops": 3,
                                    "Inner Unique": False,
                                    "Hash Cond": "(orders.o_custkey = customer.c_custkey)",
                                    "Shared Hit Blocks": 7,
                                    "Shared Read Blocks": 29679,
                                    "Shared Dirtied Blocks": 0,
                                    "Shared Written Blocks": 0,
                                    "Local Hit Blocks": 0,
                                    "Local Read Blocks": 0,
                                    "Local Dirtied Blocks": 0,
                                    "Local Written Blocks": 0,
                                    "Temp Read Blocks": 0,
                                    "Temp Written Blocks": 0,
                                    "Plans": [
                                      {
                                        "Node Type": "Seq Scan",
                                        "Parent Relationship": "Outer",
                                        "Parallel Aware": True,
                                        "Relation Name": "orders",
                                        "Alias": "orders",
                                        "Startup Cost": 0,
                                        "Total Cost": 35470,
                                        "Plan Rows": 95585,
                                        "Plan Width": 8,
                                        "Actual Startup Time": 0.135,
                                        "Actual Total Time": 846.962,
                                        "Actual Rows": 76212,
                                        "Actual Loops": 3,
                                        "Filter": "((o_orderdate >= '1995-01-01'::date) AND (o_orderdate < '1996-01-01 00:00:00'::timestamp without time zone))",
                                        "Rows Removed by Filter": 423788,
                                        "Shared Hit Blocks": 1,
                                        "Shared Read Blocks": 26094,
                                        "Shared Dirtied Blocks": 0,
                                        "Shared Written Blocks": 0,
                                        "Local Hit Blocks": 0,
                                        "Local Read Blocks": 0,
                                        "Local Dirtied Blocks": 0,
                                        "Local Written Blocks": 0,
                                        "Temp Read Blocks": 0,
                                        "Temp Written Blocks": 0
                                      },
                                      {
                                        "Node Type": "Hash",
                                        "Parent Relationship": "Inner",
                                        "Parallel Aware": True,
                                        "Startup Cost": 4472.36,
                                        "Total Cost": 4472.36,
                                        "Plan Rows": 368,
                                        "Plan Width": 116,
                                        "Actual Startup Time": 309.657,
                                        "Actual Total Time": 309.658,
                                        "Actual Rows": 9984,
                                        "Actual Loops": 3,
                                        "Hash Buckets": 32768,
                                        "Original Hash Buckets": 1024,
                                        "Hash Batches": 1,
                                        "Original Hash Batches": 1,
                                        "Peak Memory Usage": 2680,
                                        "Shared Hit Blocks": 6,
                                        "Shared Read Blocks": 3585,
                                        "Shared Dirtied Blocks": 0,
                                        "Shared Written Blocks": 0,
                                        "Local Hit Blocks": 0,
                                        "Local Read Blocks": 0,
                                        "Local Dirtied Blocks": 0,
                                        "Local Written Blocks": 0,
                                        "Temp Read Blocks": 0,
                                        "Temp Written Blocks": 0,
                                        "Plans": [
                                          {
                                            "Node Type": "Hash Join",
                                            "Parent Relationship": "Outer",
                                            "Parallel Aware": False,
                                            "Join Type": "Inner",
                                            "Startup Cost": 24.31,
                                            "Total Cost": 4472.36,
                                            "Plan Rows": 368,
                                            "Plan Width": 116,
                                            "Actual Startup Time": 24.528,
                                            "Actual Total Time": 198.938,
                                            "Actual Rows": 9984,
                                            "Actual Loops": 3,
                                            "Inner Unique": False,
                                            "Hash Cond": "(customer.c_nationkey = nation.n_nationkey)",
                                            "Shared Hit Blocks": 6,
                                            "Shared Read Blocks": 3585,
                                            "Shared Dirtied Blocks": 0,
                                            "Shared Written Blocks": 0,
                                            "Local Hit Blocks": 0,
                                            "Local Read Blocks": 0,
                                            "Local Dirtied Blocks": 0,
                                            "Local Written Blocks": 0,
                                            "Temp Read Blocks": 0,
                                            "Temp Written Blocks": 0,
                                            "Plans": [
                                              {
                                                "Node Type": "Seq Scan",
                                                "Parent Relationship": "Outer",
                                                "Parallel Aware": True,
                                                "Relation Name": "customer",
                                                "Alias": "customer",
                                                "Startup Cost": 0,
                                                "Total Cost": 4210,
                                                "Plan Rows": 62500,
                                                "Plan Width": 8,
                                                "Actual Startup Time": 0.399,
                                                "Actual Total Time": 133.653,
                                                "Actual Rows": 50000,
                                                "Actual Loops": 3,
                                                "Shared Hit Blocks": 2,
                                                "Shared Read Blocks": 3583,
                                                "Shared Dirtied Blocks": 0,
                                                "Shared Written Blocks": 0,
                                                "Local Hit Blocks": 0,
                                                "Local Read Blocks": 0,
                                                "Local Dirtied Blocks": 0,
                                                "Local Written Blocks": 0,
                                                "Temp Read Blocks": 0,
                                                "Temp Written Blocks": 0
                                              },
                                              {
                                                "Node Type": "Hash",
                                                "Parent Relationship": "Inner",
                                                "Parallel Aware": False,
                                                "Startup Cost": 24.29,
                                                "Total Cost": 24.29,
                                                "Plan Rows": 1,
                                                "Plan Width": 108,
                                                "Actual Startup Time": 24.036,
                                                "Actual Total Time": 24.037,
                                                "Actual Rows": 5,
                                                "Actual Loops": 3,
                                                "Hash Buckets": 1024,
                                                "Original Hash Buckets": 1024,
                                                "Hash Batches": 1,
                                                "Original Hash Batches": 1,
                                                "Peak Memory Usage": 9,
                                                "Shared Hit Blocks": 4,
                                                "Shared Read Blocks": 2,
                                                "Shared Dirtied Blocks": 0,
                                                "Shared Written Blocks": 0,
                                                "Local Hit Blocks": 0,
                                                "Local Read Blocks": 0,
                                                "Local Dirtied Blocks": 0,
                                                "Local Written Blocks": 0,
                                                "Temp Read Blocks": 0,
                                                "Temp Written Blocks": 0,
                                                "Plans": [
                                                  {
                                                    "Node Type": "Hash Join",
                                                    "Parent Relationship": "Outer",
                                                    "Parallel Aware": False,
                                                    "Join Type": "Inner",
                                                    "Startup Cost": 12.14,
                                                    "Total Cost": 24.29,
                                                    "Plan Rows": 1,
                                                    "Plan Width": 108,
                                                    "Actual Startup Time": 23.795,
                                                    "Actual Total Time": 24.009,
                                                    "Actual Rows": 5,
                                                    "Actual Loops": 3,
                                                    "Inner Unique": True,
                                                    "Hash Cond": "(nation.n_regionkey = region.r_regionkey)",
                                                    "Shared Hit Blocks": 4,
                                                    "Shared Read Blocks": 2,
                                                    "Shared Dirtied Blocks": 0,
                                                    "Shared Written Blocks": 0,
                                                    "Local Hit Blocks": 0,
                                                    "Local Read Blocks": 0,
                                                    "Local Dirtied Blocks": 0,
                                                    "Local Written Blocks": 0,
                                                    "Temp Read Blocks": 0,
                                                    "Temp Written Blocks": 0,
                                                    "Plans": [
                                                      {
                                                        "Node Type": "Seq Scan",
                                                        "Parent Relationship": "Outer",
                                                        "Parallel Aware": False,
                                                        "Relation Name": "nation",
                                                        "Alias": "nation",
                                                        "Startup Cost": 0,
                                                        "Total Cost": 11.7,
                                                        "Plan Rows": 170,
                                                        "Plan Width": 112,
                                                        "Actual Startup Time": 1.302,
                                                        "Actual Total Time": 1.309,
                                                        "Actual Rows": 25,
                                                        "Actual Loops": 3,
                                                        "Shared Hit Blocks": 2,
                                                        "Shared Read Blocks": 1,
                                                        "Shared Dirtied Blocks": 0,
                                                        "Shared Written Blocks": 0,
                                                        "Local Hit Blocks": 0,
                                                        "Local Read Blocks": 0,
                                                        "Local Dirtied Blocks": 0,
                                                        "Local Written Blocks": 0,
                                                        "Temp Read Blocks": 0,
                                                        "Temp Written Blocks": 0
                                                      },
                                                      {
                                                        "Node Type": "Hash",
                                                        "Parent Relationship": "Inner",
                                                        "Parallel Aware": False,
                                                        "Startup Cost": 12.12,
                                                        "Total Cost": 12.12,
                                                        "Plan Rows": 1,
                                                        "Plan Width": 4,
                                                        "Actual Startup Time": 0.667,
                                                        "Actual Total Time": 0.668,
                                                        "Actual Rows": 1,
                                                        "Actual Loops": 3,
                                                        "Hash Buckets": 1024,
                                                        "Original Hash Buckets": 1024,
                                                        "Hash Batches": 1,
                                                        "Original Hash Batches": 1,
                                                        "Peak Memory Usage": 9,
                                                        "Shared Hit Blocks": 2,
                                                        "Shared Read Blocks": 1,
                                                        "Shared Dirtied Blocks": 0,
                                                        "Shared Written Blocks": 0,
                                                        "Local Hit Blocks": 0,
                                                        "Local Read Blocks": 0,
                                                        "Local Dirtied Blocks": 0,
                                                        "Local Written Blocks": 0,
                                                        "Temp Read Blocks": 0,
                                                        "Temp Written Blocks": 0,
                                                        "Plans": [
                                                          {
                                                            "Node Type": "Seq Scan",
                                                            "Parent Relationship": "Outer",
                                                            "Parallel Aware": False,
                                                            "Relation Name": "region",
                                                            "Alias": "region",
                                                            "Startup Cost": 0,
                                                            "Total Cost": 12.12,
                                                            "Plan Rows": 1,
                                                            "Plan Width": 4,
                                                            "Actual Startup Time": 0.201,
                                                            "Actual Total Time": 0.206,
                                                            "Actual Rows": 1,
                                                            "Actual Loops": 3,
                                                            "Filter": "(r_name = 'AMERICA'::bpchar)",
                                                            "Rows Removed by Filter": 4,
                                                            "Shared Hit Blocks": 2,
                                                            "Shared Read Blocks": 1,
                                                            "Shared Dirtied Blocks": 0,
                                                            "Shared Written Blocks": 0,
                                                            "Local Hit Blocks": 0,
                                                            "Local Read Blocks": 0,
                                                            "Local Dirtied Blocks": 0,
                                                            "Local Written Blocks": 0,
                                                            "Temp Read Blocks": 0,
                                                            "Temp Written Blocks": 0
                                                          }
                                                        ]
                                                      }
                                                    ]
                                                  }
                                                ]
                                              }
                                            ]
                                          }
                                        ]
                                      }
                                    ]
                                  },
                                  {
                                    "Node Type": "Index Scan",
                                    "Parent Relationship": "Inner",
                                    "Parallel Aware": False,
                                    "Scan Direction": "Forward",
                                    "Index Name": "\"LineItem_pkey\"",
                                    "Relation Name": "lineitem",
                                    "Alias": "lineitem",
                                    "Startup Cost": 0.43,
                                    "Total Cost": 3.23,
                                    "Plan Rows": 16,
                                    "Plan Width": 20,
                                    "Actual Startup Time": 0.331,
                                    "Actual Total Time": 0.359,
                                    "Actual Rows": 4,
                                    "Actual Loops": 45630,
                                    "Index Cond": "(l_orderkey = orders.o_orderkey)",
                                    "Rows Removed by Index Recheck": 0,
                                    "Shared Hit Blocks": 130264,
                                    "Shared Read Blocks": 54996,
                                    "Shared Dirtied Blocks": 0,
                                    "Shared Written Blocks": 0,
                                    "Local Hit Blocks": 0,
                                    "Local Read Blocks": 0,
                                    "Local Dirtied Blocks": 0,
                                    "Local Written Blocks": 0,
                                    "Temp Read Blocks": 0,
                                    "Temp Written Blocks": 0
                                  }
                                ]
                              },
                              {
                                "Node Type": "Hash",
                                "Parent Relationship": "Inner",
                                "Parallel Aware": False,
                                "Startup Cost": 322,
                                "Total Cost": 322,
                                "Plan Rows": 10000,
                                "Plan Width": 8,
                                "Actual Startup Time": 39.526,
                                "Actual Total Time": 39.527,
                                "Actual Rows": 10000,
                                "Actual Loops": 3,
                                "Hash Buckets": 16384,
                                "Original Hash Buckets": 16384,
                                "Hash Batches": 1,
                                "Original Hash Batches": 1,
                                "Peak Memory Usage": 519,
                                "Shared Hit Blocks": 446,
                                "Shared Read Blocks": 220,
                                "Shared Dirtied Blocks": 0,
                                "Shared Written Blocks": 0,
                                "Local Hit Blocks": 0,
                                "Local Read Blocks": 0,
                                "Local Dirtied Blocks": 0,
                                "Local Written Blocks": 0,
                                "Temp Read Blocks": 0,
                                "Temp Written Blocks": 0,
                                "Plans": [
                                  {
                                    "Node Type": "Seq Scan",
                                    "Parent Relationship": "Outer",
                                    "Parallel Aware": False,
                                    "Relation Name": "supplier",
                                    "Alias": "supplier",
                                    "Startup Cost": 0,
                                    "Total Cost": 322,
                                    "Plan Rows": 10000,
                                    "Plan Width": 8,
                                    "Actual Startup Time": 0.265,
                                    "Actual Total Time": 20.444,
                                    "Actual Rows": 10000,
                                    "Actual Loops": 3,
                                    "Shared Hit Blocks": 446,
                                    "Shared Read Blocks": 220,
                                    "Shared Dirtied Blocks": 0,
                                    "Shared Written Blocks": 0,
                                    "Local Hit Blocks": 0,
                                    "Local Read Blocks": 0,
                                    "Local Dirtied Blocks": 0,
                                    "Local Written Blocks": 0,
                                    "Temp Read Blocks": 0,
                                    "Temp Written Blocks": 0
                                  }
                                ]
                              }
                            ]
                          }
                        ]
                      }
                    ]
                  }
                ]
              }
            ]
          }
        ]
      }
    ]
  },
  "Planning Time": 25.419,
  "Triggers": [],
  "Execution Time": 7487.126
}

q6 = {
  "Plan": {
    "Node Type": "Limit",
    "Parallel Aware": False,
    "Startup Cost": 169070.88,
    "Total Cost": 169070.89,
    "Plan Rows": 1,
    "Plan Width": 32,
    "Actual Startup Time": 10390.479,
    "Actual Total Time": 10395.842,
    "Actual Rows": 1,
    "Actual Loops": 1,
    "Shared Hit Blocks": 9596,
    "Shared Read Blocks": 101970,
    "Shared Dirtied Blocks": 0,
    "Shared Written Blocks": 0,
    "Local Hit Blocks": 0,
    "Local Read Blocks": 0,
    "Local Dirtied Blocks": 0,
    "Local Written Blocks": 0,
    "Temp Read Blocks": 0,
    "Temp Written Blocks": 0,
    "Plans": [
      {
        "Node Type": "Aggregate",
        "Strategy": "Plain",
        "Partial Mode": "Finalize",
        "Parent Relationship": "Outer",
        "Parallel Aware": False,
        "Startup Cost": 169070.88,
        "Total Cost": 169070.89,
        "Plan Rows": 1,
        "Plan Width": 32,
        "Actual Startup Time": 10390.477,
        "Actual Total Time": 10390.477,
        "Actual Rows": 1,
        "Actual Loops": 1,
        "Shared Hit Blocks": 9596,
        "Shared Read Blocks": 101970,
        "Shared Dirtied Blocks": 0,
        "Shared Written Blocks": 0,
        "Local Hit Blocks": 0,
        "Local Read Blocks": 0,
        "Local Dirtied Blocks": 0,
        "Local Written Blocks": 0,
        "Temp Read Blocks": 0,
        "Temp Written Blocks": 0,
        "Plans": [
          {
            "Node Type": "Gather",
            "Parent Relationship": "Outer",
            "Parallel Aware": False,
            "Startup Cost": 169070.66,
            "Total Cost": 169070.87,
            "Plan Rows": 2,
            "Plan Width": 32,
            "Actual Startup Time": 10376.18,
            "Actual Total Time": 10395.8,
            "Actual Rows": 3,
            "Actual Loops": 1,
            "Workers Planned": 2,
            "Workers Launched": 2,
            "Single Copy": False,
            "Shared Hit Blocks": 9596,
            "Shared Read Blocks": 101970,
            "Shared Dirtied Blocks": 0,
            "Shared Written Blocks": 0,
            "Local Hit Blocks": 0,
            "Local Read Blocks": 0,
            "Local Dirtied Blocks": 0,
            "Local Written Blocks": 0,
            "Temp Read Blocks": 0,
            "Temp Written Blocks": 0,
            "Plans": [
              {
                "Node Type": "Aggregate",
                "Strategy": "Plain",
                "Partial Mode": "Partial",
                "Parent Relationship": "Outer",
                "Parallel Aware": False,
                "Startup Cost": 168070.66,
                "Total Cost": 168070.67,
                "Plan Rows": 1,
                "Plan Width": 32,
                "Actual Startup Time": 10342.942,
                "Actual Total Time": 10342.943,
                "Actual Rows": 1,
                "Actual Loops": 3,
                "Shared Hit Blocks": 9596,
                "Shared Read Blocks": 101970,
                "Shared Dirtied Blocks": 0,
                "Shared Written Blocks": 0,
                "Local Hit Blocks": 0,
                "Local Read Blocks": 0,
                "Local Dirtied Blocks": 0,
                "Local Written Blocks": 0,
                "Temp Read Blocks": 0,
                "Temp Written Blocks": 0,
                "Plans": [
                  {
                    "Node Type": "Seq Scan",
                    "Parent Relationship": "Outer",
                    "Parallel Aware": True,
                    "Relation Name": "lineitem",
                    "Alias": "lineitem",
                    "Startup Cost": 0,
                    "Total Cost": 167830.19,
                    "Plan Rows": 48092,
                    "Plan Width": 12,
                    "Actual Startup Time": 1.55,
                    "Actual Total Time": 10114.465,
                    "Actual Rows": 38182,
                    "Actual Loops": 3,
                    "Filter": "((l_shipdate >= '1995-01-01'::date) AND (l_shipdate < '1996-01-01 00:00:00'::timestamp without time zone) AND (l_discount >= 0.08) AND (l_discount <= 0.10) AND (l_quantity < '24'::numeric))",
                    "Rows Removed by Filter": 1962223,
                    "Shared Hit Blocks": 9596,
                    "Shared Read Blocks": 101970,
                    "Shared Dirtied Blocks": 0,
                    "Shared Written Blocks": 0,
                    "Local Hit Blocks": 0,
                    "Local Read Blocks": 0,
                    "Local Dirtied Blocks": 0,
                    "Local Written Blocks": 0,
                    "Temp Read Blocks": 0,
                    "Temp Written Blocks": 0
                  }
                ]
              }
            ]
          }
        ]
      }
    ]
  },
  "Planning Time": 0.668,
  "Triggers": [],
  "Execution Time": 10396.012
}

q7 = {
  "Plan": {
    "Node Type": "Limit",
    "Parallel Aware": False,
    "Startup Cost": 49548.11,
    "Total Cost": 49548.24,
    "Plan Rows": 1,
    "Plan Width": 248,
    "Actual Startup Time": 10788.624,
    "Actual Total Time": 10819.863,
    "Actual Rows": 1,
    "Actual Loops": 1,
    "Shared Hit Blocks": 398897,
    "Shared Read Blocks": 124060,
    "Shared Dirtied Blocks": 0,
    "Shared Written Blocks": 0,
    "Local Hit Blocks": 0,
    "Local Read Blocks": 0,
    "Local Dirtied Blocks": 0,
    "Local Written Blocks": 0,
    "Temp Read Blocks": 0,
    "Temp Written Blocks": 0,
    "Plans": [
      {
        "Node Type": "Aggregate",
        "Strategy": "Sorted",
        "Partial Mode": "Finalize",
        "Parent Relationship": "Outer",
        "Parallel Aware": False,
        "Startup Cost": 49548.11,
        "Total Cost": 49565.76,
        "Plan Rows": 128,
        "Plan Width": 248,
        "Actual Startup Time": 10788.621,
        "Actual Total Time": 10788.621,
        "Actual Rows": 1,
        "Actual Loops": 1,
        "Group Key": [
          "n1.n_name",
          "n2.n_name",
          "(date_part('year'::text, (lineitem.l_shipdate)::timestamp without time zone))"
        ],
        "Shared Hit Blocks": 136662,
        "Shared Read Blocks": 42518,
        "Shared Dirtied Blocks": 0,
        "Shared Written Blocks": 0,
        "Local Hit Blocks": 0,
        "Local Read Blocks": 0,
        "Local Dirtied Blocks": 0,
        "Local Written Blocks": 0,
        "Temp Read Blocks": 0,
        "Temp Written Blocks": 0,
        "Plans": [
          {
            "Node Type": "Gather Merge",
            "Parent Relationship": "Outer",
            "Parallel Aware": False,
            "Startup Cost": 49548.11,
            "Total Cost": 49562.2,
            "Plan Rows": 106,
            "Plan Width": 248,
            "Actual Startup Time": 10787.277,
            "Actual Total Time": 10819.821,
            "Actual Rows": 4,
            "Actual Loops": 1,
            "Workers Planned": 2,
            "Workers Launched": 2,
            "Shared Hit Blocks": 398897,
            "Shared Read Blocks": 124060,
            "Shared Dirtied Blocks": 0,
            "Shared Written Blocks": 0,
            "Local Hit Blocks": 0,
            "Local Read Blocks": 0,
            "Local Dirtied Blocks": 0,
            "Local Written Blocks": 0,
            "Temp Read Blocks": 0,
            "Temp Written Blocks": 0,
            "Plans": [
              {
                "Node Type": "Aggregate",
                "Strategy": "Sorted",
                "Partial Mode": "Partial",
                "Parent Relationship": "Outer",
                "Parallel Aware": False,
                "Startup Cost": 48548.08,
                "Total Cost": 48549.94,
                "Plan Rows": 53,
                "Plan Width": 248,
                "Actual Startup Time": 10767.209,
                "Actual Total Time": 10771.356,
                "Actual Rows": 3,
                "Actual Loops": 3,
                "Group Key": [
                  "n1.n_name",
                  "n2.n_name",
                  "(date_part('year'::text, (lineitem.l_shipdate)::timestamp without time zone))"
                ],
                "Shared Hit Blocks": 398897,
                "Shared Read Blocks": 124060,
                "Shared Dirtied Blocks": 0,
                "Shared Written Blocks": 0,
                "Local Hit Blocks": 0,
                "Local Read Blocks": 0,
                "Local Dirtied Blocks": 0,
                "Local Written Blocks": 0,
                "Temp Read Blocks": 0,
                "Temp Written Blocks": 0,
                "Plans": [
                  {
                    "Node Type": "Sort",
                    "Parent Relationship": "Outer",
                    "Parallel Aware": False,
                    "Startup Cost": 48548.08,
                    "Total Cost": 48548.21,
                    "Plan Rows": 53,
                    "Plan Width": 228,
                    "Actual Startup Time": 10765.495,
                    "Actual Total Time": 10765.864,
                    "Actual Rows": 1674,
                    "Actual Loops": 3,
                    "Sort Key": [
                      "n1.n_name",
                      "n2.n_name",
                      "(date_part('year'::text, (lineitem.l_shipdate)::timestamp without time zone))"
                    ],
                    "Sort Method": "quicksort",
                    "Sort Space Used": 392,
                    "Sort Space Type": "Memory",
                    "Workers": [
                      {
                        "Worker Number": 0,
                        "Sort Method": "quicksort",
                        "Sort Space Used": 317,
                        "Sort Space Type": "Memory"
                      },
                      {
                        "Worker Number": 1,
                        "Sort Method": "quicksort",
                        "Sort Space Used": 389,
                        "Sort Space Type": "Memory"
                      }
                    ],
                    "Shared Hit Blocks": 398897,
                    "Shared Read Blocks": 124060,
                    "Shared Dirtied Blocks": 0,
                    "Shared Written Blocks": 0,
                    "Local Hit Blocks": 0,
                    "Local Read Blocks": 0,
                    "Local Dirtied Blocks": 0,
                    "Local Written Blocks": 0,
                    "Temp Read Blocks": 0,
                    "Temp Written Blocks": 0,
                    "Plans": [
                      {
                        "Node Type": "Hash Join",
                        "Parent Relationship": "Outer",
                        "Parallel Aware": False,
                        "Join Type": "Inner",
                        "Startup Cost": 4763.31,
                        "Total Cost": 48546.56,
                        "Plan Rows": 53,
                        "Plan Width": 228,
                        "Actual Startup Time": 528.862,
                        "Actual Total Time": 10736.268,
                        "Actual Rows": 2029,
                        "Actual Loops": 3,
                        "Inner Unique": False,
                        "Hash Cond": "(lineitem.l_suppkey = supplier.s_suppkey)",
                        "Join Filter": "(((n1.n_name = 'RUSSIA'::bpchar) AND (n2.n_name = 'INDIA'::bpchar)) OR ((n1.n_name = 'INDIA'::bpchar) AND (n2.n_name = 'RUSSIA'::bpchar)))",
                        "Rows Removed by Join Filter": 2028,
                        "Shared Hit Blocks": 398870,
                        "Shared Read Blocks": 124059,
                        "Shared Dirtied Blocks": 0,
                        "Shared Written Blocks": 0,
                        "Local Hit Blocks": 0,
                        "Local Read Blocks": 0,
                        "Local Dirtied Blocks": 0,
                        "Local Written Blocks": 0,
                        "Temp Read Blocks": 0,
                        "Temp Written Blocks": 0,
                        "Plans": [
                          {
                            "Node Type": "Nested Loop",
                            "Parent Relationship": "Outer",
                            "Parallel Aware": False,
                            "Join Type": "Inner",
                            "Startup Cost": 4400.35,
                            "Total Cost": 48147.47,
                            "Plan Rows": 9001,
                            "Plan Width": 124,
                            "Actual Startup Time": 510.5,
                            "Actual Total Time": 10569.602,
                            "Actual Rows": 49095,
                            "Actual Loops": 3,
                            "Inner Unique": False,
                            "Shared Hit Blocks": 398398,
                            "Shared Read Blocks": 123834,
                            "Shared Dirtied Blocks": 0,
                            "Shared Written Blocks": 0,
                            "Local Hit Blocks": 0,
                            "Local Read Blocks": 0,
                            "Local Dirtied Blocks": 0,
                            "Local Written Blocks": 0,
                            "Temp Read Blocks": 0,
                            "Temp Written Blocks": 0,
                            "Plans": [
                              {
                                "Node Type": "Hash Join",
                                "Parent Relationship": "Outer",
                                "Parallel Aware": True,
                                "Join Type": "Inner",
                                "Startup Cost": 4399.92,
                                "Total Cost": 39119.29,
                                "Plan Rows": 7353,
                                "Plan Width": 108,
                                "Actual Startup Time": 509.003,
                                "Actual Total Time": 2456.305,
                                "Actual Rows": 40441,
                                "Actual Loops": 3,
                                "Inner Unique": False,
                                "Hash Cond": "(orders.o_custkey = customer.c_custkey)",
                                "Shared Hit Blocks": 6,
                                "Shared Read Blocks": 29677,
                                "Shared Dirtied Blocks": 0,
                                "Shared Written Blocks": 0,
                                "Local Hit Blocks": 0,
                                "Local Read Blocks": 0,
                                "Local Dirtied Blocks": 0,
                                "Local Written Blocks": 0,
                                "Temp Read Blocks": 0,
                                "Temp Written Blocks": 0,
                                "Plans": [
                                  {
                                    "Node Type": "Seq Scan",
                                    "Parent Relationship": "Outer",
                                    "Parallel Aware": True,
                                    "Relation Name": "orders",
                                    "Alias": "orders",
                                    "Startup Cost": 0,
                                    "Total Cost": 32345,
                                    "Plan Rows": 625000,
                                    "Plan Width": 8,
                                    "Actual Startup Time": 0.239,
                                    "Actual Total Time": 871.056,
                                    "Actual Rows": 500000,
                                    "Actual Loops": 3,
                                    "Shared Hit Blocks": 1,
                                    "Shared Read Blocks": 26094,
                                    "Shared Dirtied Blocks": 0,
                                    "Shared Written Blocks": 0,
                                    "Local Hit Blocks": 0,
                                    "Local Read Blocks": 0,
                                    "Local Dirtied Blocks": 0,
                                    "Local Written Blocks": 0,
                                    "Temp Read Blocks": 0,
                                    "Temp Written Blocks": 0
                                  },
                                  {
                                    "Node Type": "Hash",
                                    "Parent Relationship": "Inner",
                                    "Parallel Aware": True,
                                    "Startup Cost": 4390.73,
                                    "Total Cost": 4390.73,
                                    "Plan Rows": 735,
                                    "Plan Width": 108,
                                    "Actual Startup Time": 508.358,
                                    "Actual Total Time": 508.358,
                                    "Actual Rows": 4040,
                                    "Actual Loops": 3,
                                    "Hash Buckets": 16384,
                                    "Original Hash Buckets": 2048,
                                    "Hash Batches": 1,
                                    "Original Hash Batches": 1,
                                    "Peak Memory Usage": 1040,
                                    "Shared Hit Blocks": 5,
                                    "Shared Read Blocks": 3583,
                                    "Shared Dirtied Blocks": 0,
                                    "Shared Written Blocks": 0,
                                    "Local Hit Blocks": 0,
                                    "Local Read Blocks": 0,
                                    "Local Dirtied Blocks": 0,
                                    "Local Written Blocks": 0,
                                    "Temp Read Blocks": 0,
                                    "Temp Written Blocks": 0,
                                    "Plans": [
                                      {
                                        "Node Type": "Hash Join",
                                        "Parent Relationship": "Outer",
                                        "Parallel Aware": False,
                                        "Join Type": "Inner",
                                        "Startup Cost": 12.58,
                                        "Total Cost": 4390.73,
                                        "Plan Rows": 735,
                                        "Plan Width": 108,
                                        "Actual Startup Time": 0.732,
                                        "Actual Total Time": 393.618,
                                        "Actual Rows": 4040,
                                        "Actual Loops": 3,
                                        "Inner Unique": True,
                                        "Hash Cond": "(customer.c_nationkey = n2.n_nationkey)",
                                        "Shared Hit Blocks": 5,
                                        "Shared Read Blocks": 3583,
                                        "Shared Dirtied Blocks": 0,
                                        "Shared Written Blocks": 0,
                                        "Local Hit Blocks": 0,
                                        "Local Read Blocks": 0,
                                        "Local Dirtied Blocks": 0,
                                        "Local Written Blocks": 0,
                                        "Temp Read Blocks": 0,
                                        "Temp Written Blocks": 0,
                                        "Plans": [
                                          {
                                            "Node Type": "Seq Scan",
                                            "Parent Relationship": "Outer",
                                            "Parallel Aware": True,
                                            "Relation Name": "customer",
                                            "Alias": "customer",
                                            "Startup Cost": 0,
                                            "Total Cost": 4210,
                                            "Plan Rows": 62500,
                                            "Plan Width": 8,
                                            "Actual Startup Time": 0.264,
                                            "Actual Total Time": 329.905,
                                            "Actual Rows": 50000,
                                            "Actual Loops": 3,
                                            "Shared Hit Blocks": 2,
                                            "Shared Read Blocks": 3583,
                                            "Shared Dirtied Blocks": 0,
                                            "Shared Written Blocks": 0,
                                            "Local Hit Blocks": 0,
                                            "Local Read Blocks": 0,
                                            "Local Dirtied Blocks": 0,
                                            "Local Written Blocks": 0,
                                            "Temp Read Blocks": 0,
                                            "Temp Written Blocks": 0
                                          },
                                          {
                                            "Node Type": "Hash",
                                            "Parent Relationship": "Inner",
                                            "Parallel Aware": False,
                                            "Startup Cost": 12.55,
                                            "Total Cost": 12.55,
                                            "Plan Rows": 2,
                                            "Plan Width": 108,
                                            "Actual Startup Time": 0.132,
                                            "Actual Total Time": 0.133,
                                            "Actual Rows": 2,
                                            "Actual Loops": 3,
                                            "Hash Buckets": 1024,
                                            "Original Hash Buckets": 1024,
                                            "Hash Batches": 1,
                                            "Original Hash Batches": 1,
                                            "Peak Memory Usage": 9,
                                            "Shared Hit Blocks": 3,
                                            "Shared Read Blocks": 0,
                                            "Shared Dirtied Blocks": 0,
                                            "Shared Written Blocks": 0,
                                            "Local Hit Blocks": 0,
                                            "Local Read Blocks": 0,
                                            "Local Dirtied Blocks": 0,
                                            "Local Written Blocks": 0,
                                            "Temp Read Blocks": 0,
                                            "Temp Written Blocks": 0,
                                            "Plans": [
                                              {
                                                "Node Type": "Seq Scan",
                                                "Parent Relationship": "Outer",
                                                "Parallel Aware": False,
                                                "Relation Name": "nation",
                                                "Alias": "n2",
                                                "Startup Cost": 0,
                                                "Total Cost": 12.55,
                                                "Plan Rows": 2,
                                                "Plan Width": 108,
                                                "Actual Startup Time": 0.039,
                                                "Actual Total Time": 0.052,
                                                "Actual Rows": 2,
                                                "Actual Loops": 3,
                                                "Filter": "((n_name = 'INDIA'::bpchar) OR (n_name = 'RUSSIA'::bpchar))",
                                                "Rows Removed by Filter": 23,
                                                "Shared Hit Blocks": 3,
                                                "Shared Read Blocks": 0,
                                                "Shared Dirtied Blocks": 0,
                                                "Shared Written Blocks": 0,
                                                "Local Hit Blocks": 0,
                                                "Local Read Blocks": 0,
                                                "Local Dirtied Blocks": 0,
                                                "Local Written Blocks": 0,
                                                "Temp Read Blocks": 0,
                                                "Temp Written Blocks": 0
                                              }
                                            ]
                                          }
                                        ]
                                      }
                                    ]
                                  }
                                ]
                              },
                              {
                                "Node Type": "Index Scan",
                                "Parent Relationship": "Inner",
                                "Parallel Aware": False,
                                "Scan Direction": "Forward",
                                "Index Name": "\"LineItem_pkey\"",
                                "Relation Name": "lineitem",
                                "Alias": "lineitem",
                                "Startup Cost": 0.43,
                                "Total Cost": 1.18,
                                "Plan Rows": 5,
                                "Plan Width": 24,
                                "Actual Startup Time": 0.185,
                                "Actual Total Time": 0.192,
                                "Actual Rows": 1,
                                "Actual Loops": 121322,
                                "Index Cond": "(l_orderkey = orders.o_orderkey)",
                                "Rows Removed by Index Recheck": 0,
                                "Filter": "((l_shipdate >= '1995-01-01'::date) AND (l_shipdate <= '1996-12-31'::date))",
                                "Rows Removed by Filter": 3,
                                "Shared Hit Blocks": 398392,
                                "Shared Read Blocks": 94157,
                                "Shared Dirtied Blocks": 0,
                                "Shared Written Blocks": 0,
                                "Local Hit Blocks": 0,
                                "Local Read Blocks": 0,
                                "Local Dirtied Blocks": 0,
                                "Local Written Blocks": 0,
                                "Temp Read Blocks": 0,
                                "Temp Written Blocks": 0
                              }
                            ]
                          },
                          {
                            "Node Type": "Hash",
                            "Parent Relationship": "Inner",
                            "Parallel Aware": False,
                            "Startup Cost": 361.48,
                            "Total Cost": 361.48,
                            "Plan Rows": 118,
                            "Plan Width": 108,
                            "Actual Startup Time": 16.859,
                            "Actual Total Time": 16.859,
                            "Actual Rows": 816,
                            "Actual Loops": 3,
                            "Hash Buckets": 1024,
                            "Original Hash Buckets": 1024,
                            "Hash Batches": 1,
                            "Original Hash Batches": 1,
                            "Peak Memory Usage": 58,
                            "Shared Hit Blocks": 448,
                            "Shared Read Blocks": 221,
                            "Shared Dirtied Blocks": 0,
                            "Shared Written Blocks": 0,
                            "Local Hit Blocks": 0,
                            "Local Read Blocks": 0,
                            "Local Dirtied Blocks": 0,
                            "Local Written Blocks": 0,
                            "Temp Read Blocks": 0,
                            "Temp Written Blocks": 0,
                            "Plans": [
                              {
                                "Node Type": "Hash Join",
                                "Parent Relationship": "Outer",
                                "Parallel Aware": False,
                                "Join Type": "Inner",
                                "Startup Cost": 12.58,
                                "Total Cost": 361.48,
                                "Plan Rows": 118,
                                "Plan Width": 108,
                                "Actual Startup Time": 0.537,
                                "Actual Total Time": 16.046,
                                "Actual Rows": 816,
                                "Actual Loops": 3,
                                "Inner Unique": True,
                                "Hash Cond": "(supplier.s_nationkey = n1.n_nationkey)",
                                "Shared Hit Blocks": 448,
                                "Shared Read Blocks": 221,
                                "Shared Dirtied Blocks": 0,
                                "Shared Written Blocks": 0,
                                "Local Hit Blocks": 0,
                                "Local Read Blocks": 0,
                                "Local Dirtied Blocks": 0,
                                "Local Written Blocks": 0,
                                "Temp Read Blocks": 0,
                                "Temp Written Blocks": 0,
                                "Plans": [
                                  {
                                    "Node Type": "Seq Scan",
                                    "Parent Relationship": "Outer",
                                    "Parallel Aware": False,
                                    "Relation Name": "supplier",
                                    "Alias": "supplier",
                                    "Startup Cost": 0,
                                    "Total Cost": 322,
                                    "Plan Rows": 10000,
                                    "Plan Width": 8,
                                    "Actual Startup Time": 0.073,
                                    "Actual Total Time": 9.776,
                                    "Actual Rows": 10000,
                                    "Actual Loops": 3,
                                    "Shared Hit Blocks": 446,
                                    "Shared Read Blocks": 220,
                                    "Shared Dirtied Blocks": 0,
                                    "Shared Written Blocks": 0,
                                    "Local Hit Blocks": 0,
                                    "Local Read Blocks": 0,
                                    "Local Dirtied Blocks": 0,
                                    "Local Written Blocks": 0,
                                    "Temp Read Blocks": 0,
                                    "Temp Written Blocks": 0
                                  },
                                  {
                                    "Node Type": "Hash",
                                    "Parent Relationship": "Inner",
                                    "Parallel Aware": False,
                                    "Startup Cost": 12.55,
                                    "Total Cost": 12.55,
                                    "Plan Rows": 2,
                                    "Plan Width": 108,
                                    "Actual Startup Time": 0.268,
                                    "Actual Total Time": 0.268,
                                    "Actual Rows": 2,
                                    "Actual Loops": 3,
                                    "Hash Buckets": 1024,
                                    "Original Hash Buckets": 1024,
                                    "Hash Batches": 1,
                                    "Original Hash Batches": 1,
                                    "Peak Memory Usage": 9,
                                    "Shared Hit Blocks": 2,
                                    "Shared Read Blocks": 1,
                                    "Shared Dirtied Blocks": 0,
                                    "Shared Written Blocks": 0,
                                    "Local Hit Blocks": 0,
                                    "Local Read Blocks": 0,
                                    "Local Dirtied Blocks": 0,
                                    "Local Written Blocks": 0,
                                    "Temp Read Blocks": 0,
                                    "Temp Written Blocks": 0,
                                    "Plans": [
                                      {
                                        "Node Type": "Seq Scan",
                                        "Parent Relationship": "Outer",
                                        "Parallel Aware": False,
                                        "Relation Name": "nation",
                                        "Alias": "n1",
                                        "Startup Cost": 0,
                                        "Total Cost": 12.55,
                                        "Plan Rows": 2,
                                        "Plan Width": 108,
                                        "Actual Startup Time": 0.237,
                                        "Actual Total Time": 0.247,
                                        "Actual Rows": 2,
                                        "Actual Loops": 3,
                                        "Filter": "((n_name = 'RUSSIA'::bpchar) OR (n_name = 'INDIA'::bpchar))",
                                        "Rows Removed by Filter": 23,
                                        "Shared Hit Blocks": 2,
                                        "Shared Read Blocks": 1,
                                        "Shared Dirtied Blocks": 0,
                                        "Shared Written Blocks": 0,
                                        "Local Hit Blocks": 0,
                                        "Local Read Blocks": 0,
                                        "Local Dirtied Blocks": 0,
                                        "Local Written Blocks": 0,
                                        "Temp Read Blocks": 0,
                                        "Temp Written Blocks": 0
                                      }
                                    ]
                                  }
                                ]
                              }
                            ]
                          }
                        ]
                      }
                    ]
                  }
                ]
              }
            ]
          }
        ]
      }
    ]
  },
  "Planning Time": 52.251,
  "Triggers": [],
  "Execution Time": 10821.183
}

q8 = {
  "Plan": {
    "Node Type": "Limit",
    "Parallel Aware": False,
    "Startup Cost": 46046.15,
    "Total Cost": 46046.29,
    "Plan Rows": 1,
    "Plan Width": 40,
    "Actual Startup Time": 18748.629,
    "Actual Total Time": 18778.044,
    "Actual Rows": 1,
    "Actual Loops": 1,
    "Shared Hit Blocks": 1766033,
    "Shared Read Blocks": 117361,
    "Shared Dirtied Blocks": 0,
    "Shared Written Blocks": 0,
    "Local Hit Blocks": 0,
    "Local Read Blocks": 0,
    "Local Dirtied Blocks": 0,
    "Local Written Blocks": 0,
    "Temp Read Blocks": 0,
    "Temp Written Blocks": 0,
    "Plans": [
      {
        "Node Type": "Aggregate",
        "Strategy": "Sorted",
        "Partial Mode": "Finalize",
        "Parent Relationship": "Outer",
        "Parallel Aware": False,
        "Startup Cost": 46046.15,
        "Total Cost": 46053.93,
        "Plan Rows": 54,
        "Plan Width": 40,
        "Actual Startup Time": 18748.622,
        "Actual Total Time": 18748.623,
        "Actual Rows": 1,
        "Actual Loops": 1,
        "Group Key": [
          "(date_part('year'::text, (orders.o_orderdate)::timestamp without time zone))"
        ],
        "Shared Hit Blocks": 586088,
        "Shared Read Blocks": 38696,
        "Shared Dirtied Blocks": 0,
        "Shared Written Blocks": 0,
        "Local Hit Blocks": 0,
        "Local Read Blocks": 0,
        "Local Dirtied Blocks": 0,
        "Local Written Blocks": 0,
        "Temp Read Blocks": 0,
        "Temp Written Blocks": 0,
        "Plans": [
          {
            "Node Type": "Gather Merge",
            "Parent Relationship": "Outer",
            "Parallel Aware": False,
            "Startup Cost": 46046.15,
            "Total Cost": 46052.16,
            "Plan Rows": 44,
            "Plan Width": 72,
            "Actual Startup Time": 18745.574,
            "Actual Total Time": 18770.899,
            "Actual Rows": 4,
            "Actual Loops": 1,
            "Workers Planned": 2,
            "Workers Launched": 2,
            "Shared Hit Blocks": 1766033,
            "Shared Read Blocks": 117361,
            "Shared Dirtied Blocks": 0,
            "Shared Written Blocks": 0,
            "Local Hit Blocks": 0,
            "Local Read Blocks": 0,
            "Local Dirtied Blocks": 0,
            "Local Written Blocks": 0,
            "Temp Read Blocks": 0,
            "Temp Written Blocks": 0,
            "Plans": [
              {
                "Node Type": "Aggregate",
                "Strategy": "Sorted",
                "Partial Mode": "Partial",
                "Parent Relationship": "Outer",
                "Parallel Aware": False,
                "Startup Cost": 45046.12,
                "Total Cost": 45047.06,
                "Plan Rows": 22,
                "Plan Width": 72,
                "Actual Startup Time": 18709.739,
                "Actual Total Time": 18710.918,
                "Actual Rows": 2,
                "Actual Loops": 3,
                "Group Key": [
                  "(date_part('year'::text, (orders.o_orderdate)::timestamp without time zone))"
                ],
                "Shared Hit Blocks": 1766033,
                "Shared Read Blocks": 117361,
                "Shared Dirtied Blocks": 0,
                "Shared Written Blocks": 0,
                "Local Hit Blocks": 0,
                "Local Read Blocks": 0,
                "Local Dirtied Blocks": 0,
                "Local Written Blocks": 0,
                "Temp Read Blocks": 0,
                "Temp Written Blocks": 0,
                "Plans": [
                  {
                    "Node Type": "Sort",
                    "Parent Relationship": "Outer",
                    "Parallel Aware": False,
                    "Startup Cost": 45046.12,
                    "Total Cost": 45046.18,
                    "Plan Rows": 22,
                    "Plan Width": 124,
                    "Actual Startup Time": 18708.001,
                    "Actual Total Time": 18708.477,
                    "Actual Rows": 846,
                    "Actual Loops": 3,
                    "Sort Key": [
                      "(date_part('year'::text, (orders.o_orderdate)::timestamp without time zone))"
                    ],
                    "Sort Method": "quicksort",
                    "Sort Space Used": 89,
                    "Sort Space Type": "Memory",
                    "Workers": [
                      {
                        "Worker Number": 0,
                        "Sort Method": "quicksort",
                        "Sort Space Used": 93,
                        "Sort Space Type": "Memory"
                      },
                      {
                        "Worker Number": 1,
                        "Sort Method": "quicksort",
                        "Sort Space Used": 90,
                        "Sort Space Type": "Memory"
                      }
                    ],
                    "Shared Hit Blocks": 1766033,
                    "Shared Read Blocks": 117361,
                    "Shared Dirtied Blocks": 0,
                    "Shared Written Blocks": 0,
                    "Local Hit Blocks": 0,
                    "Local Read Blocks": 0,
                    "Local Dirtied Blocks": 0,
                    "Local Written Blocks": 0,
                    "Temp Read Blocks": 0,
                    "Temp Written Blocks": 0,
                    "Plans": [
                      {
                        "Node Type": "Nested Loop",
                        "Parent Relationship": "Outer",
                        "Parallel Aware": False,
                        "Join Type": "Inner",
                        "Startup Cost": 4478.24,
                        "Total Cost": 45045.63,
                        "Plan Rows": 22,
                        "Plan Width": 124,
                        "Actual Startup Time": 344.262,
                        "Actual Total Time": 18698.252,
                        "Actual Rows": 846,
                        "Actual Loops": 3,
                        "Inner Unique": True,
                        "Shared Hit Blocks": 1766020,
                        "Shared Read Blocks": 117360,
                        "Shared Dirtied Blocks": 0,
                        "Shared Written Blocks": 0,
                        "Local Hit Blocks": 0,
                        "Local Read Blocks": 0,
                        "Local Dirtied Blocks": 0,
                        "Local Written Blocks": 0,
                        "Temp Read Blocks": 0,
                        "Temp Written Blocks": 0,
                        "Plans": [
                          {
                            "Node Type": "Nested Loop",
                            "Parent Relationship": "Outer",
                            "Parallel Aware": False,
                            "Join Type": "Inner",
                            "Startup Cost": 4478.1,
                            "Total Cost": 45041.84,
                            "Plan Rows": 22,
                            "Plan Width": 20,
                            "Actual Startup Time": 343.789,
                            "Actual Total Time": 18652.695,
                            "Actual Rows": 846,
                            "Actual Loops": 3,
                            "Inner Unique": True,
                            "Shared Hit Blocks": 1760942,
                            "Shared Read Blocks": 117358,
                            "Shared Dirtied Blocks": 0,
                            "Shared Written Blocks": 0,
                            "Local Hit Blocks": 0,
                            "Local Read Blocks": 0,
                            "Local Dirtied Blocks": 0,
                            "Local Written Blocks": 0,
                            "Temp Read Blocks": 0,
                            "Temp Written Blocks": 0,
                            "Plans": [
                              {
                                "Node Type": "Nested Loop",
                                "Parent Relationship": "Outer",
                                "Parallel Aware": False,
                                "Join Type": "Inner",
                                "Startup Cost": 4477.81,
                                "Total Cost": 45035.18,
                                "Plan Rows": 22,
                                "Plan Width": 20,
                                "Actual Startup Time": 339.096,
                                "Actual Total Time": 18599.179,
                                "Actual Rows": 846,
                                "Actual Loops": 3,
                                "Inner Unique": True,
                                "Shared Hit Blocks": 1754169,
                                "Shared Read Blocks": 116512,
                                "Shared Dirtied Blocks": 0,
                                "Shared Written Blocks": 0,
                                "Local Hit Blocks": 0,
                                "Local Read Blocks": 0,
                                "Local Dirtied Blocks": 0,
                                "Local Written Blocks": 0,
                                "Temp Read Blocks": 0,
                                "Temp Written Blocks": 0,
                                "Plans": [
                                  {
                                    "Node Type": "Nested Loop",
                                    "Parent Relationship": "Outer",
                                    "Parallel Aware": False,
                                    "Join Type": "Inner",
                                    "Startup Cost": 4477.39,
                                    "Total Cost": 43054.98,
                                    "Plan Rows": 4469,
                                    "Plan Width": 24,
                                    "Actual Startup Time": 209.446,
                                    "Actual Total Time": 13012.936,
                                    "Actual Rows": 122382,
                                    "Actual Loops": 3,
                                    "Inner Unique": False,
                                    "Shared Hit Blocks": 290223,
                                    "Shared Read Blocks": 111872,
                                    "Shared Dirtied Blocks": 0,
                                    "Shared Written Blocks": 0,
                                    "Local Hit Blocks": 0,
                                    "Local Read Blocks": 0,
                                    "Local Dirtied Blocks": 0,
                                    "Local Written Blocks": 0,
                                    "Temp Read Blocks": 0,
                                    "Temp Written Blocks": 0,
                                    "Plans": [
                                      {
                                        "Node Type": "Hash Join",
                                        "Parent Relationship": "Outer",
                                        "Parallel Aware": True,
                                        "Join Type": "Inner",
                                        "Startup Cost": 4476.96,
                                        "Total Cost": 40663.65,
                                        "Plan Rows": 1117,
                                        "Plan Width": 8,
                                        "Actual Startup Time": 209.234,
                                        "Actual Total Time": 2285.342,
                                        "Actual Rows": 30569,
                                        "Actual Loops": 3,
                                        "Inner Unique": False,
                                        "Hash Cond": "(orders.o_custkey = customer.c_custkey)",
                                        "Shared Hit Blocks": 31,
                                        "Shared Read Blocks": 29683,
                                        "Shared Dirtied Blocks": 0,
                                        "Shared Written Blocks": 0,
                                        "Local Hit Blocks": 0,
                                        "Local Read Blocks": 0,
                                        "Local Dirtied Blocks": 0,
                                        "Local Written Blocks": 0,
                                        "Temp Read Blocks": 0,
                                        "Temp Written Blocks": 0,
                                        "Plans": [
                                          {
                                            "Node Type": "Seq Scan",
                                            "Parent Relationship": "Outer",
                                            "Parallel Aware": True,
                                            "Relation Name": "orders",
                                            "Alias": "orders",
                                            "Startup Cost": 0,
                                            "Total Cost": 35470,
                                            "Plan Rows": 189874,
                                            "Plan Width": 12,
                                            "Actual Startup Time": 0.243,
                                            "Actual Total Time": 1529.48,
                                            "Actual Rows": 152421,
                                            "Actual Loops": 3,
                                            "Filter": "((o_orderdate >= '1995-01-01'::date) AND (o_orderdate <= '1996-12-31'::date))",
                                            "Rows Removed by Filter": 347579,
                                            "Shared Hit Blocks": 1,
                                            "Shared Read Blocks": 26094,
                                            "Shared Dirtied Blocks": 0,
                                            "Shared Written Blocks": 0,
                                            "Local Hit Blocks": 0,
                                            "Local Read Blocks": 0,
                                            "Local Dirtied Blocks": 0,
                                            "Local Written Blocks": 0,
                                            "Temp Read Blocks": 0,
                                            "Temp Written Blocks": 0
                                          },
                                          {
                                            "Node Type": "Hash",
                                            "Parent Relationship": "Inner",
                                            "Parallel Aware": True,
                                            "Startup Cost": 4472.36,
                                            "Total Cost": 4472.36,
                                            "Plan Rows": 368,
                                            "Plan Width": 4,
                                            "Actual Startup Time": 207.466,
                                            "Actual Total Time": 207.466,
                                            "Actual Rows": 10061,
                                            "Actual Loops": 3,
                                            "Hash Buckets": 32768,
                                            "Original Hash Buckets": 1024,
                                            "Hash Batches": 1,
                                            "Original Hash Batches": 1,
                                            "Peak Memory Usage": 1720,
                                            "Shared Hit Blocks": 6,
                                            "Shared Read Blocks": 3585,
                                            "Shared Dirtied Blocks": 0,
                                            "Shared Written Blocks": 0,
                                            "Local Hit Blocks": 0,
                                            "Local Read Blocks": 0,
                                            "Local Dirtied Blocks": 0,
                                            "Local Written Blocks": 0,
                                            "Temp Read Blocks": 0,
                                            "Temp Written Blocks": 0,
                                            "Plans": [
                                              {
                                                "Node Type": "Hash Join",
                                                "Parent Relationship": "Outer",
                                                "Parallel Aware": False,
                                                "Join Type": "Inner",
                                                "Startup Cost": 24.31,
                                                "Total Cost": 4472.36,
                                                "Plan Rows": 368,
                                                "Plan Width": 4,
                                                "Actual Startup Time": 0.539,
                                                "Actual Total Time": 175.213,
                                                "Actual Rows": 10061,
                                                "Actual Loops": 3,
                                                "Inner Unique": False,
                                                "Hash Cond": "(customer.c_nationkey = n1.n_nationkey)",
                                                "Shared Hit Blocks": 6,
                                                "Shared Read Blocks": 3585,
                                                "Shared Dirtied Blocks": 0,
                                                "Shared Written Blocks": 0,
                                                "Local Hit Blocks": 0,
                                                "Local Read Blocks": 0,
                                                "Local Dirtied Blocks": 0,
                                                "Local Written Blocks": 0,
                                                "Temp Read Blocks": 0,
                                                "Temp Written Blocks": 0,
                                                "Plans": [
                                                  {
                                                    "Node Type": "Seq Scan",
                                                    "Parent Relationship": "Outer",
                                                    "Parallel Aware": True,
                                                    "Relation Name": "customer",
                                                    "Alias": "customer",
                                                    "Startup Cost": 0,
                                                    "Total Cost": 4210,
                                                    "Plan Rows": 62500,
                                                    "Plan Width": 8,
                                                    "Actual Startup Time": 0.052,
                                                    "Actual Total Time": 128.263,
                                                    "Actual Rows": 50000,
                                                    "Actual Loops": 3,
                                                    "Shared Hit Blocks": 2,
                                                    "Shared Read Blocks": 3583,
                                                    "Shared Dirtied Blocks": 0,
                                                    "Shared Written Blocks": 0,
                                                    "Local Hit Blocks": 0,
                                                    "Local Read Blocks": 0,
                                                    "Local Dirtied Blocks": 0,
                                                    "Local Written Blocks": 0,
                                                    "Temp Read Blocks": 0,
                                                    "Temp Written Blocks": 0
                                                  },
                                                  {
                                                    "Node Type": "Hash",
                                                    "Parent Relationship": "Inner",
                                                    "Parallel Aware": False,
                                                    "Startup Cost": 24.29,
                                                    "Total Cost": 24.29,
                                                    "Plan Rows": 1,
                                                    "Plan Width": 4,
                                                    "Actual Startup Time": 0.45,
                                                    "Actual Total Time": 0.451,
                                                    "Actual Rows": 5,
                                                    "Actual Loops": 3,
                                                    "Hash Buckets": 1024,
                                                    "Original Hash Buckets": 1024,
                                                    "Hash Batches": 1,
                                                    "Original Hash Batches": 1,
                                                    "Peak Memory Usage": 9,
                                                    "Shared Hit Blocks": 4,
                                                    "Shared Read Blocks": 2,
                                                    "Shared Dirtied Blocks": 0,
                                                    "Shared Written Blocks": 0,
                                                    "Local Hit Blocks": 0,
                                                    "Local Read Blocks": 0,
                                                    "Local Dirtied Blocks": 0,
                                                    "Local Written Blocks": 0,
                                                    "Temp Read Blocks": 0,
                                                    "Temp Written Blocks": 0,
                                                    "Plans": [
                                                      {
                                                        "Node Type": "Hash Join",
                                                        "Parent Relationship": "Outer",
                                                        "Parallel Aware": False,
                                                        "Join Type": "Inner",
                                                        "Startup Cost": 12.14,
                                                        "Total Cost": 24.29,
                                                        "Plan Rows": 1,
                                                        "Plan Width": 4,
                                                        "Actual Startup Time": 0.432,
                                                        "Actual Total Time": 0.445,
                                                        "Actual Rows": 5,
                                                        "Actual Loops": 3,
                                                        "Inner Unique": True,
                                                        "Hash Cond": "(n1.n_regionkey = region.r_regionkey)",
                                                        "Shared Hit Blocks": 4,
                                                        "Shared Read Blocks": 2,
                                                        "Shared Dirtied Blocks": 0,
                                                        "Shared Written Blocks": 0,
                                                        "Local Hit Blocks": 0,
                                                        "Local Read Blocks": 0,
                                                        "Local Dirtied Blocks": 0,
                                                        "Local Written Blocks": 0,
                                                        "Temp Read Blocks": 0,
                                                        "Temp Written Blocks": 0,
                                                        "Plans": [
                                                          {
                                                            "Node Type": "Seq Scan",
                                                            "Parent Relationship": "Outer",
                                                            "Parallel Aware": False,
                                                            "Relation Name": "nation",
                                                            "Alias": "n1",
                                                            "Startup Cost": 0,
                                                            "Total Cost": 11.7,
                                                            "Plan Rows": 170,
                                                            "Plan Width": 8,
                                                            "Actual Startup Time": 0.223,
                                                            "Actual Total Time": 0.228,
                                                            "Actual Rows": 25,
                                                            "Actual Loops": 3,
                                                            "Shared Hit Blocks": 2,
                                                            "Shared Read Blocks": 1,
                                                            "Shared Dirtied Blocks": 0,
                                                            "Shared Written Blocks": 0,
                                                            "Local Hit Blocks": 0,
                                                            "Local Read Blocks": 0,
                                                            "Local Dirtied Blocks": 0,
                                                            "Local Written Blocks": 0,
                                                            "Temp Read Blocks": 0,
                                                            "Temp Written Blocks": 0
                                                          },
                                                          {
                                                            "Node Type": "Hash",
                                                            "Parent Relationship": "Inner",
                                                            "Parallel Aware": False,
                                                            "Startup Cost": 12.12,
                                                            "Total Cost": 12.12,
                                                            "Plan Rows": 1,
                                                            "Plan Width": 4,
                                                            "Actual Startup Time": 0.173,
                                                            "Actual Total Time": 0.174,
                                                            "Actual Rows": 1,
                                                            "Actual Loops": 3,
                                                            "Hash Buckets": 1024,
                                                            "Original Hash Buckets": 1024,
                                                            "Hash Batches": 1,
                                                            "Original Hash Batches": 1,
                                                            "Peak Memory Usage": 9,
                                                            "Shared Hit Blocks": 2,
                                                            "Shared Read Blocks": 1,
                                                            "Shared Dirtied Blocks": 0,
                                                            "Shared Written Blocks": 0,
                                                            "Local Hit Blocks": 0,
                                                            "Local Read Blocks": 0,
                                                            "Local Dirtied Blocks": 0,
                                                            "Local Written Blocks": 0,
                                                            "Temp Read Blocks": 0,
                                                            "Temp Written Blocks": 0,
                                                            "Plans": [
                                                              {
                                                                "Node Type": "Seq Scan",
                                                                "Parent Relationship": "Outer",
                                                                "Parallel Aware": False,
                                                                "Relation Name": "region",
                                                                "Alias": "region",
                                                                "Startup Cost": 0,
                                                                "Total Cost": 12.12,
                                                                "Plan Rows": 1,
                                                                "Plan Width": 4,
                                                                "Actual Startup Time": 0.155,
                                                                "Actual Total Time": 0.157,
                                                                "Actual Rows": 1,
                                                                "Actual Loops": 3,
                                                                "Filter": "(r_name = 'ASIA'::bpchar)",
                                                                "Rows Removed by Filter": 4,
                                                                "Shared Hit Blocks": 2,
                                                                "Shared Read Blocks": 1,
                                                                "Shared Dirtied Blocks": 0,
                                                                "Shared Written Blocks": 0,
                                                                "Local Hit Blocks": 0,
                                                                "Local Read Blocks": 0,
                                                                "Local Dirtied Blocks": 0,
                                                                "Local Written Blocks": 0,
                                                                "Temp Read Blocks": 0,
                                                                "Temp Written Blocks": 0
                                                              }
                                                            ]
                                                          }
                                                        ]
                                                      }
                                                    ]
                                                  }
                                                ]
                                              }
                                            ]
                                          }
                                        ]
                                      },
                                      {
                                        "Node Type": "Index Scan",
                                        "Parent Relationship": "Inner",
                                        "Parallel Aware": False,
                                        "Scan Direction": "Forward",
                                        "Index Name": "\"LineItem_pkey\"",
                                        "Relation Name": "lineitem",
                                        "Alias": "lineitem",
                                        "Startup Cost": 0.43,
                                        "Total Cost": 1.98,
                                        "Plan Rows": 16,
                                        "Plan Width": 24,
                                        "Actual Startup Time": 0.3,
                                        "Actual Total Time": 0.329,
                                        "Actual Rows": 4,
                                        "Actual Loops": 91707,
                                        "Index Cond": "(l_orderkey = orders.o_orderkey)",
                                        "Rows Removed by Index Recheck": 0,
                                        "Shared Hit Blocks": 290192,
                                        "Shared Read Blocks": 82189,
                                        "Shared Dirtied Blocks": 0,
                                        "Shared Written Blocks": 0,
                                        "Local Hit Blocks": 0,
                                        "Local Read Blocks": 0,
                                        "Local Dirtied Blocks": 0,
                                        "Local Written Blocks": 0,
                                        "Temp Read Blocks": 0,
                                        "Temp Written Blocks": 0
                                      }
                                    ]
                                  },
                                  {
                                    "Node Type": "Index Scan",
                                    "Parent Relationship": "Inner",
                                    "Parallel Aware": False,
                                    "Scan Direction": "Forward",
                                    "Index Name": "\"Part_pkey\"",
                                    "Relation Name": "part",
                                    "Alias": "part",
                                    "Startup Cost": 0.42,
                                    "Total Cost": 0.44,
                                    "Plan Rows": 1,
                                    "Plan Width": 4,
                                    "Actual Startup Time": 0.04,
                                    "Actual Total Time": 0.04,
                                    "Actual Rows": 0,
                                    "Actual Loops": 367146,
                                    "Index Cond": "(p_partkey = lineitem.l_partkey)",
                                    "Rows Removed by Index Recheck": 0,
                                    "Filter": "((p_type)::text = 'LARGE BRUSHED NICKEL'::text)",
                                    "Rows Removed by Filter": 1,
                                    "Shared Hit Blocks": 1463946,
                                    "Shared Read Blocks": 4640,
                                    "Shared Dirtied Blocks": 0,
                                    "Shared Written Blocks": 0,
                                    "Local Hit Blocks": 0,
                                    "Local Read Blocks": 0,
                                    "Local Dirtied Blocks": 0,
                                    "Local Written Blocks": 0,
                                    "Temp Read Blocks": 0,
                                    "Temp Written Blocks": 0
                                  }
                                ]
                              },
                              {
                                "Node Type": "Index Scan",
                                "Parent Relationship": "Inner",
                                "Parallel Aware": False,
                                "Scan Direction": "Forward",
                                "Index Name": "\"Supplier_pkey\"",
                                "Relation Name": "supplier",
                                "Alias": "supplier",
                                "Startup Cost": 0.29,
                                "Total Cost": 0.3,
                                "Plan Rows": 1,
                                "Plan Width": 8,
                                "Actual Startup Time": 0.054,
                                "Actual Total Time": 0.054,
                                "Actual Rows": 1,
                                "Actual Loops": 2539,
                                "Index Cond": "(s_suppkey = lineitem.l_suppkey)",
                                "Rows Removed by Index Recheck": 0,
                                "Shared Hit Blocks": 6773,
                                "Shared Read Blocks": 846,
                                "Shared Dirtied Blocks": 0,
                                "Shared Written Blocks": 0,
                                "Local Hit Blocks": 0,
                                "Local Read Blocks": 0,
                                "Local Dirtied Blocks": 0,
                                "Local Written Blocks": 0,
                                "Temp Read Blocks": 0,
                                "Temp Written Blocks": 0
                              }
                            ]
                          },
                          {
                            "Node Type": "Index Scan",
                            "Parent Relationship": "Inner",
                            "Parallel Aware": False,
                            "Scan Direction": "Forward",
                            "Index Name": "\"Nation_pkey\"",
                            "Relation Name": "nation",
                            "Alias": "n2",
                            "Startup Cost": 0.14,
                            "Total Cost": 0.17,
                            "Plan Rows": 1,
                            "Plan Width": 108,
                            "Actual Startup Time": 0.034,
                            "Actual Total Time": 0.034,
                            "Actual Rows": 1,
                            "Actual Loops": 2539,
                            "Index Cond": "(n_nationkey = supplier.s_nationkey)",
                            "Rows Removed by Index Recheck": 0,
                            "Shared Hit Blocks": 5078,
                            "Shared Read Blocks": 2,
                            "Shared Dirtied Blocks": 0,
                            "Shared Written Blocks": 0,
                            "Local Hit Blocks": 0,
                            "Local Read Blocks": 0,
                            "Local Dirtied Blocks": 0,
                            "Local Written Blocks": 0,
                            "Temp Read Blocks": 0,
                            "Temp Written Blocks": 0
                          }
                        ]
                      }
                    ]
                  }
                ]
              }
            ]
          }
        ]
      }
    ]
  },
  "Planning Time": 30.145,
  "Triggers": [],
  "Execution Time": 18779.174
}

q9 = {
  "Plan": {
    "Node Type": "Limit",
    "Parallel Aware": False,
    "Startup Cost": 150317.68,
    "Total Cost": 150317.82,
    "Plan Rows": 1,
    "Plan Width": 144,
    "Actual Startup Time": 42232.834,
    "Actual Total Time": 42257.271,
    "Actual Rows": 1,
    "Actual Loops": 1,
    "Shared Hit Blocks": 3576355,
    "Shared Read Blocks": 177293,
    "Shared Dirtied Blocks": 0,
    "Shared Written Blocks": 0,
    "Local Hit Blocks": 0,
    "Local Read Blocks": 0,
    "Local Dirtied Blocks": 0,
    "Local Written Blocks": 0,
    "Temp Read Blocks": 1515,
    "Temp Written Blocks": 3068,
    "Plans": [
      {
        "Node Type": "Aggregate",
        "Strategy": "Sorted",
        "Partial Mode": "Finalize",
        "Parent Relationship": "Outer",
        "Parallel Aware": False,
        "Startup Cost": 150317.68,
        "Total Cost": 150581.96,
        "Plan Rows": 1920,
        "Plan Width": 144,
        "Actual Startup Time": 42232.83,
        "Actual Total Time": 42232.83,
        "Actual Rows": 1,
        "Actual Loops": 1,
        "Group Key": [
          "nation.n_name",
          "(date_part('year'::text, (orders.o_orderdate)::timestamp without time zone))"
        ],
        "Shared Hit Blocks": 1193926,
        "Shared Read Blocks": 59304,
        "Shared Dirtied Blocks": 0,
        "Shared Written Blocks": 0,
        "Local Hit Blocks": 0,
        "Local Read Blocks": 0,
        "Local Dirtied Blocks": 0,
        "Local Written Blocks": 0,
        "Temp Read Blocks": 505,
        "Temp Written Blocks": 1024,
        "Plans": [
          {
            "Node Type": "Gather Merge",
            "Parent Relationship": "Outer",
            "Parallel Aware": False,
            "Startup Cost": 150317.68,
            "Total Cost": 150532.36,
            "Plan Rows": 1600,
            "Plan Width": 144,
            "Actual Startup Time": 42226.297,
            "Actual Total Time": 42257.047,
            "Actual Rows": 4,
            "Actual Loops": 1,
            "Workers Planned": 2,
            "Workers Launched": 2,
            "Shared Hit Blocks": 3576355,
            "Shared Read Blocks": 177293,
            "Shared Dirtied Blocks": 0,
            "Shared Written Blocks": 0,
            "Local Hit Blocks": 0,
            "Local Read Blocks": 0,
            "Local Dirtied Blocks": 0,
            "Local Written Blocks": 0,
            "Temp Read Blocks": 1515,
            "Temp Written Blocks": 3068,
            "Plans": [
              {
                "Node Type": "Aggregate",
                "Strategy": "Sorted",
                "Partial Mode": "Partial",
                "Parent Relationship": "Outer",
                "Parallel Aware": False,
                "Startup Cost": 149317.65,
                "Total Cost": 149347.65,
                "Plan Rows": 800,
                "Plan Width": 144,
                "Actual Startup Time": 42177.034,
                "Actual Total Time": 42205,
                "Actual Rows": 8,
                "Actual Loops": 3,
                "Group Key": [
                  "nation.n_name",
                  "(date_part('year'::text, (orders.o_orderdate)::timestamp without time zone))"
                ],
                "Shared Hit Blocks": 3576355,
                "Shared Read Blocks": 177293,
                "Shared Dirtied Blocks": 0,
                "Shared Written Blocks": 0,
                "Local Hit Blocks": 0,
                "Local Read Blocks": 0,
                "Local Dirtied Blocks": 0,
                "Local Written Blocks": 0,
                "Temp Read Blocks": 1515,
                "Temp Written Blocks": 3068,
                "Plans": [
                  {
                    "Node Type": "Sort",
                    "Parent Relationship": "Outer",
                    "Parallel Aware": False,
                    "Startup Cost": 149317.65,
                    "Total Cost": 149319.65,
                    "Plan Rows": 800,
                    "Plan Width": 135,
                    "Actual Startup Time": 42173.921,
                    "Actual Total Time": 42184.83,
                    "Actual Rows": 4849,
                    "Actual Loops": 3,
                    "Sort Key": [
                      "nation.n_name",
                      "(date_part('year'::text, (orders.o_orderdate)::timestamp without time zone)) DESC"
                    ],
                    "Sort Method": "external merge",
                    "Sort Space Used": 8160,
                    "Sort Space Type": "Disk",
                    "Workers": [
                      {
                        "Worker Number": 0,
                        "Sort Method": "external merge",
                        "Sort Space Used": 8080,
                        "Sort Space Type": "Disk"
                      },
                      {
                        "Worker Number": 1,
                        "Sort Method": "external merge",
                        "Sort Space Used": 8208,
                        "Sort Space Type": "Disk"
                      }
                    ],
                    "Shared Hit Blocks": 3576355,
                    "Shared Read Blocks": 177293,
                    "Shared Dirtied Blocks": 0,
                    "Shared Written Blocks": 0,
                    "Local Hit Blocks": 0,
                    "Local Read Blocks": 0,
                    "Local Dirtied Blocks": 0,
                    "Local Written Blocks": 0,
                    "Temp Read Blocks": 1515,
                    "Temp Written Blocks": 3068,
                    "Plans": [
                      {
                        "Node Type": "Hash Join",
                        "Parent Relationship": "Outer",
                        "Parallel Aware": False,
                        "Join Type": "Inner",
                        "Startup Cost": 5153.97,
                        "Total Cost": 149279.08,
                        "Plan Rows": 800,
                        "Plan Width": 135,
                        "Actual Startup Time": 194.808,
                        "Actual Total Time": 38139.242,
                        "Actual Rows": 110240,
                        "Actual Loops": 3,
                        "Inner Unique": True,
                        "Hash Cond": "(supplier.s_nationkey = nation.n_nationkey)",
                        "Shared Hit Blocks": 3576328,
                        "Shared Read Blocks": 177292,
                        "Shared Dirtied Blocks": 0,
                        "Shared Written Blocks": 0,
                        "Local Hit Blocks": 0,
                        "Local Read Blocks": 0,
                        "Local Dirtied Blocks": 0,
                        "Local Written Blocks": 0,
                        "Temp Read Blocks": 0,
                        "Temp Written Blocks": 0,
                        "Plans": [
                          {
                            "Node Type": "Nested Loop",
                            "Parent Relationship": "Outer",
                            "Parallel Aware": False,
                            "Join Type": "Inner",
                            "Startup Cost": 5140.14,
                            "Total Cost": 149259.1,
                            "Plan Rows": 800,
                            "Plan Width": 31,
                            "Actual Startup Time": 191.617,
                            "Actual Total Time": 36777.374,
                            "Actual Rows": 110240,
                            "Actual Loops": 3,
                            "Inner Unique": True,
                            "Shared Hit Blocks": 3576301,
                            "Shared Read Blocks": 177288,
                            "Shared Dirtied Blocks": 0,
                            "Shared Written Blocks": 0,
                            "Local Hit Blocks": 0,
                            "Local Read Blocks": 0,
                            "Local Dirtied Blocks": 0,
                            "Local Written Blocks": 0,
                            "Temp Read Blocks": 0,
                            "Temp Written Blocks": 0,
                            "Plans": [
                              {
                                "Node Type": "Nested Loop",
                                "Parent Relationship": "Outer",
                                "Parallel Aware": False,
                                "Join Type": "Inner",
                                "Startup Cost": 5139.71,
                                "Total Cost": 148884.8,
                                "Plan Rows": 800,
                                "Plan Width": 31,
                                "Actual Startup Time": 191.432,
                                "Actual Total Time": 31283.729,
                                "Actual Rows": 110240,
                                "Actual Loops": 3,
                                "Inner Unique": True,
                                "Shared Hit Blocks": 2283625,
                                "Shared Read Blocks": 147082,
                                "Shared Dirtied Blocks": 0,
                                "Shared Written Blocks": 0,
                                "Local Hit Blocks": 0,
                                "Local Read Blocks": 0,
                                "Local Dirtied Blocks": 0,
                                "Local Written Blocks": 0,
                                "Temp Read Blocks": 0,
                                "Temp Written Blocks": 0,
                                "Plans": [
                                  {
                                    "Node Type": "Nested Loop",
                                    "Parent Relationship": "Outer",
                                    "Parallel Aware": False,
                                    "Join Type": "Inner",
                                    "Startup Cost": 5139.43,
                                    "Total Cost": 148642.66,
                                    "Plan Rows": 800,
                                    "Plan Width": 35,
                                    "Actual Startup Time": 191.152,
                                    "Actual Total Time": 27612.162,
                                    "Actual Rows": 110240,
                                    "Actual Loops": 3,
                                    "Inner Unique": True,
                                    "Shared Hit Blocks": 1291541,
                                    "Shared Read Blocks": 147004,
                                    "Shared Dirtied Blocks": 0,
                                    "Shared Written Blocks": 0,
                                    "Local Hit Blocks": 0,
                                    "Local Read Blocks": 0,
                                    "Local Dirtied Blocks": 0,
                                    "Local Written Blocks": 0,
                                    "Temp Read Blocks": 0,
                                    "Temp Written Blocks": 0,
                                    "Plans": [
                                      {
                                        "Node Type": "Hash Join",
                                        "Parent Relationship": "Outer",
                                        "Parallel Aware": True,
                                        "Join Type": "Inner",
                                        "Startup Cost": 5139,
                                        "Total Cost": 148275.61,
                                        "Plan Rows": 800,
                                        "Plan Width": 33,
                                        "Actual Startup Time": 190.382,
                                        "Actual Total Time": 15729.654,
                                        "Actual Rows": 110240,
                                        "Actual Loops": 3,
                                        "Inner Unique": True,
                                        "Hash Cond": "(lineitem.l_partkey = part.p_partkey)",
                                        "Shared Hit Blocks": 4098,
                                        "Shared Read Blocks": 111565,
                                        "Shared Dirtied Blocks": 0,
                                        "Shared Written Blocks": 0,
                                        "Local Hit Blocks": 0,
                                        "Local Read Blocks": 0,
                                        "Local Dirtied Blocks": 0,
                                        "Local Written Blocks": 0,
                                        "Temp Read Blocks": 0,
                                        "Temp Written Blocks": 0,
                                        "Plans": [
                                          {
                                            "Node Type": "Seq Scan",
                                            "Parent Relationship": "Outer",
                                            "Parallel Aware": True,
                                            "Relation Name": "lineitem",
                                            "Alias": "lineitem",
                                            "Startup Cost": 0,
                                            "Total Cost": 136572.31,
                                            "Plan Rows": 2500631,
                                            "Plan Width": 29,
                                            "Actual Startup Time": 0.108,
                                            "Actual Total Time": 11245.857,
                                            "Actual Rows": 2000405,
                                            "Actual Loops": 3,
                                            "Shared Hit Blocks": 1,
                                            "Shared Read Blocks": 111565,
                                            "Shared Dirtied Blocks": 0,
                                            "Shared Written Blocks": 0,
                                            "Local Hit Blocks": 0,
                                            "Local Read Blocks": 0,
                                            "Local Dirtied Blocks": 0,
                                            "Local Written Blocks": 0,
                                            "Temp Read Blocks": 0,
                                            "Temp Written Blocks": 0
                                          },
                                          {
                                            "Node Type": "Hash",
                                            "Parent Relationship": "Inner",
                                            "Parallel Aware": True,
                                            "Startup Cost": 5138.67,
                                            "Total Cost": 5138.67,
                                            "Plan Rows": 27,
                                            "Plan Width": 4,
                                            "Actual Startup Time": 190.117,
                                            "Actual Total Time": 190.117,
                                            "Actual Rows": 3670,
                                            "Actual Loops": 3,
                                            "Hash Buckets": 16384,
                                            "Original Hash Buckets": 1024,
                                            "Hash Batches": 1,
                                            "Original Hash Batches": 1,
                                            "Peak Memory Usage": 760,
                                            "Shared Hit Blocks": 4097,
                                            "Shared Read Blocks": 0,
                                            "Shared Dirtied Blocks": 0,
                                            "Shared Written Blocks": 0,
                                            "Local Hit Blocks": 0,
                                            "Local Read Blocks": 0,
                                            "Local Dirtied Blocks": 0,
                                            "Local Written Blocks": 0,
                                            "Temp Read Blocks": 0,
                                            "Temp Written Blocks": 0,
                                            "Plans": [
                                              {
                                                "Node Type": "Seq Scan",
                                                "Parent Relationship": "Outer",
                                                "Parallel Aware": True,
                                                "Relation Name": "part",
                                                "Alias": "part",
                                                "Startup Cost": 0,
                                                "Total Cost": 5138.67,
                                                "Plan Rows": 27,
                                                "Plan Width": 4,
                                                "Actual Startup Time": 0.026,
                                                "Actual Total Time": 163.471,
                                                "Actual Rows": 3670,
                                                "Actual Loops": 3,
                                                "Filter": "((p_name)::text ~~ '%orchid%'::text)",
                                                "Rows Removed by Filter": 62997,
                                                "Shared Hit Blocks": 4097,
                                                "Shared Read Blocks": 0,
                                                "Shared Dirtied Blocks": 0,
                                                "Shared Written Blocks": 0,
                                                "Local Hit Blocks": 0,
                                                "Local Read Blocks": 0,
                                                "Local Dirtied Blocks": 0,
                                                "Local Written Blocks": 0,
                                                "Temp Read Blocks": 0,
                                                "Temp Written Blocks": 0
                                              }
                                            ]
                                          }
                                        ]
                                      },
                                      {
                                        "Node Type": "Index Scan",
                                        "Parent Relationship": "Inner",
                                        "Parallel Aware": False,
                                        "Scan Direction": "Forward",
                                        "Index Name": "\"PartSupp_pkey\"",
                                        "Relation Name": "partsupp",
                                        "Alias": "partsupp",
                                        "Startup Cost": 0.42,
                                        "Total Cost": 0.46,
                                        "Plan Rows": 1,
                                        "Plan Width": 14,
                                        "Actual Startup Time": 0.095,
                                        "Actual Total Time": 0.095,
                                        "Actual Rows": 1,
                                        "Actual Loops": 330720,
                                        "Index Cond": "((ps_suppkey = lineitem.l_suppkey) AND (ps_partkey = lineitem.l_partkey))",
                                        "Rows Removed by Index Recheck": 0,
                                        "Shared Hit Blocks": 1287443,
                                        "Shared Read Blocks": 35439,
                                        "Shared Dirtied Blocks": 0,
                                        "Shared Written Blocks": 0,
                                        "Local Hit Blocks": 0,
                                        "Local Read Blocks": 0,
                                        "Local Dirtied Blocks": 0,
                                        "Local Written Blocks": 0,
                                        "Temp Read Blocks": 0,
                                        "Temp Written Blocks": 0
                                      }
                                    ]
                                  },
                                  {
                                    "Node Type": "Index Scan",
                                    "Parent Relationship": "Inner",
                                    "Parallel Aware": False,
                                    "Scan Direction": "Forward",
                                    "Index Name": "\"Supplier_pkey\"",
                                    "Relation Name": "supplier",
                                    "Alias": "supplier",
                                    "Startup Cost": 0.29,
                                    "Total Cost": 0.3,
                                    "Plan Rows": 1,
                                    "Plan Width": 8,
                                    "Actual Startup Time": 0.024,
                                    "Actual Total Time": 0.024,
                                    "Actual Rows": 1,
                                    "Actual Loops": 330720,
                                    "Index Cond": "(s_suppkey = lineitem.l_suppkey)",
                                    "Rows Removed by Index Recheck": 0,
                                    "Shared Hit Blocks": 992084,
                                    "Shared Read Blocks": 78,
                                    "Shared Dirtied Blocks": 0,
                                    "Shared Written Blocks": 0,
                                    "Local Hit Blocks": 0,
                                    "Local Read Blocks": 0,
                                    "Local Dirtied Blocks": 0,
                                    "Local Written Blocks": 0,
                                    "Temp Read Blocks": 0,
                                    "Temp Written Blocks": 0
                                  }
                                ]
                              },
                              {
                                "Node Type": "Index Scan",
                                "Parent Relationship": "Inner",
                                "Parallel Aware": False,
                                "Scan Direction": "Forward",
                                "Index Name": "\"Orders_pkey\"",
                                "Relation Name": "orders",
                                "Alias": "orders",
                                "Startup Cost": 0.43,
                                "Total Cost": 0.47,
                                "Plan Rows": 1,
                                "Plan Width": 8,
                                "Actual Startup Time": 0.039,
                                "Actual Total Time": 0.039,
                                "Actual Rows": 1,
                                "Actual Loops": 330720,
                                "Index Cond": "(o_orderkey = lineitem.l_orderkey)",
                                "Rows Removed by Index Recheck": 0,
                                "Shared Hit Blocks": 1292676,
                                "Shared Read Blocks": 30206,
                                "Shared Dirtied Blocks": 0,
                                "Shared Written Blocks": 0,
                                "Local Hit Blocks": 0,
                                "Local Read Blocks": 0,
                                "Local Dirtied Blocks": 0,
                                "Local Written Blocks": 0,
                                "Temp Read Blocks": 0,
                                "Temp Written Blocks": 0
                              }
                            ]
                          },
                          {
                            "Node Type": "Hash",
                            "Parent Relationship": "Inner",
                            "Parallel Aware": False,
                            "Startup Cost": 11.7,
                            "Total Cost": 11.7,
                            "Plan Rows": 170,
                            "Plan Width": 108,
                            "Actual Startup Time": 0.164,
                            "Actual Total Time": 0.164,
                            "Actual Rows": 25,
                            "Actual Loops": 3,
                            "Hash Buckets": 1024,
                            "Original Hash Buckets": 1024,
                            "Hash Batches": 1,
                            "Original Hash Batches": 1,
                            "Peak Memory Usage": 10,
                            "Shared Hit Blocks": 3,
                            "Shared Read Blocks": 0,
                            "Shared Dirtied Blocks": 0,
                            "Shared Written Blocks": 0,
                            "Local Hit Blocks": 0,
                            "Local Read Blocks": 0,
                            "Local Dirtied Blocks": 0,
                            "Local Written Blocks": 0,
                            "Temp Read Blocks": 0,
                            "Temp Written Blocks": 0,
                            "Plans": [
                              {
                                "Node Type": "Seq Scan",
                                "Parent Relationship": "Outer",
                                "Parallel Aware": False,
                                "Relation Name": "nation",
                                "Alias": "nation",
                                "Startup Cost": 0,
                                "Total Cost": 11.7,
                                "Plan Rows": 170,
                                "Plan Width": 108,
                                "Actual Startup Time": 0.069,
                                "Actual Total Time": 0.119,
                                "Actual Rows": 25,
                                "Actual Loops": 3,
                                "Shared Hit Blocks": 3,
                                "Shared Read Blocks": 0,
                                "Shared Dirtied Blocks": 0,
                                "Shared Written Blocks": 0,
                                "Local Hit Blocks": 0,
                                "Local Read Blocks": 0,
                                "Local Dirtied Blocks": 0,
                                "Local Written Blocks": 0,
                                "Temp Read Blocks": 0,
                                "Temp Written Blocks": 0
                              }
                            ]
                          }
                        ]
                      }
                    ]
                  }
                ]
              }
            ]
          }
        ]
      }
    ]
  },
  "Planning Time": 13.893,
  "Triggers": [],
  "Execution Time": 42266.962
}

q10 = {
  "Plan": {
    "Node Type": "Limit",
    "Parallel Aware": False,
    "Startup Cost": 209714.76,
    "Total Cost": 209714.76,
    "Plan Rows": 1,
    "Plan Width": 628,
    "Actual Startup Time": 16105.643,
    "Actual Total Time": 16289.931,
    "Actual Rows": 1,
    "Actual Loops": 1,
    "Shared Hit Blocks": 3161,
    "Shared Read Blocks": 138218,
    "Shared Dirtied Blocks": 0,
    "Shared Written Blocks": 0,
    "Local Hit Blocks": 0,
    "Local Read Blocks": 0,
    "Local Dirtied Blocks": 0,
    "Local Written Blocks": 0,
    "Temp Read Blocks": 5831,
    "Temp Written Blocks": 6234,
    "Plans": [
      {
        "Node Type": "Sort",
        "Parent Relationship": "Outer",
        "Parallel Aware": False,
        "Startup Cost": 209714.76,
        "Total Cost": 209852.58,
        "Plan Rows": 55130,
        "Plan Width": 628,
        "Actual Startup Time": 16105.639,
        "Actual Total Time": 16105.64,
        "Actual Rows": 1,
        "Actual Loops": 1,
        "Sort Key": [
          "(sum((lineitem.l_extendedprice * ('1'::numeric - lineitem.l_discount)))) DESC"
        ],
        "Sort Method": "top-N heapsort",
        "Sort Space Used": 25,
        "Sort Space Type": "Memory",
        "Shared Hit Blocks": 944,
        "Shared Read Blocks": 46271,
        "Shared Dirtied Blocks": 0,
        "Shared Written Blocks": 0,
        "Local Hit Blocks": 0,
        "Local Read Blocks": 0,
        "Local Dirtied Blocks": 0,
        "Local Written Blocks": 0,
        "Temp Read Blocks": 2240,
        "Temp Written Blocks": 2393,
        "Plans": [
          {
            "Node Type": "Aggregate",
            "Strategy": "Sorted",
            "Partial Mode": "Finalize",
            "Parent Relationship": "Outer",
            "Parallel Aware": False,
            "Startup Cost": 202356.01,
            "Total Cost": 209439.11,
            "Plan Rows": 55130,
            "Plan Width": 628,
            "Actual Startup Time": 14493.973,
            "Actual Total Time": 15897.196,
            "Actual Rows": 35593,
            "Actual Loops": 1,
            "Group Key": [
              "customer.c_custkey",
              "nation.n_name"
            ],
            "Shared Hit Blocks": 944,
            "Shared Read Blocks": 46271,
            "Shared Dirtied Blocks": 0,
            "Shared Written Blocks": 0,
            "Local Hit Blocks": 0,
            "Local Read Blocks": 0,
            "Local Dirtied Blocks": 0,
            "Local Written Blocks": 0,
            "Temp Read Blocks": 2240,
            "Temp Written Blocks": 2393,
            "Plans": [
              {
                "Node Type": "Gather Merge",
                "Parent Relationship": "Outer",
                "Parallel Aware": False,
                "Startup Cost": 202356.01,
                "Total Cost": 208290.56,
                "Plan Rows": 45942,
                "Plan Width": 628,
                "Actual Startup Time": 14493.95,
                "Actual Total Time": 15490.693,
                "Actual Rows": 35764,
                "Actual Loops": 1,
                "Workers Planned": 2,
                "Workers Launched": 2,
                "Shared Hit Blocks": 3161,
                "Shared Read Blocks": 138218,
                "Shared Dirtied Blocks": 0,
                "Shared Written Blocks": 0,
                "Local Hit Blocks": 0,
                "Local Read Blocks": 0,
                "Local Dirtied Blocks": 0,
                "Local Written Blocks": 0,
                "Temp Read Blocks": 5831,
                "Temp Written Blocks": 6234,
                "Plans": [
                  {
                    "Node Type": "Aggregate",
                    "Strategy": "Sorted",
                    "Partial Mode": "Partial",
                    "Parent Relationship": "Outer",
                    "Parallel Aware": False,
                    "Startup Cost": 201355.99,
                    "Total Cost": 201987.69,
                    "Plan Rows": 22971,
                    "Plan Width": 628,
                    "Actual Startup Time": 14447.881,
                    "Actual Total Time": 14758.622,
                    "Actual Rows": 11921,
                    "Actual Loops": 3,
                    "Group Key": [
                      "customer.c_custkey",
                      "nation.n_name"
                    ],
                    "Shared Hit Blocks": 3161,
                    "Shared Read Blocks": 138218,
                    "Shared Dirtied Blocks": 0,
                    "Shared Written Blocks": 0,
                    "Local Hit Blocks": 0,
                    "Local Read Blocks": 0,
                    "Local Dirtied Blocks": 0,
                    "Local Written Blocks": 0,
                    "Temp Read Blocks": 5831,
                    "Temp Written Blocks": 6234,
                    "Plans": [
                      {
                        "Node Type": "Sort",
                        "Parent Relationship": "Outer",
                        "Parallel Aware": False,
                        "Startup Cost": 201355.99,
                        "Total Cost": 201413.41,
                        "Plan Rows": 22971,
                        "Plan Width": 608,
                        "Actual Startup Time": 14447.823,
                        "Actual Total Time": 14480.587,
                        "Actual Rows": 31636,
                        "Actual Loops": 3,
                        "Sort Key": [
                          "customer.c_custkey",
                          "nation.n_name"
                        ],
                        "Sort Method": "external merge",
                        "Sort Space Used": 6904,
                        "Sort Space Type": "Disk",
                        "Workers": [
                          {
                            "Worker Number": 0,
                            "Sort Method": "external merge",
                            "Sort Space Used": 6016,
                            "Sort Space Type": "Disk"
                          },
                          {
                            "Worker Number": 1,
                            "Sort Method": "external merge",
                            "Sort Space Used": 5200,
                            "Sort Space Type": "Disk"
                          }
                        ],
                        "Shared Hit Blocks": 3161,
                        "Shared Read Blocks": 138218,
                        "Shared Dirtied Blocks": 0,
                        "Shared Written Blocks": 0,
                        "Local Hit Blocks": 0,
                        "Local Read Blocks": 0,
                        "Local Dirtied Blocks": 0,
                        "Local Written Blocks": 0,
                        "Temp Read Blocks": 5831,
                        "Temp Written Blocks": 6234,
                        "Plans": [
                          {
                            "Node Type": "Hash Join",
                            "Parent Relationship": "Outer",
                            "Parallel Aware": False,
                            "Join Type": "Inner",
                            "Startup Cost": 44735.47,
                            "Total Cost": 193486.52,
                            "Plan Rows": 22971,
                            "Plan Width": 608,
                            "Actual Startup Time": 13522.78,
                            "Actual Total Time": 14100.562,
                            "Actual Rows": 31636,
                            "Actual Loops": 3,
                            "Inner Unique": True,
                            "Hash Cond": "(customer.c_nationkey = nation.n_nationkey)",
                            "Shared Hit Blocks": 3061,
                            "Shared Read Blocks": 138210,
                            "Shared Dirtied Blocks": 0,
                            "Shared Written Blocks": 0,
                            "Local Hit Blocks": 0,
                            "Local Read Blocks": 0,
                            "Local Dirtied Blocks": 0,
                            "Local Written Blocks": 0,
                            "Temp Read Blocks": 3566,
                            "Temp Written Blocks": 3964,
                            "Plans": [
                              {
                                "Node Type": "Hash Join",
                                "Parent Relationship": "Outer",
                                "Parallel Aware": True,
                                "Join Type": "Inner",
                                "Startup Cost": 44721.65,
                                "Total Cost": 193410.9,
                                "Plan Rows": 22971,
                                "Plan Width": 508,
                                "Actual Startup Time": 13521.774,
                                "Actual Total Time": 14041.098,
                                "Actual Rows": 31636,
                                "Actual Loops": 3,
                                "Inner Unique": True,
                                "Hash Cond": "(orders.o_custkey = customer.c_custkey)",
                                "Shared Hit Blocks": 3040,
                                "Shared Read Blocks": 138206,
                                "Shared Dirtied Blocks": 0,
                                "Shared Written Blocks": 0,
                                "Local Hit Blocks": 0,
                                "Local Read Blocks": 0,
                                "Local Dirtied Blocks": 0,
                                "Local Written Blocks": 0,
                                "Temp Read Blocks": 3566,
                                "Temp Written Blocks": 3964,
                                "Plans": [
                                  {
                                    "Node Type": "Hash Join",
                                    "Parent Relationship": "Outer",
                                    "Parallel Aware": True,
                                    "Join Type": "Inner",
                                    "Startup Cost": 35762.4,
                                    "Total Cost": 180197.35,
                                    "Plan Rows": 22971,
                                    "Plan Width": 16,
                                    "Actual Startup Time": 1407.421,
                                    "Actual Total Time": 12488.023,
                                    "Actual Rows": 31636,
                                    "Actual Loops": 3,
                                    "Inner Unique": True,
                                    "Hash Cond": "(lineitem.l_orderkey = orders.o_orderkey)",
                                    "Shared Hit Blocks": 3038,
                                    "Shared Read Blocks": 134623,
                                    "Shared Dirtied Blocks": 0,
                                    "Shared Written Blocks": 0,
                                    "Local Hit Blocks": 0,
                                    "Local Read Blocks": 0,
                                    "Local Dirtied Blocks": 0,
                                    "Local Written Blocks": 0,
                                    "Temp Read Blocks": 0,
                                    "Temp Written Blocks": 0,
                                    "Plans": [
                                      {
                                        "Node Type": "Seq Scan",
                                        "Parent Relationship": "Outer",
                                        "Parallel Aware": True,
                                        "Relation Name": "lineitem",
                                        "Alias": "lineitem",
                                        "Startup Cost": 0,
                                        "Total Cost": 142823.89,
                                        "Plan Rows": 613738,
                                        "Plan Width": 16,
                                        "Actual Startup Time": 0.85,
                                        "Actual Total Time": 10075.147,
                                        "Actual Rows": 492957,
                                        "Actual Loops": 3,
                                        "Filter": "(l_returnflag = 'R'::\"char\")",
                                        "Rows Removed by Filter": 1507448,
                                        "Shared Hit Blocks": 2,
                                        "Shared Read Blocks": 111564,
                                        "Shared Dirtied Blocks": 0,
                                        "Shared Written Blocks": 0,
                                        "Local Hit Blocks": 0,
                                        "Local Read Blocks": 0,
                                        "Local Dirtied Blocks": 0,
                                        "Local Written Blocks": 0,
                                        "Temp Read Blocks": 0,
                                        "Temp Written Blocks": 0
                                      },
                                      {
                                        "Node Type": "Hash",
                                        "Parent Relationship": "Inner",
                                        "Parallel Aware": True,
                                        "Startup Cost": 35470,
                                        "Total Cost": 35470,
                                        "Plan Rows": 23392,
                                        "Plan Width": 8,
                                        "Actual Startup Time": 1402.572,
                                        "Actual Total Time": 1402.574,
                                        "Actual Rows": 18835,
                                        "Actual Loops": 3,
                                        "Hash Buckets": 65536,
                                        "Original Hash Buckets": 65536,
                                        "Hash Batches": 1,
                                        "Original Hash Batches": 1,
                                        "Peak Memory Usage": 2784,
                                        "Shared Hit Blocks": 3036,
                                        "Shared Read Blocks": 23059,
                                        "Shared Dirtied Blocks": 0,
                                        "Shared Written Blocks": 0,
                                        "Local Hit Blocks": 0,
                                        "Local Read Blocks": 0,
                                        "Local Dirtied Blocks": 0,
                                        "Local Written Blocks": 0,
                                        "Temp Read Blocks": 0,
                                        "Temp Written Blocks": 0,
                                        "Plans": [
                                          {
                                            "Node Type": "Seq Scan",
                                            "Parent Relationship": "Outer",
                                            "Parallel Aware": True,
                                            "Relation Name": "orders",
                                            "Alias": "orders",
                                            "Startup Cost": 0,
                                            "Total Cost": 35470,
                                            "Plan Rows": 23392,
                                            "Plan Width": 8,
                                            "Actual Startup Time": 0.746,
                                            "Actual Total Time": 1308.395,
                                            "Actual Rows": 18835,
                                            "Actual Loops": 3,
                                            "Filter": "((o_orderdate >= '1995-01-01'::date) AND (o_orderdate < '1995-04-01 00:00:00'::timestamp without time zone))",
                                            "Rows Removed by Filter": 481165,
                                            "Shared Hit Blocks": 3036,
                                            "Shared Read Blocks": 23059,
                                            "Shared Dirtied Blocks": 0,
                                            "Shared Written Blocks": 0,
                                            "Local Hit Blocks": 0,
                                            "Local Read Blocks": 0,
                                            "Local Dirtied Blocks": 0,
                                            "Local Written Blocks": 0,
                                            "Temp Read Blocks": 0,
                                            "Temp Written Blocks": 0
                                          }
                                        ]
                                      }
                                    ]
                                  },
                                  {
                                    "Node Type": "Hash",
                                    "Parent Relationship": "Inner",
                                    "Parallel Aware": True,
                                    "Startup Cost": 4210,
                                    "Total Cost": 4210,
                                    "Plan Rows": 62500,
                                    "Plan Width": 496,
                                    "Actual Startup Time": 555.807,
                                    "Actual Total Time": 555.808,
                                    "Actual Rows": 50000,
                                    "Actual Loops": 3,
                                    "Hash Buckets": 8192,
                                    "Original Hash Buckets": 8192,
                                    "Hash Batches": 32,
                                    "Original Hash Batches": 32,
                                    "Peak Memory Usage": 960,
                                    "Shared Hit Blocks": 2,
                                    "Shared Read Blocks": 3583,
                                    "Shared Dirtied Blocks": 0,
                                    "Shared Written Blocks": 0,
                                    "Local Hit Blocks": 0,
                                    "Local Read Blocks": 0,
                                    "Local Dirtied Blocks": 0,
                                    "Local Written Blocks": 0,
                                    "Temp Read Blocks": 0,
                                    "Temp Written Blocks": 3200,
                                    "Plans": [
                                      {
                                        "Node Type": "Seq Scan",
                                        "Parent Relationship": "Outer",
                                        "Parallel Aware": True,
                                        "Relation Name": "customer",
                                        "Alias": "customer",
                                        "Startup Cost": 0,
                                        "Total Cost": 4210,
                                        "Plan Rows": 62500,
                                        "Plan Width": 496,
                                        "Actual Startup Time": 0.065,
                                        "Actual Total Time": 258.579,
                                        "Actual Rows": 50000,
                                        "Actual Loops": 3,
                                        "Shared Hit Blocks": 2,
                                        "Shared Read Blocks": 3583,
                                        "Shared Dirtied Blocks": 0,
                                        "Shared Written Blocks": 0,
                                        "Local Hit Blocks": 0,
                                        "Local Read Blocks": 0,
                                        "Local Dirtied Blocks": 0,
                                        "Local Written Blocks": 0,
                                        "Temp Read Blocks": 0,
                                        "Temp Written Blocks": 0
                                      }
                                    ]
                                  }
                                ]
                              },
                              {
                                "Node Type": "Hash",
                                "Parent Relationship": "Inner",
                                "Parallel Aware": False,
                                "Startup Cost": 11.7,
                                "Total Cost": 11.7,
                                "Plan Rows": 170,
                                "Plan Width": 108,
                                "Actual Startup Time": 0.242,
                                "Actual Total Time": 0.242,
                                "Actual Rows": 25,
                                "Actual Loops": 3,
                                "Hash Buckets": 1024,
                                "Original Hash Buckets": 1024,
                                "Hash Batches": 1,
                                "Original Hash Batches": 1,
                                "Peak Memory Usage": 10,
                                "Shared Hit Blocks": 2,
                                "Shared Read Blocks": 1,
                                "Shared Dirtied Blocks": 0,
                                "Shared Written Blocks": 0,
                                "Local Hit Blocks": 0,
                                "Local Read Blocks": 0,
                                "Local Dirtied Blocks": 0,
                                "Local Written Blocks": 0,
                                "Temp Read Blocks": 0,
                                "Temp Written Blocks": 0,
                                "Plans": [
                                  {
                                    "Node Type": "Seq Scan",
                                    "Parent Relationship": "Outer",
                                    "Parallel Aware": False,
                                    "Relation Name": "nation",
                                    "Alias": "nation",
                                    "Startup Cost": 0,
                                    "Total Cost": 11.7,
                                    "Plan Rows": 170,
                                    "Plan Width": 108,
                                    "Actual Startup Time": 0.186,
                                    "Actual Total Time": 0.195,
                                    "Actual Rows": 25,
                                    "Actual Loops": 3,
                                    "Shared Hit Blocks": 2,
                                    "Shared Read Blocks": 1,
                                    "Shared Dirtied Blocks": 0,
                                    "Shared Written Blocks": 0,
                                    "Local Hit Blocks": 0,
                                    "Local Read Blocks": 0,
                                    "Local Dirtied Blocks": 0,
                                    "Local Written Blocks": 0,
                                    "Temp Read Blocks": 0,
                                    "Temp Written Blocks": 0
                                  }
                                ]
                              }
                            ]
                          }
                        ]
                      }
                    ]
                  }
                ]
              }
            ]
          }
        ]
      }
    ]
  },
  "Planning Time": 9.174,
  "Triggers": [],
  "Execution Time": 16298.865
}

q11 = {
  "Plan": {
    "Node Type": "Limit",
    "Parallel Aware": False,
    "Startup Cost": 2217.87,
    "Total Cost": 2217.87,
    "Plan Rows": 1,
    "Plan Width": 36,
    "Actual Startup Time": 10953.874,
    "Actual Total Time": 10953.879,
    "Actual Rows": 1,
    "Actual Loops": 1,
    "Shared Hit Blocks": 54957,
    "Shared Read Blocks": 13849,
    "Shared Dirtied Blocks": 0,
    "Shared Written Blocks": 0,
    "Local Hit Blocks": 0,
    "Local Read Blocks": 0,
    "Local Dirtied Blocks": 0,
    "Local Written Blocks": 0,
    "Temp Read Blocks": 0,
    "Temp Written Blocks": 0,
    "Plans": [
      {
        "Node Type": "Aggregate",
        "Strategy": "Plain",
        "Partial Mode": "Simple",
        "Parent Relationship": "InitPlan",
        "Subplan Name": "InitPlan 1 (returns $1)",
        "Parallel Aware": False,
        "Startup Cost": 1040.3,
        "Total Cost": 1040.31,
        "Plan Rows": 1,
        "Plan Width": 32,
        "Actual Startup Time": 1218.14,
        "Actual Total Time": 1218.141,
        "Actual Rows": 1,
        "Actual Loops": 1,
        "Shared Hit Blocks": 32946,
        "Shared Read Blocks": 1457,
        "Shared Dirtied Blocks": 0,
        "Shared Written Blocks": 0,
        "Local Hit Blocks": 0,
        "Local Read Blocks": 0,
        "Local Dirtied Blocks": 0,
        "Local Written Blocks": 0,
        "Temp Read Blocks": 0,
        "Temp Written Blocks": 0,
        "Plans": [
          {
            "Node Type": "Nested Loop",
            "Parent Relationship": "Outer",
            "Parallel Aware": False,
            "Join Type": "Inner",
            "Startup Cost": 12.56,
            "Total Cost": 1005,
            "Plan Rows": 4706,
            "Plan Width": 10,
            "Actual Startup Time": 1.739,
            "Actual Total Time": 1056.755,
            "Actual Rows": 32880,
            "Actual Loops": 1,
            "Inner Unique": False,
            "Shared Hit Blocks": 32946,
            "Shared Read Blocks": 1457,
            "Shared Dirtied Blocks": 0,
            "Shared Written Blocks": 0,
            "Local Hit Blocks": 0,
            "Local Read Blocks": 0,
            "Local Dirtied Blocks": 0,
            "Local Written Blocks": 0,
            "Temp Read Blocks": 0,
            "Temp Written Blocks": 0,
            "Plans": [
              {
                "Node Type": "Hash Join",
                "Parent Relationship": "Outer",
                "Parallel Aware": False,
                "Join Type": "Inner",
                "Startup Cost": 12.14,
                "Total Cost": 361.04,
                "Plan Rows": 59,
                "Plan Width": 4,
                "Actual Startup Time": 1.609,
                "Actual Total Time": 22.293,
                "Actual Rows": 411,
                "Actual Loops": 1,
                "Inner Unique": True,
                "Hash Cond": "(supplier_1.s_nationkey = nation_1.n_nationkey)",
                "Shared Hit Blocks": 222,
                "Shared Read Blocks": 1,
                "Shared Dirtied Blocks": 0,
                "Shared Written Blocks": 0,
                "Local Hit Blocks": 0,
                "Local Read Blocks": 0,
                "Local Dirtied Blocks": 0,
                "Local Written Blocks": 0,
                "Temp Read Blocks": 0,
                "Temp Written Blocks": 0,
                "Plans": [
                  {
                    "Node Type": "Seq Scan",
                    "Parent Relationship": "Outer",
                    "Parallel Aware": False,
                    "Relation Name": "supplier",
                    "Alias": "supplier_1",
                    "Startup Cost": 0,
                    "Total Cost": 322,
                    "Plan Rows": 10000,
                    "Plan Width": 8,
                    "Actual Startup Time": 0.048,
                    "Actual Total Time": 7.14,
                    "Actual Rows": 10000,
                    "Actual Loops": 1,
                    "Shared Hit Blocks": 222,
                    "Shared Read Blocks": 0,
                    "Shared Dirtied Blocks": 0,
                    "Shared Written Blocks": 0,
                    "Local Hit Blocks": 0,
                    "Local Read Blocks": 0,
                    "Local Dirtied Blocks": 0,
                    "Local Written Blocks": 0,
                    "Temp Read Blocks": 0,
                    "Temp Written Blocks": 0
                  },
                  {
                    "Node Type": "Hash",
                    "Parent Relationship": "Inner",
                    "Parallel Aware": False,
                    "Startup Cost": 12.12,
                    "Total Cost": 12.12,
                    "Plan Rows": 1,
                    "Plan Width": 4,
                    "Actual Startup Time": 1.378,
                    "Actual Total Time": 1.378,
                    "Actual Rows": 1,
                    "Actual Loops": 1,
                    "Hash Buckets": 1024,
                    "Original Hash Buckets": 1024,
                    "Hash Batches": 1,
                    "Original Hash Batches": 1,
                    "Peak Memory Usage": 9,
                    "Shared Hit Blocks": 0,
                    "Shared Read Blocks": 1,
                    "Shared Dirtied Blocks": 0,
                    "Shared Written Blocks": 0,
                    "Local Hit Blocks": 0,
                    "Local Read Blocks": 0,
                    "Local Dirtied Blocks": 0,
                    "Local Written Blocks": 0,
                    "Temp Read Blocks": 0,
                    "Temp Written Blocks": 0,
                    "Plans": [
                      {
                        "Node Type": "Seq Scan",
                        "Parent Relationship": "Outer",
                        "Parallel Aware": False,
                        "Relation Name": "nation",
                        "Alias": "nation_1",
                        "Startup Cost": 0,
                        "Total Cost": 12.12,
                        "Plan Rows": 1,
                        "Plan Width": 4,
                        "Actual Startup Time": 1.186,
                        "Actual Total Time": 1.204,
                        "Actual Rows": 1,
                        "Actual Loops": 1,
                        "Filter": "(n_name = 'SAUDI ARABIA'::bpchar)",
                        "Rows Removed by Filter": 24,
                        "Shared Hit Blocks": 0,
                        "Shared Read Blocks": 1,
                        "Shared Dirtied Blocks": 0,
                        "Shared Written Blocks": 0,
                        "Local Hit Blocks": 0,
                        "Local Read Blocks": 0,
                        "Local Dirtied Blocks": 0,
                        "Local Written Blocks": 0,
                        "Temp Read Blocks": 0,
                        "Temp Written Blocks": 0
                      }
                    ]
                  }
                ]
              },
              {
                "Node Type": "Index Scan",
                "Parent Relationship": "Inner",
                "Parallel Aware": False,
                "Scan Direction": "Forward",
                "Index Name": "\"PartSupp_pkey\"",
                "Relation Name": "partsupp",
                "Alias": "partsupp_1",
                "Startup Cost": 0.42,
                "Total Cost": 10.11,
                "Plan Rows": 80,
                "Plan Width": 14,
                "Actual Startup Time": 0.19,
                "Actual Total Time": 2.345,
                "Actual Rows": 80,
                "Actual Loops": 411,
                "Index Cond": "(ps_suppkey = supplier_1.s_suppkey)",
                "Rows Removed by Index Recheck": 0,
                "Shared Hit Blocks": 32724,
                "Shared Read Blocks": 1456,
                "Shared Dirtied Blocks": 0,
                "Shared Written Blocks": 0,
                "Local Hit Blocks": 0,
                "Local Read Blocks": 0,
                "Local Dirtied Blocks": 0,
                "Local Written Blocks": 0,
                "Temp Read Blocks": 0,
                "Temp Written Blocks": 0
              }
            ]
          }
        ]
      },
      {
        "Node Type": "Sort",
        "Parent Relationship": "Outer",
        "Parallel Aware": False,
        "Startup Cost": 1177.56,
        "Total Cost": 1181.48,
        "Plan Rows": 1569,
        "Plan Width": 36,
        "Actual Startup Time": 10953.872,
        "Actual Total Time": 10953.872,
        "Actual Rows": 1,
        "Actual Loops": 1,
        "Sort Key": [
          "(sum((partsupp.ps_supplycost * (partsupp.ps_availqty)::numeric))) DESC"
        ],
        "Sort Method": "top-N heapsort",
        "Sort Space Used": 25,
        "Sort Space Type": "Memory",
        "Shared Hit Blocks": 54957,
        "Shared Read Blocks": 13849,
        "Shared Dirtied Blocks": 0,
        "Shared Written Blocks": 0,
        "Local Hit Blocks": 0,
        "Local Read Blocks": 0,
        "Local Dirtied Blocks": 0,
        "Local Written Blocks": 0,
        "Temp Read Blocks": 0,
        "Temp Written Blocks": 0,
        "Plans": [
          {
            "Node Type": "Aggregate",
            "Strategy": "Hashed",
            "Partial Mode": "Simple",
            "Parent Relationship": "Outer",
            "Parallel Aware": False,
            "Startup Cost": 1087.36,
            "Total Cost": 1169.71,
            "Plan Rows": 1569,
            "Plan Width": 36,
            "Actual Startup Time": 10768.902,
            "Actual Total Time": 10951.211,
            "Actual Rows": 839,
            "Actual Loops": 1,
            "Group Key": [
              "partsupp.ps_partkey"
            ],
            "Filter": "(sum((partsupp.ps_supplycost * (partsupp.ps_availqty)::numeric)) > $1)",
            "Rows Removed by Filter": 30007,
            "Shared Hit Blocks": 54957,
            "Shared Read Blocks": 13849,
            "Shared Dirtied Blocks": 0,
            "Shared Written Blocks": 0,
            "Local Hit Blocks": 0,
            "Local Read Blocks": 0,
            "Local Dirtied Blocks": 0,
            "Local Written Blocks": 0,
            "Temp Read Blocks": 0,
            "Temp Written Blocks": 0,
            "Plans": [
              {
                "Node Type": "Nested Loop",
                "Parent Relationship": "Outer",
                "Parallel Aware": False,
                "Join Type": "Inner",
                "Startup Cost": 12.56,
                "Total Cost": 1005,
                "Plan Rows": 4706,
                "Plan Width": 14,
                "Actual Startup Time": 0.309,
                "Actual Total Time": 8825.521,
                "Actual Rows": 32880,
                "Actual Loops": 1,
                "Inner Unique": False,
                "Shared Hit Blocks": 22011,
                "Shared Read Blocks": 12392,
                "Shared Dirtied Blocks": 0,
                "Shared Written Blocks": 0,
                "Local Hit Blocks": 0,
                "Local Read Blocks": 0,
                "Local Dirtied Blocks": 0,
                "Local Written Blocks": 0,
                "Temp Read Blocks": 0,
                "Temp Written Blocks": 0,
                "Plans": [
                  {
                    "Node Type": "Hash Join",
                    "Parent Relationship": "Outer",
                    "Parallel Aware": False,
                    "Join Type": "Inner",
                    "Startup Cost": 12.14,
                    "Total Cost": 361.04,
                    "Plan Rows": 59,
                    "Plan Width": 4,
                    "Actual Startup Time": 0.081,
                    "Actual Total Time": 36.157,
                    "Actual Rows": 411,
                    "Actual Loops": 1,
                    "Inner Unique": True,
                    "Hash Cond": "(supplier.s_nationkey = nation.n_nationkey)",
                    "Shared Hit Blocks": 220,
                    "Shared Read Blocks": 3,
                    "Shared Dirtied Blocks": 0,
                    "Shared Written Blocks": 0,
                    "Local Hit Blocks": 0,
                    "Local Read Blocks": 0,
                    "Local Dirtied Blocks": 0,
                    "Local Written Blocks": 0,
                    "Temp Read Blocks": 0,
                    "Temp Written Blocks": 0,
                    "Plans": [
                      {
                        "Node Type": "Seq Scan",
                        "Parent Relationship": "Outer",
                        "Parallel Aware": False,
                        "Relation Name": "supplier",
                        "Alias": "supplier",
                        "Startup Cost": 0,
                        "Total Cost": 322,
                        "Plan Rows": 10000,
                        "Plan Width": 8,
                        "Actual Startup Time": 0.012,
                        "Actual Total Time": 24.322,
                        "Actual Rows": 10000,
                        "Actual Loops": 1,
                        "Shared Hit Blocks": 219,
                        "Shared Read Blocks": 3,
                        "Shared Dirtied Blocks": 0,
                        "Shared Written Blocks": 0,
                        "Local Hit Blocks": 0,
                        "Local Read Blocks": 0,
                        "Local Dirtied Blocks": 0,
                        "Local Written Blocks": 0,
                        "Temp Read Blocks": 0,
                        "Temp Written Blocks": 0
                      },
                      {
                        "Node Type": "Hash",
                        "Parent Relationship": "Inner",
                        "Parallel Aware": False,
                        "Startup Cost": 12.12,
                        "Total Cost": 12.12,
                        "Plan Rows": 1,
                        "Plan Width": 4,
                        "Actual Startup Time": 0.02,
                        "Actual Total Time": 0.021,
                        "Actual Rows": 1,
                        "Actual Loops": 1,
                        "Hash Buckets": 1024,
                        "Original Hash Buckets": 1024,
                        "Hash Batches": 1,
                        "Original Hash Batches": 1,
                        "Peak Memory Usage": 9,
                        "Shared Hit Blocks": 1,
                        "Shared Read Blocks": 0,
                        "Shared Dirtied Blocks": 0,
                        "Shared Written Blocks": 0,
                        "Local Hit Blocks": 0,
                        "Local Read Blocks": 0,
                        "Local Dirtied Blocks": 0,
                        "Local Written Blocks": 0,
                        "Temp Read Blocks": 0,
                        "Temp Written Blocks": 0,
                        "Plans": [
                          {
                            "Node Type": "Seq Scan",
                            "Parent Relationship": "Outer",
                            "Parallel Aware": False,
                            "Relation Name": "nation",
                            "Alias": "nation",
                            "Startup Cost": 0,
                            "Total Cost": 12.12,
                            "Plan Rows": 1,
                            "Plan Width": 4,
                            "Actual Startup Time": 0.015,
                            "Actual Total Time": 0.017,
                            "Actual Rows": 1,
                            "Actual Loops": 1,
                            "Filter": "(n_name = 'SAUDI ARABIA'::bpchar)",
                            "Rows Removed by Filter": 24,
                            "Shared Hit Blocks": 1,
                            "Shared Read Blocks": 0,
                            "Shared Dirtied Blocks": 0,
                            "Shared Written Blocks": 0,
                            "Local Hit Blocks": 0,
                            "Local Read Blocks": 0,
                            "Local Dirtied Blocks": 0,
                            "Local Written Blocks": 0,
                            "Temp Read Blocks": 0,
                            "Temp Written Blocks": 0
                          }
                        ]
                      }
                    ]
                  },
                  {
                    "Node Type": "Index Scan",
                    "Parent Relationship": "Inner",
                    "Parallel Aware": False,
                    "Scan Direction": "Forward",
                    "Index Name": "\"PartSupp_pkey\"",
                    "Relation Name": "partsupp",
                    "Alias": "partsupp",
                    "Startup Cost": 0.42,
                    "Total Cost": 10.11,
                    "Plan Rows": 80,
                    "Plan Width": 18,
                    "Actual Startup Time": 0.406,
                    "Actual Total Time": 20.832,
                    "Actual Rows": 80,
                    "Actual Loops": 411,
                    "Index Cond": "(ps_suppkey = supplier.s_suppkey)",
                    "Rows Removed by Index Recheck": 0,
                    "Shared Hit Blocks": 21791,
                    "Shared Read Blocks": 12389,
                    "Shared Dirtied Blocks": 0,
                    "Shared Written Blocks": 0,
                    "Local Hit Blocks": 0,
                    "Local Read Blocks": 0,
                    "Local Dirtied Blocks": 0,
                    "Local Written Blocks": 0,
                    "Temp Read Blocks": 0,
                    "Temp Written Blocks": 0
                  }
                ]
              }
            ]
          }
        ]
      }
    ]
  },
  "Planning Time": 2.45,
  "Triggers": [],
  "Execution Time": 10955.202
}

q12 = {
  "Plan": {
    "Node Type": "Limit",
    "Parallel Aware": False,
    "Startup Cost": 172229.61,
    "Total Cost": 172229.91,
    "Plan Rows": 1,
    "Plan Width": 60,
    "Actual Startup Time": 14436.922,
    "Actual Total Time": 14462.123,
    "Actual Rows": 1,
    "Actual Loops": 1,
    "Shared Hit Blocks": 102511,
    "Shared Read Blocks": 133235,
    "Shared Dirtied Blocks": 0,
    "Shared Written Blocks": 0,
    "Local Hit Blocks": 0,
    "Local Read Blocks": 0,
    "Local Dirtied Blocks": 0,
    "Local Written Blocks": 0,
    "Temp Read Blocks": 0,
    "Temp Written Blocks": 0,
    "Plans": [
      {
        "Node Type": "Aggregate",
        "Strategy": "Sorted",
        "Partial Mode": "Finalize",
        "Parent Relationship": "Outer",
        "Parallel Aware": False,
        "Startup Cost": 172229.61,
        "Total Cost": 172290.81,
        "Plan Rows": 199,
        "Plan Width": 60,
        "Actual Startup Time": 14436.919,
        "Actual Total Time": 14436.92,
        "Actual Rows": 1,
        "Actual Loops": 1,
        "Group Key": [
          "lineitem.l_shipmode"
        ],
        "Shared Hit Blocks": 35113,
        "Shared Read Blocks": 45952,
        "Shared Dirtied Blocks": 0,
        "Shared Written Blocks": 0,
        "Local Hit Blocks": 0,
        "Local Read Blocks": 0,
        "Local Dirtied Blocks": 0,
        "Local Written Blocks": 0,
        "Temp Read Blocks": 0,
        "Temp Written Blocks": 0,
        "Plans": [
          {
            "Node Type": "Gather Merge",
            "Parent Relationship": "Outer",
            "Parallel Aware": False,
            "Startup Cost": 172229.61,
            "Total Cost": 172285.83,
            "Plan Rows": 398,
            "Plan Width": 60,
            "Actual Startup Time": 14371.555,
            "Actual Total Time": 14462.095,
            "Actual Rows": 4,
            "Actual Loops": 1,
            "Workers Planned": 2,
            "Workers Launched": 2,
            "Shared Hit Blocks": 102511,
            "Shared Read Blocks": 133235,
            "Shared Dirtied Blocks": 0,
            "Shared Written Blocks": 0,
            "Local Hit Blocks": 0,
            "Local Read Blocks": 0,
            "Local Dirtied Blocks": 0,
            "Local Written Blocks": 0,
            "Temp Read Blocks": 0,
            "Temp Written Blocks": 0,
            "Plans": [
              {
                "Node Type": "Aggregate",
                "Strategy": "Sorted",
                "Partial Mode": "Partial",
                "Parent Relationship": "Outer",
                "Parallel Aware": False,
                "Startup Cost": 171229.58,
                "Total Cost": 171239.87,
                "Plan Rows": 199,
                "Plan Width": 60,
                "Actual Startup Time": 14353.806,
                "Actual Total Time": 14379.723,
                "Actual Rows": 2,
                "Actual Loops": 3,
                "Group Key": [
                  "lineitem.l_shipmode"
                ],
                "Shared Hit Blocks": 102511,
                "Shared Read Blocks": 133235,
                "Shared Dirtied Blocks": 0,
                "Shared Written Blocks": 0,
                "Local Hit Blocks": 0,
                "Local Read Blocks": 0,
                "Local Dirtied Blocks": 0,
                "Local Written Blocks": 0,
                "Temp Read Blocks": 0,
                "Temp Written Blocks": 0,
                "Plans": [
                  {
                    "Node Type": "Sort",
                    "Parent Relationship": "Outer",
                    "Parallel Aware": False,
                    "Startup Cost": 171229.58,
                    "Total Cost": 171230.62,
                    "Plan Rows": 415,
                    "Plan Width": 108,
                    "Actual Startup Time": 14345.698,
                    "Actual Total Time": 14348.329,
                    "Actual Rows": 10347,
                    "Actual Loops": 3,
                    "Sort Key": [
                      "lineitem.l_shipmode"
                    ],
                    "Sort Method": "quicksort",
                    "Sort Space Used": 1216,
                    "Sort Space Type": "Memory",
                    "Workers": [
                      {
                        "Worker Number": 0,
                        "Sort Method": "quicksort",
                        "Sort Space Used": 1173,
                        "Sort Space Type": "Memory"
                      },
                      {
                        "Worker Number": 1,
                        "Sort Method": "quicksort",
                        "Sort Space Used": 1190,
                        "Sort Space Type": "Memory"
                      }
                    ],
                    "Shared Hit Blocks": 102511,
                    "Shared Read Blocks": 133235,
                    "Shared Dirtied Blocks": 0,
                    "Shared Written Blocks": 0,
                    "Local Hit Blocks": 0,
                    "Local Read Blocks": 0,
                    "Local Dirtied Blocks": 0,
                    "Local Written Blocks": 0,
                    "Temp Read Blocks": 0,
                    "Temp Written Blocks": 0,
                    "Plans": [
                      {
                        "Node Type": "Nested Loop",
                        "Parent Relationship": "Outer",
                        "Parallel Aware": False,
                        "Join Type": "Inner",
                        "Startup Cost": 0.43,
                        "Total Cost": 171211.54,
                        "Plan Rows": 415,
                        "Plan Width": 108,
                        "Actual Startup Time": 1.407,
                        "Actual Total Time": 14218.764,
                        "Actual Rows": 10347,
                        "Actual Loops": 3,
                        "Inner Unique": True,
                        "Shared Hit Blocks": 102499,
                        "Shared Read Blocks": 133233,
                        "Shared Dirtied Blocks": 0,
                        "Shared Written Blocks": 0,
                        "Local Hit Blocks": 0,
                        "Local Read Blocks": 0,
                        "Local Dirtied Blocks": 0,
                        "Local Written Blocks": 0,
                        "Temp Read Blocks": 0,
                        "Temp Written Blocks": 0,
                        "Plans": [
                          {
                            "Node Type": "Seq Scan",
                            "Parent Relationship": "Outer",
                            "Parallel Aware": True,
                            "Relation Name": "lineitem",
                            "Alias": "lineitem",
                            "Startup Cost": 0,
                            "Total Cost": 167830.19,
                            "Plan Rows": 415,
                            "Plan Width": 48,
                            "Actual Startup Time": 1.055,
                            "Actual Total Time": 10558.633,
                            "Actual Rows": 10347,
                            "Actual Loops": 3,
                            "Filter": "((l_shipmode = ANY ('{TRUCK,AIR}'::bpchar[])) AND (l_commitdate < l_receiptdate) AND (l_shipdate < l_commitdate) AND (l_receiptdate >= '1997-01-01'::date) AND (l_receiptdate < '1998-01-01 00:00:00'::timestamp without time zone))",
                            "Rows Removed by Filter": 1990058,
                            "Shared Hit Blocks": 1,
                            "Shared Read Blocks": 111565,
                            "Shared Dirtied Blocks": 0,
                            "Shared Written Blocks": 0,
                            "Local Hit Blocks": 0,
                            "Local Read Blocks": 0,
                            "Local Dirtied Blocks": 0,
                            "Local Written Blocks": 0,
                            "Temp Read Blocks": 0,
                            "Temp Written Blocks": 0
                          },
                          {
                            "Node Type": "Index Scan",
                            "Parent Relationship": "Inner",
                            "Parallel Aware": False,
                            "Scan Direction": "Forward",
                            "Index Name": "\"Orders_pkey\"",
                            "Relation Name": "orders",
                            "Alias": "orders",
                            "Startup Cost": 0.43,
                            "Total Cost": 8.15,
                            "Plan Rows": 1,
                            "Plan Width": 68,
                            "Actual Startup Time": 0.335,
                            "Actual Total Time": 0.335,
                            "Actual Rows": 1,
                            "Actual Loops": 31041,
                            "Index Cond": "(o_orderkey = lineitem.l_orderkey)",
                            "Rows Removed by Index Recheck": 0,
                            "Shared Hit Blocks": 102498,
                            "Shared Read Blocks": 21668,
                            "Shared Dirtied Blocks": 0,
                            "Shared Written Blocks": 0,
                            "Local Hit Blocks": 0,
                            "Local Read Blocks": 0,
                            "Local Dirtied Blocks": 0,
                            "Local Written Blocks": 0,
                            "Temp Read Blocks": 0,
                            "Temp Written Blocks": 0
                          }
                        ]
                      }
                    ]
                  }
                ]
              }
            ]
          }
        ]
      }
    ]
  },
  "Planning Time": 4.67,
  "Triggers": [],
  "Execution Time": 14462.534
}

q13 = {
  "Plan": {
    "Node Type": "Limit",
    "Parallel Aware": False,
    "Startup Cost": 181244.9,
    "Total Cost": 181244.9,
    "Plan Rows": 1,
    "Plan Width": 16,
    "Actual Startup Time": 15825.635,
    "Actual Total Time": 16119.228,
    "Actual Rows": 1,
    "Actual Loops": 1,
    "Shared Hit Blocks": 10970,
    "Shared Read Blocks": 18829,
    "Shared Dirtied Blocks": 0,
    "Shared Written Blocks": 0,
    "Local Hit Blocks": 0,
    "Local Read Blocks": 0,
    "Local Dirtied Blocks": 0,
    "Local Written Blocks": 0,
    "Temp Read Blocks": 8832,
    "Temp Written Blocks": 9231,
    "Plans": [
      {
        "Node Type": "Sort",
        "Parent Relationship": "Outer",
        "Parallel Aware": False,
        "Startup Cost": 181244.9,
        "Total Cost": 181245.4,
        "Plan Rows": 200,
        "Plan Width": 16,
        "Actual Startup Time": 15825.633,
        "Actual Total Time": 15825.633,
        "Actual Rows": 1,
        "Actual Loops": 1,
        "Sort Key": [
          "(count(*)) DESC",
          "(count(orders.o_orderkey)) DESC"
        ],
        "Sort Method": "top-N heapsort",
        "Sort Space Used": 25,
        "Sort Space Type": "Memory",
        "Shared Hit Blocks": 3767,
        "Shared Read Blocks": 6509,
        "Shared Dirtied Blocks": 0,
        "Shared Written Blocks": 0,
        "Local Hit Blocks": 0,
        "Local Read Blocks": 0,
        "Local Dirtied Blocks": 0,
        "Local Written Blocks": 0,
        "Temp Read Blocks": 2879,
        "Temp Written Blocks": 3179,
        "Plans": [
          {
            "Node Type": "Aggregate",
            "Strategy": "Hashed",
            "Partial Mode": "Simple",
            "Parent Relationship": "Outer",
            "Parallel Aware": False,
            "Startup Cost": 181241.9,
            "Total Cost": 181243.9,
            "Plan Rows": 200,
            "Plan Width": 16,
            "Actual Startup Time": 15825.548,
            "Actual Total Time": 15825.567,
            "Actual Rows": 42,
            "Actual Loops": 1,
            "Group Key": [
              "count(orders.o_orderkey)"
            ],
            "Shared Hit Blocks": 3764,
            "Shared Read Blocks": 6509,
            "Shared Dirtied Blocks": 0,
            "Shared Written Blocks": 0,
            "Local Hit Blocks": 0,
            "Local Read Blocks": 0,
            "Local Dirtied Blocks": 0,
            "Local Written Blocks": 0,
            "Temp Read Blocks": 2879,
            "Temp Written Blocks": 3179,
            "Plans": [
              {
                "Node Type": "Aggregate",
                "Strategy": "Sorted",
                "Partial Mode": "Finalize",
                "Parent Relationship": "Outer",
                "Parallel Aware": False,
                "Startup Cost": 135177.42,
                "Total Cost": 178991.9,
                "Plan Rows": 150000,
                "Plan Width": 12,
                "Actual Startup Time": 12102.978,
                "Actual Total Time": 15403.899,
                "Actual Rows": 150000,
                "Actual Loops": 1,
                "Group Key": [
                  "customer.c_custkey"
                ],
                "Shared Hit Blocks": 3764,
                "Shared Read Blocks": 6509,
                "Shared Dirtied Blocks": 0,
                "Shared Written Blocks": 0,
                "Local Hit Blocks": 0,
                "Local Read Blocks": 0,
                "Local Dirtied Blocks": 0,
                "Local Written Blocks": 0,
                "Temp Read Blocks": 2879,
                "Temp Written Blocks": 3179,
                "Plans": [
                  {
                    "Node Type": "Gather Merge",
                    "Parent Relationship": "Outer",
                    "Parallel Aware": False,
                    "Startup Cost": 135177.42,
                    "Total Cost": 175991.9,
                    "Plan Rows": 300000,
                    "Plan Width": 12,
                    "Actual Startup Time": 12101.073,
                    "Actual Total Time": 14832.858,
                    "Actual Rows": 150000,
                    "Actual Loops": 1,
                    "Workers Planned": 2,
                    "Workers Launched": 2,
                    "Shared Hit Blocks": 10967,
                    "Shared Read Blocks": 18829,
                    "Shared Dirtied Blocks": 0,
                    "Shared Written Blocks": 0,
                    "Local Hit Blocks": 0,
                    "Local Read Blocks": 0,
                    "Local Dirtied Blocks": 0,
                    "Local Written Blocks": 0,
                    "Temp Read Blocks": 8832,
                    "Temp Written Blocks": 9231,
                    "Plans": [
                      {
                        "Node Type": "Aggregate",
                        "Strategy": "Sorted",
                        "Partial Mode": "Partial",
                        "Parent Relationship": "Outer",
                        "Parallel Aware": False,
                        "Startup Cost": 134177.4,
                        "Total Cost": 140364.43,
                        "Plan Rows": 150000,
                        "Plan Width": 12,
                        "Actual Startup Time": 12054.313,
                        "Actual Total Time": 13302.11,
                        "Actual Rows": 50000,
                        "Actual Loops": 3,
                        "Group Key": [
                          "customer.c_custkey"
                        ],
                        "Shared Hit Blocks": 10967,
                        "Shared Read Blocks": 18829,
                        "Shared Dirtied Blocks": 0,
                        "Shared Written Blocks": 0,
                        "Local Hit Blocks": 0,
                        "Local Read Blocks": 0,
                        "Local Dirtied Blocks": 0,
                        "Local Written Blocks": 0,
                        "Temp Read Blocks": 8832,
                        "Temp Written Blocks": 9231,
                        "Plans": [
                          {
                            "Node Type": "Sort",
                            "Parent Relationship": "Outer",
                            "Parallel Aware": False,
                            "Startup Cost": 134177.4,
                            "Total Cost": 135739.74,
                            "Plan Rows": 624938,
                            "Plan Width": 8,
                            "Actual Startup Time": 12054.27,
                            "Actual Total Time": 12595.84,
                            "Actual Rows": 511301,
                            "Actual Loops": 3,
                            "Sort Key": [
                              "customer.c_custkey"
                            ],
                            "Sort Method": "external merge",
                            "Sort Space Used": 8976,
                            "Sort Space Type": "Disk",
                            "Workers": [
                              {
                                "Worker Number": 0,
                                "Sort Method": "external merge",
                                "Sort Space Used": 9024,
                                "Sort Space Type": "Disk"
                              },
                              {
                                "Worker Number": 1,
                                "Sort Method": "external merge",
                                "Sort Space Used": 8976,
                                "Sort Space Type": "Disk"
                              }
                            ],
                            "Shared Hit Blocks": 10967,
                            "Shared Read Blocks": 18829,
                            "Shared Dirtied Blocks": 0,
                            "Shared Written Blocks": 0,
                            "Local Hit Blocks": 0,
                            "Local Read Blocks": 0,
                            "Local Dirtied Blocks": 0,
                            "Local Written Blocks": 0,
                            "Temp Read Blocks": 8832,
                            "Temp Written Blocks": 9231,
                            "Plans": [
                              {
                                "Node Type": "Hash Join",
                                "Parent Relationship": "Outer",
                                "Parallel Aware": True,
                                "Join Type": "Left",
                                "Startup Cost": 44161.22,
                                "Total Cost": 65469.63,
                                "Plan Rows": 624938,
                                "Plan Width": 8,
                                "Actual Startup Time": 7093.566,
                                "Actual Total Time": 9867.1,
                                "Actual Rows": 511301,
                                "Actual Loops": 3,
                                "Inner Unique": False,
                                "Hash Cond": "(customer.c_custkey = orders.o_custkey)",
                                "Shared Hit Blocks": 10875,
                                "Shared Read Blocks": 18827,
                                "Shared Dirtied Blocks": 0,
                                "Shared Written Blocks": 0,
                                "Local Hit Blocks": 0,
                                "Local Read Blocks": 0,
                                "Local Dirtied Blocks": 0,
                                "Local Written Blocks": 0,
                                "Temp Read Blocks": 5460,
                                "Temp Written Blocks": 5832,
                                "Plans": [
                                  {
                                    "Node Type": "Seq Scan",
                                    "Parent Relationship": "Outer",
                                    "Parallel Aware": True,
                                    "Relation Name": "customer",
                                    "Alias": "customer",
                                    "Startup Cost": 0,
                                    "Total Cost": 4210,
                                    "Plan Rows": 62500,
                                    "Plan Width": 4,
                                    "Actual Startup Time": 1.201,
                                    "Actual Total Time": 489.587,
                                    "Actual Rows": 50000,
                                    "Actual Loops": 3,
                                    "Shared Hit Blocks": 2,
                                    "Shared Read Blocks": 3583,
                                    "Shared Dirtied Blocks": 0,
                                    "Shared Written Blocks": 0,
                                    "Local Hit Blocks": 0,
                                    "Local Read Blocks": 0,
                                    "Local Dirtied Blocks": 0,
                                    "Local Written Blocks": 0,
                                    "Temp Read Blocks": 0,
                                    "Temp Written Blocks": 0
                                  },
                                  {
                                    "Node Type": "Hash",
                                    "Parent Relationship": "Inner",
                                    "Parallel Aware": True,
                                    "Startup Cost": 33907.5,
                                    "Total Cost": 33907.5,
                                    "Plan Rows": 624938,
                                    "Plan Width": 8,
                                    "Actual Startup Time": 6240.276,
                                    "Actual Total Time": 6240.278,
                                    "Actual Rows": 494633,
                                    "Actual Loops": 3,
                                    "Hash Buckets": 131072,
                                    "Original Hash Buckets": 131072,
                                    "Hash Batches": 32,
                                    "Original Hash Batches": 32,
                                    "Peak Memory Usage": 2912,
                                    "Shared Hit Blocks": 10853,
                                    "Shared Read Blocks": 15242,
                                    "Shared Dirtied Blocks": 0,
                                    "Shared Written Blocks": 0,
                                    "Local Hit Blocks": 0,
                                    "Local Read Blocks": 0,
                                    "Local Dirtied Blocks": 0,
                                    "Local Written Blocks": 0,
                                    "Temp Read Blocks": 0,
                                    "Temp Written Blocks": 5112,
                                    "Plans": [
                                      {
                                        "Node Type": "Seq Scan",
                                        "Parent Relationship": "Outer",
                                        "Parallel Aware": True,
                                        "Relation Name": "orders",
                                        "Alias": "orders",
                                        "Startup Cost": 0,
                                        "Total Cost": 33907.5,
                                        "Plan Rows": 624938,
                                        "Plan Width": 8,
                                        "Actual Startup Time": 0.601,
                                        "Actual Total Time": 4788.211,
                                        "Actual Rows": 494633,
                                        "Actual Loops": 3,
                                        "Filter": "((o_comment)::text !~~ '%pending%packages%'::text)",
                                        "Rows Removed by Filter": 5367,
                                        "Shared Hit Blocks": 10853,
                                        "Shared Read Blocks": 15242,
                                        "Shared Dirtied Blocks": 0,
                                        "Shared Written Blocks": 0,
                                        "Local Hit Blocks": 0,
                                        "Local Read Blocks": 0,
                                        "Local Dirtied Blocks": 0,
                                        "Local Written Blocks": 0,
                                        "Temp Read Blocks": 0,
                                        "Temp Written Blocks": 0
                                      }
                                    ]
                                  }
                                ]
                              }
                            ]
                          }
                        ]
                      }
                    ]
                  }
                ]
              }
            ]
          }
        ]
      }
    ]
  },
  "Planning Time": 3.405,
  "Triggers": [],
  "Execution Time": 16135.278
}

q14 = {
  "Plan": {
    "Node Type": "Limit",
    "Parallel Aware": False,
    "Startup Cost": 157616.87,
    "Total Cost": 157616.88,
    "Plan Rows": 1,
    "Plan Width": 32,
    "Actual Startup Time": 8718.094,
    "Actual Total Time": 8718.967,
    "Actual Rows": 1,
    "Actual Loops": 1,
    "Shared Hit Blocks": 238,
    "Shared Read Blocks": 115565,
    "Shared Dirtied Blocks": 0,
    "Shared Written Blocks": 0,
    "Local Hit Blocks": 0,
    "Local Read Blocks": 0,
    "Local Dirtied Blocks": 0,
    "Local Written Blocks": 0,
    "Temp Read Blocks": 0,
    "Temp Written Blocks": 0,
    "Plans": [
      {
        "Node Type": "Aggregate",
        "Strategy": "Plain",
        "Partial Mode": "Finalize",
        "Parent Relationship": "Outer",
        "Parallel Aware": False,
        "Startup Cost": 157616.87,
        "Total Cost": 157616.88,
        "Plan Rows": 1,
        "Plan Width": 32,
        "Actual Startup Time": 8718.092,
        "Actual Total Time": 8718.092,
        "Actual Rows": 1,
        "Actual Loops": 1,
        "Shared Hit Blocks": 238,
        "Shared Read Blocks": 115565,
        "Shared Dirtied Blocks": 0,
        "Shared Written Blocks": 0,
        "Local Hit Blocks": 0,
        "Local Read Blocks": 0,
        "Local Dirtied Blocks": 0,
        "Local Written Blocks": 0,
        "Temp Read Blocks": 0,
        "Temp Written Blocks": 0,
        "Plans": [
          {
            "Node Type": "Gather",
            "Parent Relationship": "Outer",
            "Parallel Aware": False,
            "Startup Cost": 157616.63,
            "Total Cost": 157616.84,
            "Plan Rows": 2,
            "Plan Width": 64,
            "Actual Startup Time": 8718.053,
            "Actual Total Time": 8718.927,
            "Actual Rows": 3,
            "Actual Loops": 1,
            "Workers Planned": 2,
            "Workers Launched": 2,
            "Single Copy": False,
            "Shared Hit Blocks": 238,
            "Shared Read Blocks": 115565,
            "Shared Dirtied Blocks": 0,
            "Shared Written Blocks": 0,
            "Local Hit Blocks": 0,
            "Local Read Blocks": 0,
            "Local Dirtied Blocks": 0,
            "Local Written Blocks": 0,
            "Temp Read Blocks": 0,
            "Temp Written Blocks": 0,
            "Plans": [
              {
                "Node Type": "Aggregate",
                "Strategy": "Plain",
                "Partial Mode": "Partial",
                "Parent Relationship": "Outer",
                "Parallel Aware": False,
                "Startup Cost": 156616.63,
                "Total Cost": 156616.64,
                "Plan Rows": 1,
                "Plan Width": 64,
                "Actual Startup Time": 8673.588,
                "Actual Total Time": 8673.589,
                "Actual Rows": 1,
                "Actual Loops": 3,
                "Shared Hit Blocks": 238,
                "Shared Read Blocks": 115565,
                "Shared Dirtied Blocks": 0,
                "Shared Written Blocks": 0,
                "Local Hit Blocks": 0,
                "Local Read Blocks": 0,
                "Local Dirtied Blocks": 0,
                "Local Written Blocks": 0,
                "Temp Read Blocks": 0,
                "Temp Written Blocks": 0,
                "Plans": [
                  {
                    "Node Type": "Hash Join",
                    "Parent Relationship": "Outer",
                    "Parallel Aware": True,
                    "Join Type": "Inner",
                    "Startup Cost": 149459,
                    "Total Cost": 156079.68,
                    "Plan Rows": 30683,
                    "Plan Width": 80,
                    "Actual Startup Time": 7853.136,
                    "Actual Total Time": 8546.194,
                    "Actual Rows": 24983,
                    "Actual Loops": 3,
                    "Inner Unique": False,
                    "Hash Cond": "(part.p_partkey = lineitem.l_partkey)",
                    "Shared Hit Blocks": 238,
                    "Shared Read Blocks": 115565,
                    "Shared Dirtied Blocks": 0,
                    "Shared Written Blocks": 0,
                    "Local Hit Blocks": 0,
                    "Local Read Blocks": 0,
                    "Local Dirtied Blocks": 0,
                    "Local Written Blocks": 0,
                    "Temp Read Blocks": 0,
                    "Temp Written Blocks": 0,
                    "Plans": [
                      {
                        "Node Type": "Seq Scan",
                        "Parent Relationship": "Outer",
                        "Parallel Aware": True,
                        "Relation Name": "part",
                        "Alias": "part",
                        "Startup Cost": 0,
                        "Total Cost": 4930.33,
                        "Plan Rows": 83333,
                        "Plan Width": 72,
                        "Actual Startup Time": 0.336,
                        "Actual Total Time": 452.422,
                        "Actual Rows": 66667,
                        "Actual Loops": 3,
                        "Shared Hit Blocks": 2,
                        "Shared Read Blocks": 4095,
                        "Shared Dirtied Blocks": 0,
                        "Shared Written Blocks": 0,
                        "Local Hit Blocks": 0,
                        "Local Read Blocks": 0,
                        "Local Dirtied Blocks": 0,
                        "Local Written Blocks": 0,
                        "Temp Read Blocks": 0,
                        "Temp Written Blocks": 0
                      },
                      {
                        "Node Type": "Hash",
                        "Parent Relationship": "Inner",
                        "Parallel Aware": True,
                        "Startup Cost": 149075.46,
                        "Total Cost": 149075.46,
                        "Plan Rows": 30683,
                        "Plan Width": 16,
                        "Actual Startup Time": 7851.014,
                        "Actual Total Time": 7851.014,
                        "Actual Rows": 24983,
                        "Actual Loops": 3,
                        "Hash Buckets": 131072,
                        "Original Hash Buckets": 131072,
                        "Hash Batches": 1,
                        "Original Hash Batches": 1,
                        "Peak Memory Usage": 5056,
                        "Shared Hit Blocks": 96,
                        "Shared Read Blocks": 111470,
                        "Shared Dirtied Blocks": 0,
                        "Shared Written Blocks": 0,
                        "Local Hit Blocks": 0,
                        "Local Read Blocks": 0,
                        "Local Dirtied Blocks": 0,
                        "Local Written Blocks": 0,
                        "Temp Read Blocks": 0,
                        "Temp Written Blocks": 0,
                        "Plans": [
                          {
                            "Node Type": "Seq Scan",
                            "Parent Relationship": "Outer",
                            "Parallel Aware": True,
                            "Relation Name": "lineitem",
                            "Alias": "lineitem",
                            "Startup Cost": 0,
                            "Total Cost": 149075.46,
                            "Plan Rows": 30683,
                            "Plan Width": 16,
                            "Actual Startup Time": 0.347,
                            "Actual Total Time": 7393.219,
                            "Actual Rows": 24983,
                            "Actual Loops": 3,
                            "Filter": "((l_shipdate >= '1993-11-01'::date) AND (l_shipdate < '1993-12-01 00:00:00'::timestamp without time zone))",
                            "Rows Removed by Filter": 1975422,
                            "Shared Hit Blocks": 96,
                            "Shared Read Blocks": 111470,
                            "Shared Dirtied Blocks": 0,
                            "Shared Written Blocks": 0,
                            "Local Hit Blocks": 0,
                            "Local Read Blocks": 0,
                            "Local Dirtied Blocks": 0,
                            "Local Written Blocks": 0,
                            "Temp Read Blocks": 0,
                            "Temp Written Blocks": 0
                          }
                        ]
                      }
                    ]
                  }
                ]
              }
            ]
          }
        ]
      }
    ]
  },
  "Planning Time": 3.915,
  "Triggers": [],
  "Execution Time": 8719.068
}

q16 = {
  "Plan": {
    "Node Type": "Limit",
    "Parallel Aware": False,
    "Startup Cost": 46416.05,
    "Total Cost": 46416.05,
    "Plan Rows": 1,
    "Plan Width": 124,
    "Actual Startup Time": 10295.049,
    "Actual Total Time": 10297.17,
    "Actual Rows": 1,
    "Actual Loops": 1,
    "Shared Hit Blocks": 575,
    "Shared Read Blocks": 21672,
    "Shared Dirtied Blocks": 0,
    "Shared Written Blocks": 0,
    "Local Hit Blocks": 0,
    "Local Read Blocks": 0,
    "Local Dirtied Blocks": 0,
    "Local Written Blocks": 0,
    "Temp Read Blocks": 757,
    "Temp Written Blocks": 760,
    "Plans": [
      {
        "Node Type": "Sort",
        "Parent Relationship": "Outer",
        "Parallel Aware": False,
        "Startup Cost": 46416.05,
        "Total Cost": 46457.47,
        "Plan Rows": 16568,
        "Plan Width": 124,
        "Actual Startup Time": 10295.047,
        "Actual Total Time": 10295.047,
        "Actual Rows": 1,
        "Actual Loops": 1,
        "Sort Key": [
          "(count(DISTINCT partsupp.ps_suppkey)) DESC",
          "part.p_brand",
          "part.p_type",
          "part.p_size"
        ],
        "Sort Method": "top-N heapsort",
        "Sort Space Used": 25,
        "Sort Space Type": "Memory",
        "Shared Hit Blocks": 575,
        "Shared Read Blocks": 21672,
        "Shared Dirtied Blocks": 0,
        "Shared Written Blocks": 0,
        "Local Hit Blocks": 0,
        "Local Read Blocks": 0,
        "Local Dirtied Blocks": 0,
        "Local Written Blocks": 0,
        "Temp Read Blocks": 757,
        "Temp Written Blocks": 760,
        "Plans": [
          {
            "Node Type": "Aggregate",
            "Strategy": "Sorted",
            "Partial Mode": "Simple",
            "Parent Relationship": "Outer",
            "Parallel Aware": False,
            "Startup Cost": 45359.51,
            "Total Cost": 46333.21,
            "Plan Rows": 16568,
            "Plan Width": 124,
            "Actual Startup Time": 8849.521,
            "Actual Total Time": 10260.575,
            "Actual Rows": 18106,
            "Actual Loops": 1,
            "Group Key": [
              "part.p_brand",
              "part.p_type",
              "part.p_size"
            ],
            "Shared Hit Blocks": 572,
            "Shared Read Blocks": 21672,
            "Shared Dirtied Blocks": 0,
            "Shared Written Blocks": 0,
            "Local Hit Blocks": 0,
            "Local Read Blocks": 0,
            "Local Dirtied Blocks": 0,
            "Local Written Blocks": 0,
            "Temp Read Blocks": 757,
            "Temp Written Blocks": 760,
            "Plans": [
              {
                "Node Type": "Sort",
                "Parent Relationship": "Outer",
                "Parallel Aware": False,
                "Startup Cost": 45359.51,
                "Total Cost": 45521.11,
                "Plan Rows": 64642,
                "Plan Width": 120,
                "Actual Startup Time": 8848.661,
                "Actual Total Time": 9536.854,
                "Actual Rows": 118575,
                "Actual Loops": 1,
                "Sort Key": [
                  "part.p_brand",
                  "part.p_type",
                  "part.p_size"
                ],
                "Sort Method": "external merge",
                "Sort Space Used": 6056,
                "Sort Space Type": "Disk",
                "Shared Hit Blocks": 572,
                "Shared Read Blocks": 21672,
                "Shared Dirtied Blocks": 0,
                "Shared Written Blocks": 0,
                "Local Hit Blocks": 0,
                "Local Read Blocks": 0,
                "Local Dirtied Blocks": 0,
                "Local Written Blocks": 0,
                "Temp Read Blocks": 757,
                "Temp Written Blocks": 760,
                "Plans": [
                  {
                    "Node Type": "Gather",
                    "Parent Relationship": "Outer",
                    "Parallel Aware": False,
                    "Startup Cost": 7695.67,
                    "Total Cost": 36215.05,
                    "Plan Rows": 64642,
                    "Plan Width": 120,
                    "Actual Startup Time": 346.596,
                    "Actual Total Time": 3107.984,
                    "Actual Rows": 118575,
                    "Actual Loops": 1,
                    "Workers Planned": 2,
                    "Workers Launched": 2,
                    "Single Copy": False,
                    "Shared Hit Blocks": 572,
                    "Shared Read Blocks": 21672,
                    "Shared Dirtied Blocks": 0,
                    "Shared Written Blocks": 0,
                    "Local Hit Blocks": 0,
                    "Local Read Blocks": 0,
                    "Local Dirtied Blocks": 0,
                    "Local Written Blocks": 0,
                    "Temp Read Blocks": 0,
                    "Temp Written Blocks": 0,
                    "Plans": [
                      {
                        "Node Type": "Hash Join",
                        "Parent Relationship": "Outer",
                        "Parallel Aware": True,
                        "Join Type": "Inner",
                        "Startup Cost": 6695.67,
                        "Total Cost": 28750.85,
                        "Plan Rows": 26934,
                        "Plan Width": 120,
                        "Actual Startup Time": 370.057,
                        "Actual Total Time": 3215.679,
                        "Actual Rows": 39525,
                        "Actual Loops": 3,
                        "Inner Unique": True,
                        "Hash Cond": "(partsupp.ps_partkey = part.p_partkey)",
                        "Shared Hit Blocks": 572,
                        "Shared Read Blocks": 21672,
                        "Shared Dirtied Blocks": 0,
                        "Shared Written Blocks": 0,
                        "Local Hit Blocks": 0,
                        "Local Read Blocks": 0,
                        "Local Dirtied Blocks": 0,
                        "Local Written Blocks": 0,
                        "Temp Read Blocks": 0,
                        "Temp Written Blocks": 0,
                        "Plans": [
                          {
                            "Node Type": "Seq Scan",
                            "Parent Relationship": "Outer",
                            "Parallel Aware": True,
                            "Relation Name": "partsupp",
                            "Alias": "partsupp",
                            "Startup Cost": 347,
                            "Total Cost": 21964.67,
                            "Plan Rows": 166667,
                            "Plan Width": 8,
                            "Actual Startup Time": 68.636,
                            "Actual Total Time": 2207.741,
                            "Actual Rows": 266560,
                            "Actual Loops": 3,
                            "Filter": "(NOT (hashed SubPlan 1))",
                            "Rows Removed by Filter": 107,
                            "Shared Hit Blocks": 444,
                            "Shared Read Blocks": 17673,
                            "Shared Dirtied Blocks": 0,
                            "Shared Written Blocks": 0,
                            "Local Hit Blocks": 0,
                            "Local Read Blocks": 0,
                            "Local Dirtied Blocks": 0,
                            "Local Written Blocks": 0,
                            "Temp Read Blocks": 0,
                            "Temp Written Blocks": 0,
                            "Plans": [
                              {
                                "Node Type": "Seq Scan",
                                "Parent Relationship": "SubPlan",
                                "Subplan Name": "SubPlan 1",
                                "Parallel Aware": False,
                                "Relation Name": "supplier",
                                "Alias": "supplier",
                                "Startup Cost": 0,
                                "Total Cost": 347,
                                "Plan Rows": 1,
                                "Plan Width": 4,
                                "Actual Startup Time": 1.454,
                                "Actual Total Time": 55.383,
                                "Actual Rows": 4,
                                "Actual Loops": 3,
                                "Filter": "((s_comment)::text ~~ '%Customer%Complaints%'::text)",
                                "Rows Removed by Filter": 9996,
                                "Shared Hit Blocks": 444,
                                "Shared Read Blocks": 222,
                                "Shared Dirtied Blocks": 0,
                                "Shared Written Blocks": 0,
                                "Local Hit Blocks": 0,
                                "Local Read Blocks": 0,
                                "Local Dirtied Blocks": 0,
                                "Local Written Blocks": 0,
                                "Temp Read Blocks": 0,
                                "Temp Written Blocks": 0
                              }
                            ]
                          },
                          {
                            "Node Type": "Hash",
                            "Parent Relationship": "Inner",
                            "Parallel Aware": True,
                            "Startup Cost": 6180.33,
                            "Total Cost": 6180.33,
                            "Plan Rows": 13467,
                            "Plan Width": 120,
                            "Actual Startup Time": 298.397,
                            "Actual Total Time": 298.398,
                            "Actual Rows": 9885,
                            "Actual Loops": 3,
                            "Hash Buckets": 32768,
                            "Original Hash Buckets": 32768,
                            "Hash Batches": 1,
                            "Original Hash Batches": 1,
                            "Peak Memory Usage": 2528,
                            "Shared Hit Blocks": 98,
                            "Shared Read Blocks": 3999,
                            "Shared Dirtied Blocks": 0,
                            "Shared Written Blocks": 0,
                            "Local Hit Blocks": 0,
                            "Local Read Blocks": 0,
                            "Local Dirtied Blocks": 0,
                            "Local Written Blocks": 0,
                            "Temp Read Blocks": 0,
                            "Temp Written Blocks": 0,
                            "Plans": [
                              {
                                "Node Type": "Seq Scan",
                                "Parent Relationship": "Outer",
                                "Parallel Aware": True,
                                "Relation Name": "part",
                                "Alias": "part",
                                "Startup Cost": 0,
                                "Total Cost": 6180.33,
                                "Plan Rows": 13467,
                                "Plan Width": 120,
                                "Actual Startup Time": 0.079,
                                "Actual Total Time": 281.065,
                                "Actual Rows": 9885,
                                "Actual Loops": 3,
                                "Filter": "((p_brand <> 'Brand#53'::bpchar) AND ((p_type)::text !~~ 'LARGE ANODIZED%'::text) AND (p_size = ANY ('{45,37,43,7,18,13,22,12}'::integer[])))",
                                "Rows Removed by Filter": 56782,
                                "Shared Hit Blocks": 98,
                                "Shared Read Blocks": 3999,
                                "Shared Dirtied Blocks": 0,
                                "Shared Written Blocks": 0,
                                "Local Hit Blocks": 0,
                                "Local Read Blocks": 0,
                                "Local Dirtied Blocks": 0,
                                "Local Written Blocks": 0,
                                "Temp Read Blocks": 0,
                                "Temp Written Blocks": 0
                              }
                            ]
                          }
                        ]
                      }
                    ]
                  }
                ]
              }
            ]
          }
        ]
      }
    ]
  },
  "Planning Time": 14.257,
  "Triggers": [],
  "Execution Time": 10306.82
}

q17 = {
  "Plan": {
    "Node Type": "Limit",
    "Parallel Aware": False,
    "Startup Cost": 718347.99,
    "Total Cost": 718348.01,
    "Plan Rows": 1,
    "Plan Width": 32,
    "Actual Startup Time": 268.041,
    "Actual Total Time": 270.082,
    "Actual Rows": 1,
    "Actual Loops": 1,
    "Shared Hit Blocks": 358,
    "Shared Read Blocks": 3903,
    "Shared Dirtied Blocks": 0,
    "Shared Written Blocks": 0,
    "Local Hit Blocks": 0,
    "Local Read Blocks": 0,
    "Local Dirtied Blocks": 0,
    "Local Written Blocks": 0,
    "Temp Read Blocks": 0,
    "Temp Written Blocks": 0,
    "Plans": [
      {
        "Node Type": "Aggregate",
        "Strategy": "Plain",
        "Partial Mode": "Simple",
        "Parent Relationship": "Outer",
        "Parallel Aware": False,
        "Startup Cost": 718347.99,
        "Total Cost": 718348.01,
        "Plan Rows": 1,
        "Plan Width": 32,
        "Actual Startup Time": 268.038,
        "Actual Total Time": 268.039,
        "Actual Rows": 1,
        "Actual Loops": 1,
        "Shared Hit Blocks": 358,
        "Shared Read Blocks": 3903,
        "Shared Dirtied Blocks": 0,
        "Shared Written Blocks": 0,
        "Local Hit Blocks": 0,
        "Local Read Blocks": 0,
        "Local Dirtied Blocks": 0,
        "Local Written Blocks": 0,
        "Temp Read Blocks": 0,
        "Temp Written Blocks": 0,
        "Plans": [
          {
            "Node Type": "Hash Join",
            "Parent Relationship": "Outer",
            "Parallel Aware": False,
            "Join Type": "Inner",
            "Startup Cost": 573655.87,
            "Total Cost": 718347.87,
            "Plan Rows": 49,
            "Plan Width": 8,
            "Actual Startup Time": 268.031,
            "Actual Total Time": 268.031,
            "Actual Rows": 0,
            "Actual Loops": 1,
            "Inner Unique": True,
            "Hash Cond": "(part.p_partkey = lineitem_1.l_partkey)",
            "Join Filter": "(lineitem.l_quantity < ((0.2 * avg(lineitem_1.l_quantity))))",
            "Rows Removed by Join Filter": 0,
            "Shared Hit Blocks": 358,
            "Shared Read Blocks": 3903,
            "Shared Dirtied Blocks": 0,
            "Shared Written Blocks": 0,
            "Local Hit Blocks": 0,
            "Local Read Blocks": 0,
            "Local Dirtied Blocks": 0,
            "Local Written Blocks": 0,
            "Temp Read Blocks": 0,
            "Temp Written Blocks": 0,
            "Plans": [
              {
                "Node Type": "Gather",
                "Parent Relationship": "Outer",
                "Parallel Aware": False,
                "Startup Cost": 6347.02,
                "Total Cost": 149498.63,
                "Plan Rows": 150,
                "Plan Width": 21,
                "Actual Startup Time": 268.029,
                "Actual Total Time": 270.058,
                "Actual Rows": 0,
                "Actual Loops": 1,
                "Workers Planned": 2,
                "Workers Launched": 2,
                "Single Copy": False,
                "Shared Hit Blocks": 358,
                "Shared Read Blocks": 3903,
                "Shared Dirtied Blocks": 0,
                "Shared Written Blocks": 0,
                "Local Hit Blocks": 0,
                "Local Read Blocks": 0,
                "Local Dirtied Blocks": 0,
                "Local Written Blocks": 0,
                "Temp Read Blocks": 0,
                "Temp Written Blocks": 0,
                "Plans": [
                  {
                    "Node Type": "Hash Join",
                    "Parent Relationship": "Outer",
                    "Parallel Aware": True,
                    "Join Type": "Inner",
                    "Startup Cost": 5347.02,
                    "Total Cost": 148483.63,
                    "Plan Rows": 62,
                    "Plan Width": 21,
                    "Actual Startup Time": 247.267,
                    "Actual Total Time": 247.269,
                    "Actual Rows": 0,
                    "Actual Loops": 3,
                    "Inner Unique": True,
                    "Hash Cond": "(lineitem.l_partkey = part.p_partkey)",
                    "Shared Hit Blocks": 358,
                    "Shared Read Blocks": 3903,
                    "Shared Dirtied Blocks": 0,
                    "Shared Written Blocks": 0,
                    "Local Hit Blocks": 0,
                    "Local Read Blocks": 0,
                    "Local Dirtied Blocks": 0,
                    "Local Written Blocks": 0,
                    "Temp Read Blocks": 0,
                    "Temp Written Blocks": 0,
                    "Plans": [
                      {
                        "Node Type": "Seq Scan",
                        "Parent Relationship": "Outer",
                        "Parallel Aware": True,
                        "Relation Name": "lineitem",
                        "Alias": "lineitem",
                        "Startup Cost": 0,
                        "Total Cost": 136572.31,
                        "Plan Rows": 2500631,
                        "Plan Width": 17,
                        "Actual Startup Time": 0,
                        "Actual Total Time": 0,
                        "Actual Rows": 0,
                        "Actual Loops": 0,
                        "Shared Hit Blocks": 0,
                        "Shared Read Blocks": 0,
                        "Shared Dirtied Blocks": 0,
                        "Shared Written Blocks": 0,
                        "Local Hit Blocks": 0,
                        "Local Read Blocks": 0,
                        "Local Dirtied Blocks": 0,
                        "Local Written Blocks": 0,
                        "Temp Read Blocks": 0,
                        "Temp Written Blocks": 0
                      },
                      {
                        "Node Type": "Hash",
                        "Parent Relationship": "Inner",
                        "Parallel Aware": True,
                        "Startup Cost": 5347,
                        "Total Cost": 5347,
                        "Plan Rows": 2,
                        "Plan Width": 4,
                        "Actual Startup Time": 244.53,
                        "Actual Total Time": 244.53,
                        "Actual Rows": 0,
                        "Actual Loops": 3,
                        "Hash Buckets": 1024,
                        "Original Hash Buckets": 1024,
                        "Hash Batches": 1,
                        "Original Hash Batches": 1,
                        "Peak Memory Usage": 0,
                        "Shared Hit Blocks": 194,
                        "Shared Read Blocks": 3903,
                        "Shared Dirtied Blocks": 0,
                        "Shared Written Blocks": 0,
                        "Local Hit Blocks": 0,
                        "Local Read Blocks": 0,
                        "Local Dirtied Blocks": 0,
                        "Local Written Blocks": 0,
                        "Temp Read Blocks": 0,
                        "Temp Written Blocks": 0,
                        "Plans": [
                          {
                            "Node Type": "Seq Scan",
                            "Parent Relationship": "Outer",
                            "Parallel Aware": True,
                            "Relation Name": "part",
                            "Alias": "part",
                            "Startup Cost": 0,
                            "Total Cost": 5347,
                            "Plan Rows": 2,
                            "Plan Width": 4,
                            "Actual Startup Time": 244.427,
                            "Actual Total Time": 244.427,
                            "Actual Rows": 0,
                            "Actual Loops": 3,
                            "Filter": "((p_brand = 'brand#33'::bpchar) AND (p_container = 'wrap jar'::bpchar))",
                            "Rows Removed by Filter": 66667,
                            "Shared Hit Blocks": 194,
                            "Shared Read Blocks": 3903,
                            "Shared Dirtied Blocks": 0,
                            "Shared Written Blocks": 0,
                            "Local Hit Blocks": 0,
                            "Local Read Blocks": 0,
                            "Local Dirtied Blocks": 0,
                            "Local Written Blocks": 0,
                            "Temp Read Blocks": 0,
                            "Temp Written Blocks": 0
                          }
                        ]
                      }
                    ]
                  }
                ]
              },
              {
                "Node Type": "Hash",
                "Parent Relationship": "Inner",
                "Parallel Aware": False,
                "Startup Cost": 563310.7,
                "Total Cost": 563310.7,
                "Plan Rows": 196811,
                "Plan Width": 36,
                "Actual Startup Time": 0,
                "Actual Total Time": 0,
                "Actual Rows": 0,
                "Actual Loops": 0,
                "Shared Hit Blocks": 0,
                "Shared Read Blocks": 0,
                "Shared Dirtied Blocks": 0,
                "Shared Written Blocks": 0,
                "Local Hit Blocks": 0,
                "Local Read Blocks": 0,
                "Local Dirtied Blocks": 0,
                "Local Written Blocks": 0,
                "Temp Read Blocks": 0,
                "Temp Written Blocks": 0,
                "Plans": [
                  {
                    "Node Type": "Aggregate",
                    "Strategy": "Sorted",
                    "Partial Mode": "Finalize",
                    "Parent Relationship": "Outer",
                    "Parallel Aware": False,
                    "Startup Cost": 488789.65,
                    "Total Cost": 561342.59,
                    "Plan Rows": 196811,
                    "Plan Width": 36,
                    "Actual Startup Time": 0,
                    "Actual Total Time": 0,
                    "Actual Rows": 0,
                    "Actual Loops": 0,
                    "Group Key": [
                      "lineitem_1.l_partkey"
                    ],
                    "Shared Hit Blocks": 0,
                    "Shared Read Blocks": 0,
                    "Shared Dirtied Blocks": 0,
                    "Shared Written Blocks": 0,
                    "Local Hit Blocks": 0,
                    "Local Read Blocks": 0,
                    "Local Dirtied Blocks": 0,
                    "Local Written Blocks": 0,
                    "Temp Read Blocks": 0,
                    "Temp Written Blocks": 0,
                    "Plans": [
                      {
                        "Node Type": "Gather Merge",
                        "Parent Relationship": "Outer",
                        "Parallel Aware": False,
                        "Startup Cost": 488789.65,
                        "Total Cost": 555438.26,
                        "Plan Rows": 393622,
                        "Plan Width": 36,
                        "Actual Startup Time": 0,
                        "Actual Total Time": 0,
                        "Actual Rows": 0,
                        "Actual Loops": 0,
                        "Workers Planned": 2,
                        "Workers Launched": 0,
                        "Shared Hit Blocks": 0,
                        "Shared Read Blocks": 0,
                        "Shared Dirtied Blocks": 0,
                        "Shared Written Blocks": 0,
                        "Local Hit Blocks": 0,
                        "Local Read Blocks": 0,
                        "Local Dirtied Blocks": 0,
                        "Local Written Blocks": 0,
                        "Temp Read Blocks": 0,
                        "Temp Written Blocks": 0,
                        "Plans": [
                          {
                            "Node Type": "Aggregate",
                            "Strategy": "Sorted",
                            "Partial Mode": "Partial",
                            "Parent Relationship": "Outer",
                            "Parallel Aware": False,
                            "Startup Cost": 487789.62,
                            "Total Cost": 509004.49,
                            "Plan Rows": 196811,
                            "Plan Width": 36,
                            "Actual Startup Time": 0,
                            "Actual Total Time": 0,
                            "Actual Rows": 0,
                            "Actual Loops": 0,
                            "Group Key": [
                              "lineitem_1.l_partkey"
                            ],
                            "Shared Hit Blocks": 0,
                            "Shared Read Blocks": 0,
                            "Shared Dirtied Blocks": 0,
                            "Shared Written Blocks": 0,
                            "Local Hit Blocks": 0,
                            "Local Read Blocks": 0,
                            "Local Dirtied Blocks": 0,
                            "Local Written Blocks": 0,
                            "Temp Read Blocks": 0,
                            "Temp Written Blocks": 0,
                            "Plans": [
                              {
                                "Node Type": "Sort",
                                "Parent Relationship": "Outer",
                                "Parallel Aware": False,
                                "Startup Cost": 487789.62,
                                "Total Cost": 494041.2,
                                "Plan Rows": 2500631,
                                "Plan Width": 9,
                                "Actual Startup Time": 0,
                                "Actual Total Time": 0,
                                "Actual Rows": 0,
                                "Actual Loops": 0,
                                "Sort Key": [
                                  "lineitem_1.l_partkey"
                                ],
                                "Shared Hit Blocks": 0,
                                "Shared Read Blocks": 0,
                                "Shared Dirtied Blocks": 0,
                                "Shared Written Blocks": 0,
                                "Local Hit Blocks": 0,
                                "Local Read Blocks": 0,
                                "Local Dirtied Blocks": 0,
                                "Local Written Blocks": 0,
                                "Temp Read Blocks": 0,
                                "Temp Written Blocks": 0,
                                "Plans": [
                                  {
                                    "Node Type": "Seq Scan",
                                    "Parent Relationship": "Outer",
                                    "Parallel Aware": True,
                                    "Relation Name": "lineitem",
                                    "Alias": "lineitem_1",
                                    "Startup Cost": 0,
                                    "Total Cost": 136572.31,
                                    "Plan Rows": 2500631,
                                    "Plan Width": 9,
                                    "Actual Startup Time": 0,
                                    "Actual Total Time": 0,
                                    "Actual Rows": 0,
                                    "Actual Loops": 0,
                                    "Shared Hit Blocks": 0,
                                    "Shared Read Blocks": 0,
                                    "Shared Dirtied Blocks": 0,
                                    "Shared Written Blocks": 0,
                                    "Local Hit Blocks": 0,
                                    "Local Read Blocks": 0,
                                    "Local Dirtied Blocks": 0,
                                    "Local Written Blocks": 0,
                                    "Temp Read Blocks": 0,
                                    "Temp Written Blocks": 0
                                  }
                                ]
                              }
                            ]
                          }
                        ]
                      }
                    ]
                  }
                ]
              }
            ]
          }
        ]
      }
    ]
  },
  "Planning Time": 2.23,
  "Triggers": [],
  "Execution Time": 270.282
}

q18 = {
  "Plan": {
    "Node Type": "Limit",
    "Parallel Aware": False,
    "Startup Cost": 731486.8,
    "Total Cost": 731486.8,
    "Plan Rows": 1,
    "Plan Width": 120,
    "Actual Startup Time": 51561.398,
    "Actual Total Time": 51686.918,
    "Actual Rows": 1,
    "Actual Loops": 1,
    "Shared Hit Blocks": 278157,
    "Shared Read Blocks": 157679,
    "Shared Dirtied Blocks": 0,
    "Shared Written Blocks": 0,
    "Local Hit Blocks": 0,
    "Local Read Blocks": 0,
    "Local Dirtied Blocks": 0,
    "Local Written Blocks": 0,
    "Temp Read Blocks": 4021,
    "Temp Written Blocks": 4021,
    "Plans": [
      {
        "Node Type": "Sort",
        "Parent Relationship": "Outer",
        "Parallel Aware": False,
        "Startup Cost": 731486.8,
        "Total Cost": 732762.68,
        "Plan Rows": 510353,
        "Plan Width": 120,
        "Actual Startup Time": 51561.395,
        "Actual Total Time": 51561.395,
        "Actual Rows": 1,
        "Actual Loops": 1,
        "Sort Key": [
          "orders.o_totalprice DESC",
          "orders.o_orderdate"
        ],
        "Sort Method": "top-N heapsort",
        "Sort Space Used": 25,
        "Sort Space Type": "Memory",
        "Shared Hit Blocks": 84964,
        "Shared Read Blocks": 59800,
        "Shared Dirtied Blocks": 0,
        "Shared Written Blocks": 0,
        "Local Hit Blocks": 0,
        "Local Read Blocks": 0,
        "Local Dirtied Blocks": 0,
        "Local Written Blocks": 0,
        "Temp Read Blocks": 1345,
        "Temp Written Blocks": 1345,
        "Plans": [
          {
            "Node Type": "Aggregate",
            "Strategy": "Sorted",
            "Partial Mode": "Finalize",
            "Parent Relationship": "Outer",
            "Parallel Aware": False,
            "Startup Cost": 664428.65,
            "Total Cost": 728935.04,
            "Plan Rows": 510353,
            "Plan Width": 120,
            "Actual Startup Time": 51561.278,
            "Actual Total Time": 51561.368,
            "Actual Rows": 9,
            "Actual Loops": 1,
            "Group Key": [
              "customer.c_custkey",
              "orders.o_orderkey"
            ],
            "Shared Hit Blocks": 84964,
            "Shared Read Blocks": 59800,
            "Shared Dirtied Blocks": 0,
            "Shared Written Blocks": 0,
            "Local Hit Blocks": 0,
            "Local Read Blocks": 0,
            "Local Dirtied Blocks": 0,
            "Local Written Blocks": 0,
            "Temp Read Blocks": 1345,
            "Temp Written Blocks": 1345,
            "Plans": [
              {
                "Node Type": "Gather Merge",
                "Parent Relationship": "Outer",
                "Parallel Aware": False,
                "Startup Cost": 664428.65,
                "Total Cost": 718302.68,
                "Plan Rows": 425294,
                "Plan Width": 120,
                "Actual Startup Time": 51561.251,
                "Actual Total Time": 51686.802,
                "Actual Rows": 9,
                "Actual Loops": 1,
                "Workers Planned": 2,
                "Workers Launched": 2,
                "Shared Hit Blocks": 278157,
                "Shared Read Blocks": 157679,
                "Shared Dirtied Blocks": 0,
                "Shared Written Blocks": 0,
                "Local Hit Blocks": 0,
                "Local Read Blocks": 0,
                "Local Dirtied Blocks": 0,
                "Local Written Blocks": 0,
                "Temp Read Blocks": 4021,
                "Temp Written Blocks": 4021,
                "Plans": [
                  {
                    "Node Type": "Aggregate",
                    "Strategy": "Sorted",
                    "Partial Mode": "Partial",
                    "Parent Relationship": "Outer",
                    "Parallel Aware": False,
                    "Startup Cost": 663428.62,
                    "Total Cost": 668213.18,
                    "Plan Rows": 212647,
                    "Plan Width": 120,
                    "Actual Startup Time": 51465.884,
                    "Actual Total Time": 51465.911,
                    "Actual Rows": 3,
                    "Actual Loops": 3,
                    "Group Key": [
                      "customer.c_custkey",
                      "orders.o_orderkey"
                    ],
                    "Shared Hit Blocks": 278157,
                    "Shared Read Blocks": 157679,
                    "Shared Dirtied Blocks": 0,
                    "Shared Written Blocks": 0,
                    "Local Hit Blocks": 0,
                    "Local Read Blocks": 0,
                    "Local Dirtied Blocks": 0,
                    "Local Written Blocks": 0,
                    "Temp Read Blocks": 4021,
                    "Temp Written Blocks": 4021,
                    "Plans": [
                      {
                        "Node Type": "Sort",
                        "Parent Relationship": "Outer",
                        "Parallel Aware": False,
                        "Startup Cost": 663428.62,
                        "Total Cost": 663960.24,
                        "Plan Rows": 212647,
                        "Plan Width": 93,
                        "Actual Startup Time": 51465.818,
                        "Actual Total Time": 51465.823,
                        "Actual Rows": 21,
                        "Actual Loops": 3,
                        "Sort Key": [
                          "customer.c_custkey",
                          "orders.o_orderkey"
                        ],
                        "Sort Method": "quicksort",
                        "Sort Space Used": 26,
                        "Sort Space Type": "Memory",
                        "Workers": [
                          {
                            "Worker Number": 0,
                            "Sort Method": "quicksort",
                            "Sort Space Used": 26,
                            "Sort Space Type": "Memory"
                          },
                          {
                            "Worker Number": 1,
                            "Sort Method": "quicksort",
                            "Sort Space Used": 27,
                            "Sort Space Type": "Memory"
                          }
                        ],
                        "Shared Hit Blocks": 278157,
                        "Shared Read Blocks": 157679,
                        "Shared Dirtied Blocks": 0,
                        "Shared Written Blocks": 0,
                        "Local Hit Blocks": 0,
                        "Local Read Blocks": 0,
                        "Local Dirtied Blocks": 0,
                        "Local Written Blocks": 0,
                        "Temp Read Blocks": 4021,
                        "Temp Written Blocks": 4021,
                        "Plans": [
                          {
                            "Node Type": "Nested Loop",
                            "Parent Relationship": "Outer",
                            "Parallel Aware": False,
                            "Join Type": "Inner",
                            "Startup Cost": 561333.35,
                            "Total Cost": 633708.88,
                            "Plan Rows": 212647,
                            "Plan Width": 93,
                            "Actual Startup Time": 51183.667,
                            "Actual Total Time": 51465.624,
                            "Actual Rows": 21,
                            "Actual Loops": 3,
                            "Inner Unique": False,
                            "Shared Hit Blocks": 278143,
                            "Shared Read Blocks": 157679,
                            "Shared Dirtied Blocks": 0,
                            "Shared Written Blocks": 0,
                            "Local Hit Blocks": 0,
                            "Local Read Blocks": 0,
                            "Local Dirtied Blocks": 0,
                            "Local Written Blocks": 0,
                            "Temp Read Blocks": 4021,
                            "Temp Written Blocks": 4021,
                            "Plans": [
                              {
                                "Node Type": "Hash Join",
                                "Parent Relationship": "Outer",
                                "Parallel Aware": True,
                                "Join Type": "Inner",
                                "Startup Cost": 561332.92,
                                "Total Cost": 566858.12,
                                "Plan Rows": 53148,
                                "Plan Width": 92,
                                "Actual Startup Time": 51181.65,
                                "Actual Total Time": 51463.181,
                                "Actual Rows": 3,
                                "Actual Loops": 3,
                                "Inner Unique": False,
                                "Hash Cond": "(customer.c_custkey = orders.o_custkey)",
                                "Shared Hit Blocks": 278134,
                                "Shared Read Blocks": 157652,
                                "Shared Dirtied Blocks": 0,
                                "Shared Written Blocks": 0,
                                "Local Hit Blocks": 0,
                                "Local Read Blocks": 0,
                                "Local Dirtied Blocks": 0,
                                "Local Written Blocks": 0,
                                "Temp Read Blocks": 4021,
                                "Temp Written Blocks": 4021,
                                "Plans": [
                                  {
                                    "Node Type": "Seq Scan",
                                    "Parent Relationship": "Outer",
                                    "Parallel Aware": True,
                                    "Relation Name": "customer",
                                    "Alias": "customer",
                                    "Startup Cost": 0,
                                    "Total Cost": 4210,
                                    "Plan Rows": 62500,
                                    "Plan Width": 72,
                                    "Actual Startup Time": 1.171,
                                    "Actual Total Time": 304.898,
                                    "Actual Rows": 50000,
                                    "Actual Loops": 3,
                                    "Shared Hit Blocks": 0,
                                    "Shared Read Blocks": 3585,
                                    "Shared Dirtied Blocks": 0,
                                    "Shared Written Blocks": 0,
                                    "Local Hit Blocks": 0,
                                    "Local Read Blocks": 0,
                                    "Local Dirtied Blocks": 0,
                                    "Local Written Blocks": 0,
                                    "Temp Read Blocks": 0,
                                    "Temp Written Blocks": 0
                                  },
                                  {
                                    "Node Type": "Hash",
                                    "Parent Relationship": "Inner",
                                    "Parallel Aware": True,
                                    "Startup Cost": 560668.57,
                                    "Total Cost": 560668.57,
                                    "Plan Rows": 53148,
                                    "Plan Width": 24,
                                    "Actual Startup Time": 51028.136,
                                    "Actual Total Time": 51028.137,
                                    "Actual Rows": 3,
                                    "Actual Loops": 3,
                                    "Hash Buckets": 131072,
                                    "Original Hash Buckets": 131072,
                                    "Hash Batches": 1,
                                    "Original Hash Batches": 1,
                                    "Peak Memory Usage": 1088,
                                    "Shared Hit Blocks": 278112,
                                    "Shared Read Blocks": 154067,
                                    "Shared Dirtied Blocks": 0,
                                    "Shared Written Blocks": 0,
                                    "Local Hit Blocks": 0,
                                    "Local Read Blocks": 0,
                                    "Local Dirtied Blocks": 0,
                                    "Local Written Blocks": 0,
                                    "Temp Read Blocks": 4021,
                                    "Temp Written Blocks": 4021,
                                    "Plans": [
                                      {
                                        "Node Type": "Hash Join",
                                        "Parent Relationship": "Outer",
                                        "Parallel Aware": False,
                                        "Join Type": "Inner",
                                        "Startup Cost": 518857.95,
                                        "Total Cost": 560668.57,
                                        "Plan Rows": 53148,
                                        "Plan Width": 24,
                                        "Actual Startup Time": 48314.741,
                                        "Actual Total Time": 50958.901,
                                        "Actual Rows": 3,
                                        "Actual Loops": 3,
                                        "Inner Unique": True,
                                        "Hash Cond": "(orders.o_orderkey = lineitem_1.l_orderkey)",
                                        "Shared Hit Blocks": 278112,
                                        "Shared Read Blocks": 154067,
                                        "Shared Dirtied Blocks": 0,
                                        "Shared Written Blocks": 0,
                                        "Local Hit Blocks": 0,
                                        "Local Read Blocks": 0,
                                        "Local Dirtied Blocks": 0,
                                        "Local Written Blocks": 0,
                                        "Temp Read Blocks": 4021,
                                        "Temp Written Blocks": 4021,
                                        "Plans": [
                                          {
                                            "Node Type": "Seq Scan",
                                            "Parent Relationship": "Outer",
                                            "Parallel Aware": True,
                                            "Relation Name": "orders",
                                            "Alias": "orders",
                                            "Startup Cost": 0,
                                            "Total Cost": 32345,
                                            "Plan Rows": 625000,
                                            "Plan Width": 20,
                                            "Actual Startup Time": 0.296,
                                            "Actual Total Time": 3092.103,
                                            "Actual Rows": 500000,
                                            "Actual Loops": 3,
                                            "Shared Hit Blocks": 1,
                                            "Shared Read Blocks": 26094,
                                            "Shared Dirtied Blocks": 0,
                                            "Shared Written Blocks": 0,
                                            "Local Hit Blocks": 0,
                                            "Local Read Blocks": 0,
                                            "Local Dirtied Blocks": 0,
                                            "Local Written Blocks": 0,
                                            "Temp Read Blocks": 0,
                                            "Temp Written Blocks": 0
                                          },
                                          {
                                            "Node Type": "Hash",
                                            "Parent Relationship": "Inner",
                                            "Parallel Aware": False,
                                            "Startup Cost": 516764.5,
                                            "Total Cost": 516764.5,
                                            "Plan Rows": 127556,
                                            "Plan Width": 4,
                                            "Actual Startup Time": 45839.742,
                                            "Actual Total Time": 45839.742,
                                            "Actual Rows": 9,
                                            "Actual Loops": 3,
                                            "Hash Buckets": 131072,
                                            "Original Hash Buckets": 131072,
                                            "Hash Batches": 2,
                                            "Original Hash Batches": 2,
                                            "Peak Memory Usage": 1025,
                                            "Shared Hit Blocks": 278056,
                                            "Shared Read Blocks": 127972,
                                            "Shared Dirtied Blocks": 0,
                                            "Shared Written Blocks": 0,
                                            "Local Hit Blocks": 0,
                                            "Local Read Blocks": 0,
                                            "Local Dirtied Blocks": 0,
                                            "Local Written Blocks": 0,
                                            "Temp Read Blocks": 0,
                                            "Temp Written Blocks": 0,
                                            "Plans": [
                                              {
                                                "Node Type": "Aggregate",
                                                "Strategy": "Sorted",
                                                "Partial Mode": "Simple",
                                                "Parent Relationship": "Outer",
                                                "Parallel Aware": False,
                                                "Startup Cost": 0.43,
                                                "Total Cost": 515488.94,
                                                "Plan Rows": 127556,
                                                "Plan Width": 4,
                                                "Actual Startup Time": 10830.057,
                                                "Actual Total Time": 45838.861,
                                                "Actual Rows": 9,
                                                "Actual Loops": 3,
                                                "Group Key": [
                                                  "lineitem_1.l_orderkey"
                                                ],
                                                "Filter": "(sum(lineitem_1.l_quantity) > '314'::numeric)",
                                                "Rows Removed by Filter": 1499991,
                                                "Shared Hit Blocks": 278056,
                                                "Shared Read Blocks": 127972,
                                                "Shared Dirtied Blocks": 0,
                                                "Shared Written Blocks": 0,
                                                "Local Hit Blocks": 0,
                                                "Local Read Blocks": 0,
                                                "Local Dirtied Blocks": 0,
                                                "Local Written Blocks": 0,
                                                "Temp Read Blocks": 0,
                                                "Temp Written Blocks": 0,
                                                "Plans": [
                                                  {
                                                    "Node Type": "Index Scan",
                                                    "Parent Relationship": "Outer",
                                                    "Parallel Aware": False,
                                                    "Scan Direction": "Forward",
                                                    "Index Name": "\"LineItem_pkey\"",
                                                    "Relation Name": "lineitem",
                                                    "Alias": "lineitem_1",
                                                    "Startup Cost": 0.43,
                                                    "Total Cost": 479741.36,
                                                    "Plan Rows": 6001514,
                                                    "Plan Width": 9,
                                                    "Actual Startup Time": 0.315,
                                                    "Actual Total Time": 20125.465,
                                                    "Actual Rows": 6001215,
                                                    "Actual Loops": 3,
                                                    "Shared Hit Blocks": 278056,
                                                    "Shared Read Blocks": 127972,
                                                    "Shared Dirtied Blocks": 0,
                                                    "Shared Written Blocks": 0,
                                                    "Local Hit Blocks": 0,
                                                    "Local Read Blocks": 0,
                                                    "Local Dirtied Blocks": 0,
                                                    "Local Written Blocks": 0,
                                                    "Temp Read Blocks": 0,
                                                    "Temp Written Blocks": 0
                                                  }
                                                ]
                                              }
                                            ]
                                          }
                                        ]
                                      }
                                    ]
                                  }
                                ]
                              },
                              {
                                "Node Type": "Index Scan",
                                "Parent Relationship": "Inner",
                                "Parallel Aware": False,
                                "Scan Direction": "Forward",
                                "Index Name": "\"LineItem_pkey\"",
                                "Relation Name": "lineitem",
                                "Alias": "lineitem",
                                "Startup Cost": 0.43,
                                "Total Cost": 1.1,
                                "Plan Rows": 16,
                                "Plan Width": 9,
                                "Actual Startup Time": 0.758,
                                "Actual Total Time": 0.77,
                                "Actual Rows": 7,
                                "Actual Loops": 9,
                                "Index Cond": "(l_orderkey = orders.o_orderkey)",
                                "Rows Removed by Index Recheck": 0,
                                "Shared Hit Blocks": 9,
                                "Shared Read Blocks": 27,
                                "Shared Dirtied Blocks": 0,
                                "Shared Written Blocks": 0,
                                "Local Hit Blocks": 0,
                                "Local Read Blocks": 0,
                                "Local Dirtied Blocks": 0,
                                "Local Written Blocks": 0,
                                "Temp Read Blocks": 0,
                                "Temp Written Blocks": 0
                              }
                            ]
                          }
                        ]
                      }
                    ]
                  }
                ]
              }
            ]
          }
        ]
      }
    ]
  },
  "Planning Time": 7.162,
  "Triggers": [],
  "Execution Time": 51687.152
}

q19 = {
  "Plan": {
    "Node Type": "Limit",
    "Parallel Aware": False,
    "Startup Cost": 188112.6,
    "Total Cost": 188112.61,
    "Plan Rows": 1,
    "Plan Width": 32,
    "Actual Startup Time": 16654.742,
    "Actual Total Time": 16677.255,
    "Actual Rows": 1,
    "Actual Loops": 1,
    "Shared Hit Blocks": 497047,
    "Shared Read Blocks": 109361,
    "Shared Dirtied Blocks": 0,
    "Shared Written Blocks": 0,
    "Local Hit Blocks": 0,
    "Local Read Blocks": 0,
    "Local Dirtied Blocks": 0,
    "Local Written Blocks": 0,
    "Temp Read Blocks": 0,
    "Temp Written Blocks": 0,
    "Plans": [
      {
        "Node Type": "Aggregate",
        "Strategy": "Plain",
        "Partial Mode": "Simple",
        "Parent Relationship": "Outer",
        "Parallel Aware": False,
        "Startup Cost": 188112.6,
        "Total Cost": 188112.61,
        "Plan Rows": 1,
        "Plan Width": 32,
        "Actual Startup Time": 16654.738,
        "Actual Total Time": 16654.738,
        "Actual Rows": 1,
        "Actual Loops": 1,
        "Shared Hit Blocks": 497047,
        "Shared Read Blocks": 109361,
        "Shared Dirtied Blocks": 0,
        "Shared Written Blocks": 0,
        "Local Hit Blocks": 0,
        "Local Read Blocks": 0,
        "Local Dirtied Blocks": 0,
        "Local Written Blocks": 0,
        "Temp Read Blocks": 0,
        "Temp Written Blocks": 0,
        "Plans": [
          {
            "Node Type": "Gather",
            "Parent Relationship": "Outer",
            "Parallel Aware": False,
            "Startup Cost": 1000.42,
            "Total Cost": 188112.59,
            "Plan Rows": 1,
            "Plan Width": 12,
            "Actual Startup Time": 52.021,
            "Actual Total Time": 16676.598,
            "Actual Rows": 112,
            "Actual Loops": 1,
            "Workers Planned": 2,
            "Workers Launched": 2,
            "Single Copy": False,
            "Shared Hit Blocks": 497047,
            "Shared Read Blocks": 109361,
            "Shared Dirtied Blocks": 0,
            "Shared Written Blocks": 0,
            "Local Hit Blocks": 0,
            "Local Read Blocks": 0,
            "Local Dirtied Blocks": 0,
            "Local Written Blocks": 0,
            "Temp Read Blocks": 0,
            "Temp Written Blocks": 0,
            "Plans": [
              {
                "Node Type": "Nested Loop",
                "Parent Relationship": "Outer",
                "Parallel Aware": False,
                "Join Type": "Inner",
                "Startup Cost": 0.42,
                "Total Cost": 187112.49,
                "Plan Rows": 1,
                "Plan Width": 12,
                "Actual Startup Time": 1487.747,
                "Actual Total Time": 16627.237,
                "Actual Rows": 37,
                "Actual Loops": 3,
                "Inner Unique": True,
                "Shared Hit Blocks": 497047,
                "Shared Read Blocks": 109361,
                "Shared Dirtied Blocks": 0,
                "Shared Written Blocks": 0,
                "Local Hit Blocks": 0,
                "Local Read Blocks": 0,
                "Local Dirtied Blocks": 0,
                "Local Written Blocks": 0,
                "Temp Read Blocks": 0,
                "Temp Written Blocks": 0,
                "Plans": [
                  {
                    "Node Type": "Seq Scan",
                    "Parent Relationship": "Outer",
                    "Parallel Aware": True,
                    "Relation Name": "lineitem",
                    "Alias": "lineitem",
                    "Startup Cost": 0,
                    "Total Cost": 186584.92,
                    "Plan Rows": 66,
                    "Plan Width": 21,
                    "Actual Startup Time": 0.336,
                    "Actual Total Time": 11366.957,
                    "Actual Rows": 41237,
                    "Actual Loops": 3,
                    "Filter": "((l_shipmode = ANY ('{AIR,\"AIR REG\"}'::bpchar[])) AND (l_shipinstruct = 'DELIVER IN PERSON'::bpchar) AND (((l_quantity >= '4'::numeric) AND (l_quantity <= '14'::numeric)) OR ((l_quantity >= '11'::numeric) AND (l_quantity <= '21'::numeric)) OR ((l_quantity >= '28'::numeric) AND (l_quantity <= '38'::numeric))))",
                    "Rows Removed by Filter": 1959168,
                    "Shared Hit Blocks": 6846,
                    "Shared Read Blocks": 104720,
                    "Shared Dirtied Blocks": 0,
                    "Shared Written Blocks": 0,
                    "Local Hit Blocks": 0,
                    "Local Read Blocks": 0,
                    "Local Dirtied Blocks": 0,
                    "Local Written Blocks": 0,
                    "Temp Read Blocks": 0,
                    "Temp Written Blocks": 0
                  },
                  {
                    "Node Type": "Index Scan",
                    "Parent Relationship": "Inner",
                    "Parallel Aware": False,
                    "Scan Direction": "Forward",
                    "Index Name": "\"Part_pkey\"",
                    "Relation Name": "part",
                    "Alias": "part",
                    "Startup Cost": 0.42,
                    "Total Cost": 7.98,
                    "Plan Rows": 1,
                    "Plan Width": 96,
                    "Actual Startup Time": 0.114,
                    "Actual Total Time": 0.114,
                    "Actual Rows": 0,
                    "Actual Loops": 123710,
                    "Index Cond": "(p_partkey = lineitem.l_partkey)",
                    "Rows Removed by Index Recheck": 0,
                    "Filter": "((p_size >= 1) AND (((p_brand = 'Brand#54'::bpchar) AND (p_container = ANY ('{\"SM CASE\",\"SM BOX\",\"SM PACK\",\"SM PKG\"}'::bpchar[])) AND (p_size <= 5)) OR ((p_brand = 'Brand#51'::bpchar) AND (p_container = ANY ('{\"MED BAG\",\"MED BOX\",\"MED PKG\",\"MED PACK\"}'::bpchar[])) AND (p_size <= 10)) OR ((p_brand = 'Brand#21'::bpchar) AND (p_container = ANY ('{\"LG CASE\",\"LG BOX\",\"LG PACK\",\"LG PKG\"}'::bpchar[])) AND (p_size <= 15))) AND (((p_brand = 'Brand#54'::bpchar) AND (p_container = ANY ('{\"SM CASE\",\"SM BOX\",\"SM PACK\",\"SM PKG\"}'::bpchar[])) AND (lineitem.l_quantity >= '4'::numeric) AND (lineitem.l_quantity <= '14'::numeric) AND (p_size <= 5)) OR ((p_brand = 'Brand#51'::bpchar) AND (p_container = ANY ('{\"MED BAG\",\"MED BOX\",\"MED PKG\",\"MED PACK\"}'::bpchar[])) AND (lineitem.l_quantity >= '11'::numeric) AND (lineitem.l_quantity <= '21'::numeric) AND (p_size <= 10)) OR ((p_brand = 'Brand#21'::bpchar) AND (p_container = ANY ('{\"LG CASE\",\"LG BOX\",\"LG PACK\",\"LG PKG\"}'::bpchar[])) AND (lineitem.l_quantity >= '28'::numeric) AND (lineitem.l_quantity <= '38'::numeric) AND (p_size <= 15))))",
                    "Rows Removed by Filter": 1,
                    "Shared Hit Blocks": 490201,
                    "Shared Read Blocks": 4641,
                    "Shared Dirtied Blocks": 0,
                    "Shared Written Blocks": 0,
                    "Local Hit Blocks": 0,
                    "Local Read Blocks": 0,
                    "Local Dirtied Blocks": 0,
                    "Local Written Blocks": 0,
                    "Temp Read Blocks": 0,
                    "Temp Written Blocks": 0
                  }
                ]
              }
            ]
          }
        ]
      }
    ]
  },
  "Planning Time": 3.125,
  "Triggers": [],
  "Execution Time": 16677.385
}

q20 = {
  "Plan": {
    "Node Type": "Limit",
    "Parallel Aware": False,
    "Startup Cost": 314452.21,
    "Total Cost": 314452.21,
    "Plan Rows": 1,
    "Plan Width": 51,
    "Actual Startup Time": 30785.363,
    "Actual Total Time": 30785.52,
    "Actual Rows": 1,
    "Actual Loops": 1,
    "Shared Hit Blocks": 30014,
    "Shared Read Blocks": 109682,
    "Shared Dirtied Blocks": 0,
    "Shared Written Blocks": 0,
    "Local Hit Blocks": 0,
    "Local Read Blocks": 0,
    "Local Dirtied Blocks": 0,
    "Local Written Blocks": 0,
    "Temp Read Blocks": 2576,
    "Temp Written Blocks": 2591,
    "Plans": [
      {
        "Node Type": "Sort",
        "Parent Relationship": "Outer",
        "Parallel Aware": False,
        "Startup Cost": 314452.21,
        "Total Cost": 314452.21,
        "Plan Rows": 1,
        "Plan Width": 51,
        "Actual Startup Time": 30785.359,
        "Actual Total Time": 30785.359,
        "Actual Rows": 1,
        "Actual Loops": 1,
        "Sort Key": [
          "supplier.s_name"
        ],
        "Sort Method": "top-N heapsort",
        "Sort Space Used": 25,
        "Sort Space Type": "Memory",
        "Shared Hit Blocks": 25732,
        "Shared Read Blocks": 39249,
        "Shared Dirtied Blocks": 0,
        "Shared Written Blocks": 0,
        "Local Hit Blocks": 0,
        "Local Read Blocks": 0,
        "Local Dirtied Blocks": 0,
        "Local Written Blocks": 0,
        "Temp Read Blocks": 852,
        "Temp Written Blocks": 857,
        "Plans": [
          {
            "Node Type": "Nested Loop",
            "Parent Relationship": "Outer",
            "Parallel Aware": False,
            "Join Type": "Semi",
            "Startup Cost": 197260.55,
            "Total Cost": 314452.2,
            "Plan Rows": 1,
            "Plan Width": 51,
            "Actual Startup Time": 27968.449,
            "Actual Total Time": 30777.389,
            "Actual Rows": 190,
            "Actual Loops": 1,
            "Inner Unique": False,
            "Join Filter": "(supplier.s_suppkey = lineitem.l_suppkey)",
            "Rows Removed by Join Filter": 1805290,
            "Shared Hit Blocks": 25732,
            "Shared Read Blocks": 39249,
            "Shared Dirtied Blocks": 0,
            "Shared Written Blocks": 0,
            "Local Hit Blocks": 0,
            "Local Read Blocks": 0,
            "Local Dirtied Blocks": 0,
            "Local Written Blocks": 0,
            "Temp Read Blocks": 852,
            "Temp Written Blocks": 857,
            "Plans": [
              {
                "Node Type": "Nested Loop",
                "Parent Relationship": "Outer",
                "Parallel Aware": False,
                "Join Type": "Inner",
                "Startup Cost": 0,
                "Total Cost": 459.12,
                "Plan Rows": 59,
                "Plan Width": 55,
                "Actual Startup Time": 1.636,
                "Actual Total Time": 98.223,
                "Actual Rows": 413,
                "Actual Loops": 1,
                "Inner Unique": False,
                "Join Filter": "(supplier.s_nationkey = nation.n_nationkey)",
                "Rows Removed by Join Filter": 9587,
                "Shared Hit Blocks": 0,
                "Shared Read Blocks": 223,
                "Shared Dirtied Blocks": 0,
                "Shared Written Blocks": 0,
                "Local Hit Blocks": 0,
                "Local Read Blocks": 0,
                "Local Dirtied Blocks": 0,
                "Local Written Blocks": 0,
                "Temp Read Blocks": 0,
                "Temp Written Blocks": 0,
                "Plans": [
                  {
                    "Node Type": "Seq Scan",
                    "Parent Relationship": "Outer",
                    "Parallel Aware": False,
                    "Relation Name": "nation",
                    "Alias": "nation",
                    "Startup Cost": 0,
                    "Total Cost": 12.12,
                    "Plan Rows": 1,
                    "Plan Width": 4,
                    "Actual Startup Time": 0.707,
                    "Actual Total Time": 0.719,
                    "Actual Rows": 1,
                    "Actual Loops": 1,
                    "Filter": "(n_name = 'ARGENTINA'::bpchar)",
                    "Rows Removed by Filter": 24,
                    "Shared Hit Blocks": 0,
                    "Shared Read Blocks": 1,
                    "Shared Dirtied Blocks": 0,
                    "Shared Written Blocks": 0,
                    "Local Hit Blocks": 0,
                    "Local Read Blocks": 0,
                    "Local Dirtied Blocks": 0,
                    "Local Written Blocks": 0,
                    "Temp Read Blocks": 0,
                    "Temp Written Blocks": 0
                  },
                  {
                    "Node Type": "Seq Scan",
                    "Parent Relationship": "Inner",
                    "Parallel Aware": False,
                    "Relation Name": "supplier",
                    "Alias": "supplier",
                    "Startup Cost": 0,
                    "Total Cost": 322,
                    "Plan Rows": 10000,
                    "Plan Width": 59,
                    "Actual Startup Time": 0.889,
                    "Actual Total Time": 71.118,
                    "Actual Rows": 10000,
                    "Actual Loops": 1,
                    "Shared Hit Blocks": 0,
                    "Shared Read Blocks": 222,
                    "Shared Dirtied Blocks": 0,
                    "Shared Written Blocks": 0,
                    "Local Hit Blocks": 0,
                    "Local Read Blocks": 0,
                    "Local Dirtied Blocks": 0,
                    "Local Written Blocks": 0,
                    "Temp Read Blocks": 0,
                    "Temp Written Blocks": 0
                  }
                ]
              },
              {
                "Node Type": "Materialize",
                "Parent Relationship": "Inner",
                "Parallel Aware": False,
                "Startup Cost": 197260.55,
                "Total Cost": 313992.19,
                "Plan Rows": 1,
                "Plan Width": 8,
                "Actual Startup Time": 22.997,
                "Actual Total Time": 70.275,
                "Actual Rows": 4372,
                "Actual Loops": 413,
                "Shared Hit Blocks": 25732,
                "Shared Read Blocks": 39026,
                "Shared Dirtied Blocks": 0,
                "Shared Written Blocks": 0,
                "Local Hit Blocks": 0,
                "Local Read Blocks": 0,
                "Local Dirtied Blocks": 0,
                "Local Written Blocks": 0,
                "Temp Read Blocks": 852,
                "Temp Written Blocks": 857,
                "Plans": [
                  {
                    "Node Type": "Nested Loop",
                    "Parent Relationship": "Outer",
                    "Parallel Aware": False,
                    "Join Type": "Inner",
                    "Startup Cost": 197260.55,
                    "Total Cost": 313992.19,
                    "Plan Rows": 1,
                    "Plan Width": 8,
                    "Actual Startup Time": 9496.661,
                    "Actual Total Time": 27743.994,
                    "Actual Rows": 5915,
                    "Actual Loops": 1,
                    "Inner Unique": True,
                    "Shared Hit Blocks": 25732,
                    "Shared Read Blocks": 39026,
                    "Shared Dirtied Blocks": 0,
                    "Shared Written Blocks": 0,
                    "Local Hit Blocks": 0,
                    "Local Read Blocks": 0,
                    "Local Dirtied Blocks": 0,
                    "Local Written Blocks": 0,
                    "Temp Read Blocks": 852,
                    "Temp Written Blocks": 857,
                    "Plans": [
                      {
                        "Node Type": "Merge Join",
                        "Parent Relationship": "Outer",
                        "Parallel Aware": False,
                        "Join Type": "Inner",
                        "Startup Cost": 197260.12,
                        "Total Cost": 312471.89,
                        "Plan Rows": 2404,
                        "Plan Width": 44,
                        "Actual Startup Time": 9492.39,
                        "Actual Total Time": 21681.86,
                        "Actual Rows": 5929,
                        "Actual Loops": 1,
                        "Inner Unique": True,
                        "Merge Cond": "(lineitem.l_partkey = part.p_partkey)",
                        "Shared Hit Blocks": 6850,
                        "Shared Read Blocks": 34192,
                        "Shared Dirtied Blocks": 0,
                        "Shared Written Blocks": 0,
                        "Local Hit Blocks": 0,
                        "Local Read Blocks": 0,
                        "Local Dirtied Blocks": 0,
                        "Local Written Blocks": 0,
                        "Temp Read Blocks": 852,
                        "Temp Written Blocks": 857,
                        "Plans": [
                          {
                            "Node Type": "Aggregate",
                            "Strategy": "Sorted",
                            "Partial Mode": "Finalize",
                            "Parent Relationship": "Outer",
                            "Parallel Aware": False,
                            "Startup Cost": 190971.63,
                            "Total Cost": 300144,
                            "Plan Rows": 480828,
                            "Plan Width": 40,
                            "Actual Startup Time": 9333.625,
                            "Actual Total Time": 20856.079,
                            "Actual Rows": 543552,
                            "Actual Loops": 1,
                            "Group Key": [
                              "lineitem.l_partkey",
                              "lineitem.l_suppkey"
                            ],
                            "Shared Hit Blocks": 2753,
                            "Shared Read Blocks": 34192,
                            "Shared Dirtied Blocks": 0,
                            "Shared Written Blocks": 0,
                            "Local Hit Blocks": 0,
                            "Local Read Blocks": 0,
                            "Local Dirtied Blocks": 0,
                            "Local Written Blocks": 0,
                            "Temp Read Blocks": 852,
                            "Temp Written Blocks": 857,
                            "Plans": [
                              {
                                "Node Type": "Gather Merge",
                                "Parent Relationship": "Outer",
                                "Parallel Aware": False,
                                "Startup Cost": 190971.63,
                                "Total Cost": 285471.54,
                                "Plan Rows": 746004,
                                "Plan Width": 40,
                                "Actual Startup Time": 9333.599,
                                "Actual Total Time": 15017.921,
                                "Actual Rows": 758105,
                                "Actual Loops": 1,
                                "Workers Planned": 2,
                                "Workers Launched": 2,
                                "Shared Hit Blocks": 7035,
                                "Shared Read Blocks": 104625,
                                "Shared Dirtied Blocks": 0,
                                "Shared Written Blocks": 0,
                                "Local Hit Blocks": 0,
                                "Local Read Blocks": 0,
                                "Local Dirtied Blocks": 0,
                                "Local Written Blocks": 0,
                                "Temp Read Blocks": 2576,
                                "Temp Written Blocks": 2591,
                                "Plans": [
                                  {
                                    "Node Type": "Aggregate",
                                    "Strategy": "Sorted",
                                    "Partial Mode": "Partial",
                                    "Parent Relationship": "Outer",
                                    "Parallel Aware": False,
                                    "Startup Cost": 189971.6,
                                    "Total Cost": 198364.15,
                                    "Plan Rows": 373002,
                                    "Plan Width": 40,
                                    "Actual Startup Time": 9263.676,
                                    "Actual Total Time": 11260.084,
                                    "Actual Rows": 252777,
                                    "Actual Loops": 3,
                                    "Group Key": [
                                      "lineitem.l_partkey",
                                      "lineitem.l_suppkey"
                                    ],
                                    "Shared Hit Blocks": 7035,
                                    "Shared Read Blocks": 104625,
                                    "Shared Dirtied Blocks": 0,
                                    "Shared Written Blocks": 0,
                                    "Local Hit Blocks": 0,
                                    "Local Read Blocks": 0,
                                    "Local Dirtied Blocks": 0,
                                    "Local Written Blocks": 0,
                                    "Temp Read Blocks": 2576,
                                    "Temp Written Blocks": 2591,
                                    "Plans": [
                                      {
                                        "Node Type": "Sort",
                                        "Parent Relationship": "Outer",
                                        "Parallel Aware": False,
                                        "Startup Cost": 189971.6,
                                        "Total Cost": 190904.11,
                                        "Plan Rows": 373002,
                                        "Plan Width": 13,
                                        "Actual Startup Time": 9263.627,
                                        "Actual Total Time": 9738.921,
                                        "Actual Rows": 303751,
                                        "Actual Loops": 3,
                                        "Sort Key": [
                                          "lineitem.l_partkey",
                                          "lineitem.l_suppkey"
                                        ],
                                        "Sort Method": "external merge",
                                        "Sort Space Used": 6816,
                                        "Sort Space Type": "Disk",
                                        "Workers": [
                                          {
                                            "Worker Number": 0,
                                            "Sort Method": "external merge",
                                            "Sort Space Used": 6888,
                                            "Sort Space Type": "Disk"
                                          },
                                          {
                                            "Worker Number": 1,
                                            "Sort Method": "external merge",
                                            "Sort Space Used": 6904,
                                            "Sort Space Type": "Disk"
                                          }
                                        ],
                                        "Shared Hit Blocks": 7035,
                                        "Shared Read Blocks": 104625,
                                        "Shared Dirtied Blocks": 0,
                                        "Shared Written Blocks": 0,
                                        "Local Hit Blocks": 0,
                                        "Local Read Blocks": 0,
                                        "Local Dirtied Blocks": 0,
                                        "Local Written Blocks": 0,
                                        "Temp Read Blocks": 2576,
                                        "Temp Written Blocks": 2591,
                                        "Plans": [
                                          {
                                            "Node Type": "Seq Scan",
                                            "Parent Relationship": "Outer",
                                            "Parallel Aware": True,
                                            "Relation Name": "lineitem",
                                            "Alias": "lineitem",
                                            "Startup Cost": 0,
                                            "Total Cost": 149075.46,
                                            "Plan Rows": 373002,
                                            "Plan Width": 13,
                                            "Actual Startup Time": 0.249,
                                            "Actual Total Time": 6951.556,
                                            "Actual Rows": 303798,
                                            "Actual Loops": 3,
                                            "Filter": "((l_shipdate >= '1997-01-01'::date) AND (l_shipdate < '1998-01-01 00:00:00'::timestamp without time zone))",
                                            "Rows Removed by Filter": 1696607,
                                            "Shared Hit Blocks": 6942,
                                            "Shared Read Blocks": 104624,
                                            "Shared Dirtied Blocks": 0,
                                            "Shared Written Blocks": 0,
                                            "Local Hit Blocks": 0,
                                            "Local Read Blocks": 0,
                                            "Local Dirtied Blocks": 0,
                                            "Local Written Blocks": 0,
                                            "Temp Read Blocks": 0,
                                            "Temp Written Blocks": 0
                                          }
                                        ]
                                      }
                                    ]
                                  }
                                ]
                              }
                            ]
                          },
                          {
                            "Node Type": "Sort",
                            "Parent Relationship": "Inner",
                            "Parallel Aware": False,
                            "Startup Cost": 6288.5,
                            "Total Cost": 6291,
                            "Plan Rows": 1000,
                            "Plan Width": 4,
                            "Actual Startup Time": 155.579,
                            "Actual Total Time": 159.043,
                            "Actual Rows": 2184,
                            "Actual Loops": 1,
                            "Sort Key": [
                              "part.p_partkey"
                            ],
                            "Sort Method": "quicksort",
                            "Sort Space Used": 199,
                            "Sort Space Type": "Memory",
                            "Shared Hit Blocks": 4097,
                            "Shared Read Blocks": 0,
                            "Shared Dirtied Blocks": 0,
                            "Shared Written Blocks": 0,
                            "Local Hit Blocks": 0,
                            "Local Read Blocks": 0,
                            "Local Dirtied Blocks": 0,
                            "Local Written Blocks": 0,
                            "Temp Read Blocks": 0,
                            "Temp Written Blocks": 0,
                            "Plans": [
                              {
                                "Node Type": "Gather",
                                "Parent Relationship": "Outer",
                                "Parallel Aware": False,
                                "Startup Cost": 1000,
                                "Total Cost": 6238.67,
                                "Plan Rows": 1000,
                                "Plan Width": 4,
                                "Actual Startup Time": 0.338,
                                "Actual Total Time": 153.678,
                                "Actual Rows": 2184,
                                "Actual Loops": 1,
                                "Workers Planned": 2,
                                "Workers Launched": 2,
                                "Single Copy": False,
                                "Shared Hit Blocks": 4097,
                                "Shared Read Blocks": 0,
                                "Shared Dirtied Blocks": 0,
                                "Shared Written Blocks": 0,
                                "Local Hit Blocks": 0,
                                "Local Read Blocks": 0,
                                "Local Dirtied Blocks": 0,
                                "Local Written Blocks": 0,
                                "Temp Read Blocks": 0,
                                "Temp Written Blocks": 0,
                                "Plans": [
                                  {
                                    "Node Type": "Seq Scan",
                                    "Parent Relationship": "Outer",
                                    "Parallel Aware": True,
                                    "Relation Name": "part",
                                    "Alias": "part",
                                    "Startup Cost": 0,
                                    "Total Cost": 5138.67,
                                    "Plan Rows": 417,
                                    "Plan Width": 4,
                                    "Actual Startup Time": 0.051,
                                    "Actual Total Time": 116.075,
                                    "Actual Rows": 728,
                                    "Actual Loops": 3,
                                    "Filter": "((p_name)::text ~~ 'powder%'::text)",
                                    "Rows Removed by Filter": 65939,
                                    "Shared Hit Blocks": 4097,
                                    "Shared Read Blocks": 0,
                                    "Shared Dirtied Blocks": 0,
                                    "Shared Written Blocks": 0,
                                    "Local Hit Blocks": 0,
                                    "Local Read Blocks": 0,
                                    "Local Dirtied Blocks": 0,
                                    "Local Written Blocks": 0,
                                    "Temp Read Blocks": 0,
                                    "Temp Written Blocks": 0
                                  }
                                ]
                              }
                            ]
                          }
                        ]
                      },
                      {
                        "Node Type": "Index Scan",
                        "Parent Relationship": "Inner",
                        "Parallel Aware": False,
                        "Scan Direction": "Forward",
                        "Index Name": "\"PartSupp_pkey\"",
                        "Relation Name": "partsupp",
                        "Alias": "partsupp",
                        "Startup Cost": 0.42,
                        "Total Cost": 0.62,
                        "Plan Rows": 1,
                        "Plan Width": 12,
                        "Actual Startup Time": 0.986,
                        "Actual Total Time": 0.986,
                        "Actual Rows": 1,
                        "Actual Loops": 5929,
                        "Index Cond": "((ps_suppkey = lineitem.l_suppkey) AND (ps_partkey = lineitem.l_partkey))",
                        "Rows Removed by Index Recheck": 0,
                        "Filter": "((ps_availqty)::numeric > ((0.5 * sum(lineitem.l_quantity))))",
                        "Rows Removed by Filter": 0,
                        "Shared Hit Blocks": 18882,
                        "Shared Read Blocks": 4834,
                        "Shared Dirtied Blocks": 0,
                        "Shared Written Blocks": 0,
                        "Local Hit Blocks": 0,
                        "Local Read Blocks": 0,
                        "Local Dirtied Blocks": 0,
                        "Local Written Blocks": 0,
                        "Temp Read Blocks": 0,
                        "Temp Written Blocks": 0
                      }
                    ]
                  }
                ]
              }
            ]
          }
        ]
      }
    ]
  },
  "Planning Time": 11.495,
  "Triggers": [],
  "Execution Time": 30802.57
}

q22 = {
  "Plan": {
    "Node Type": "Limit",
    "Parallel Aware": False,
    "Startup Cost": 57545.72,
    "Total Cost": 57546.02,
    "Plan Rows": 1,
    "Plan Width": 72,
    "Actual Startup Time": 4725.323,
    "Actual Total Time": 4808.591,
    "Actual Rows": 1,
    "Actual Loops": 1,
    "Shared Hit Blocks": 3714,
    "Shared Read Blocks": 29681,
    "Shared Dirtied Blocks": 0,
    "Shared Written Blocks": 0,
    "Local Hit Blocks": 0,
    "Local Read Blocks": 0,
    "Local Dirtied Blocks": 0,
    "Local Written Blocks": 0,
    "Temp Read Blocks": 4473,
    "Temp Written Blocks": 4824,
    "Plans": [
      {
        "Node Type": "Aggregate",
        "Strategy": "Plain",
        "Partial Mode": "Finalize",
        "Parent Relationship": "InitPlan",
        "Subplan Name": "InitPlan 1 (returns $1)",
        "Parallel Aware": False,
        "Startup Cost": 6230.83,
        "Total Cost": 6230.84,
        "Plan Rows": 1,
        "Plan Width": 32,
        "Actual Startup Time": 407.594,
        "Actual Total Time": 407.594,
        "Actual Rows": 1,
        "Actual Loops": 1,
        "Shared Hit Blocks": 8,
        "Shared Read Blocks": 3583,
        "Shared Dirtied Blocks": 0,
        "Shared Written Blocks": 0,
        "Local Hit Blocks": 0,
        "Local Read Blocks": 0,
        "Local Dirtied Blocks": 0,
        "Local Written Blocks": 0,
        "Temp Read Blocks": 0,
        "Temp Written Blocks": 0,
        "Plans": [
          {
            "Node Type": "Gather",
            "Parent Relationship": "Outer",
            "Parallel Aware": False,
            "Startup Cost": 6230.6,
            "Total Cost": 6230.81,
            "Plan Rows": 2,
            "Plan Width": 32,
            "Actual Startup Time": 406.801,
            "Actual Total Time": 406.926,
            "Actual Rows": 3,
            "Actual Loops": 1,
            "Workers Planned": 2,
            "Workers Launched": 2,
            "Single Copy": False,
            "Shared Hit Blocks": 8,
            "Shared Read Blocks": 3583,
            "Shared Dirtied Blocks": 0,
            "Shared Written Blocks": 0,
            "Local Hit Blocks": 0,
            "Local Read Blocks": 0,
            "Local Dirtied Blocks": 0,
            "Local Written Blocks": 0,
            "Temp Read Blocks": 0,
            "Temp Written Blocks": 0,
            "Plans": [
              {
                "Node Type": "Aggregate",
                "Strategy": "Plain",
                "Partial Mode": "Partial",
                "Parent Relationship": "Outer",
                "Parallel Aware": False,
                "Startup Cost": 5230.6,
                "Total Cost": 5230.61,
                "Plan Rows": 1,
                "Plan Width": 32,
                "Actual Startup Time": 382.025,
                "Actual Total Time": 382.025,
                "Actual Rows": 1,
                "Actual Loops": 3,
                "Shared Hit Blocks": 8,
                "Shared Read Blocks": 3583,
                "Shared Dirtied Blocks": 0,
                "Shared Written Blocks": 0,
                "Local Hit Blocks": 0,
                "Local Read Blocks": 0,
                "Local Dirtied Blocks": 0,
                "Local Written Blocks": 0,
                "Temp Read Blocks": 0,
                "Temp Written Blocks": 0,
                "Plans": [
                  {
                    "Node Type": "Seq Scan",
                    "Parent Relationship": "Outer",
                    "Parallel Aware": True,
                    "Relation Name": "customer",
                    "Alias": "customer_1",
                    "Startup Cost": 0,
                    "Total Cost": 5225.62,
                    "Plan Rows": 1991,
                    "Plan Width": 6,
                    "Actual Startup Time": 0.479,
                    "Actual Total Time": 372.316,
                    "Actual Rows": 12686,
                    "Actual Loops": 3,
                    "Filter": "((c_acctbal > 0.00) AND (\"substring\"((c_phone)::text, 1, 2) = ANY ('{11,18,15,20,12,29,30}'::text[])))",
                    "Rows Removed by Filter": 37314,
                    "Shared Hit Blocks": 8,
                    "Shared Read Blocks": 3583,
                    "Shared Dirtied Blocks": 0,
                    "Shared Written Blocks": 0,
                    "Local Hit Blocks": 0,
                    "Local Read Blocks": 0,
                    "Local Dirtied Blocks": 0,
                    "Local Written Blocks": 0,
                    "Temp Read Blocks": 0,
                    "Temp Written Blocks": 0
                  }
                ]
              }
            ]
          }
        ]
      },
      {
        "Node Type": "Aggregate",
        "Strategy": "Sorted",
        "Partial Mode": "Finalize",
        "Parent Relationship": "Outer",
        "Parallel Aware": False,
        "Startup Cost": 51314.88,
        "Total Cost": 51375.15,
        "Plan Rows": 200,
        "Plan Width": 72,
        "Actual Startup Time": 4725.319,
        "Actual Total Time": 4725.32,
        "Actual Rows": 1,
        "Actual Loops": 1,
        "Group Key": [
          "(\"substring\"((customer.c_phone)::text, 1, 2))"
        ],
        "Shared Hit Blocks": 986,
        "Shared Read Blocks": 12100,
        "Shared Dirtied Blocks": 0,
        "Shared Written Blocks": 0,
        "Local Hit Blocks": 0,
        "Local Read Blocks": 0,
        "Local Dirtied Blocks": 0,
        "Local Written Blocks": 0,
        "Temp Read Blocks": 1358,
        "Temp Written Blocks": 1580,
        "Plans": [
          {
            "Node Type": "Gather Merge",
            "Parent Relationship": "Outer",
            "Parallel Aware": False,
            "Startup Cost": 51314.88,
            "Total Cost": 51367.65,
            "Plan Rows": 400,
            "Plan Width": 72,
            "Actual Startup Time": 4724.87,
            "Actual Total Time": 4808.494,
            "Actual Rows": 4,
            "Actual Loops": 1,
            "Workers Planned": 2,
            "Params Evaluated": [
              "$1"
            ],
            "Workers Launched": 2,
            "Shared Hit Blocks": 3714,
            "Shared Read Blocks": 29681,
            "Shared Dirtied Blocks": 0,
            "Shared Written Blocks": 0,
            "Local Hit Blocks": 0,
            "Local Read Blocks": 0,
            "Local Dirtied Blocks": 0,
            "Local Written Blocks": 0,
            "Temp Read Blocks": 4473,
            "Temp Written Blocks": 4824,
            "Plans": [
              {
                "Node Type": "Aggregate",
                "Strategy": "Sorted",
                "Partial Mode": "Partial",
                "Parent Relationship": "Outer",
                "Parallel Aware": False,
                "Startup Cost": 50314.85,
                "Total Cost": 50321.45,
                "Plan Rows": 200,
                "Plan Width": 72,
                "Actual Startup Time": 4297.855,
                "Actual Total Time": 4303.382,
                "Actual Rows": 5,
                "Actual Loops": 3,
                "Group Key": [
                  "(\"substring\"((customer.c_phone)::text, 1, 2))"
                ],
                "Shared Hit Blocks": 3706,
                "Shared Read Blocks": 26098,
                "Shared Dirtied Blocks": 0,
                "Shared Written Blocks": 0,
                "Local Hit Blocks": 0,
                "Local Read Blocks": 0,
                "Local Dirtied Blocks": 0,
                "Local Written Blocks": 0,
                "Temp Read Blocks": 4473,
                "Temp Written Blocks": 4824,
                "Plans": [
                  {
                    "Node Type": "Sort",
                    "Parent Relationship": "Outer",
                    "Parallel Aware": False,
                    "Startup Cost": 50314.85,
                    "Total Cost": 50315.63,
                    "Plan Rows": 310,
                    "Plan Width": 38,
                    "Actual Startup Time": 4292.99,
                    "Actual Total Time": 4297.881,
                    "Actual Rows": 1674,
                    "Actual Loops": 3,
                    "Sort Key": [
                      "(\"substring\"((customer.c_phone)::text, 1, 2))"
                    ],
                    "Sort Method": "quicksort",
                    "Sort Space Used": 136,
                    "Sort Space Type": "Memory",
                    "Workers": [
                      {
                        "Worker Number": 0,
                        "Sort Method": "quicksort",
                        "Sort Space Used": 215,
                        "Sort Space Type": "Memory"
                      },
                      {
                        "Worker Number": 1,
                        "Sort Method": "quicksort",
                        "Sort Space Used": 142,
                        "Sort Space Type": "Memory"
                      }
                    ],
                    "Shared Hit Blocks": 3706,
                    "Shared Read Blocks": 26098,
                    "Shared Dirtied Blocks": 0,
                    "Shared Written Blocks": 0,
                    "Local Hit Blocks": 0,
                    "Local Read Blocks": 0,
                    "Local Dirtied Blocks": 0,
                    "Local Written Blocks": 0,
                    "Temp Read Blocks": 4473,
                    "Temp Written Blocks": 4824,
                    "Plans": [
                      {
                        "Node Type": "Hash Join",
                        "Parent Relationship": "Outer",
                        "Parallel Aware": True,
                        "Join Type": "Anti",
                        "Startup Cost": 42599.5,
                        "Total Cost": 50302.03,
                        "Plan Rows": 310,
                        "Plan Width": 38,
                        "Actual Startup Time": 3414.774,
                        "Actual Total Time": 4276.134,
                        "Actual Rows": 2128,
                        "Actual Loops": 3,
                        "Inner Unique": False,
                        "Hash Cond": "(customer.c_custkey = orders.o_custkey)",
                        "Shared Hit Blocks": 3611,
                        "Shared Read Blocks": 26097,
                        "Shared Dirtied Blocks": 0,
                        "Shared Written Blocks": 0,
                        "Local Hit Blocks": 0,
                        "Local Read Blocks": 0,
                        "Local Dirtied Blocks": 0,
                        "Local Written Blocks": 0,
                        "Temp Read Blocks": 4473,
                        "Temp Written Blocks": 4824,
                        "Plans": [
                          {
                            "Node Type": "Seq Scan",
                            "Parent Relationship": "Outer",
                            "Parallel Aware": True,
                            "Relation Name": "customer",
                            "Alias": "customer",
                            "Startup Cost": 0,
                            "Total Cost": 5225.62,
                            "Plan Rows": 729,
                            "Plan Width": 74,
                            "Actual Startup Time": 0.056,
                            "Actual Total Time": 153.456,
                            "Actual Rows": 6333,
                            "Actual Loops": 3,
                            "Filter": "((c_acctbal > $1) AND (\"substring\"((c_phone)::text, 1, 2) = ANY ('{11,18,15,20,12,29,30}'::text[])))",
                            "Rows Removed by Filter": 43667,
                            "Shared Hit Blocks": 3585,
                            "Shared Read Blocks": 0,
                            "Shared Dirtied Blocks": 0,
                            "Shared Written Blocks": 0,
                            "Local Hit Blocks": 0,
                            "Local Read Blocks": 0,
                            "Local Dirtied Blocks": 0,
                            "Local Written Blocks": 0,
                            "Temp Read Blocks": 0,
                            "Temp Written Blocks": 0
                          },
                          {
                            "Node Type": "Hash",
                            "Parent Relationship": "Inner",
                            "Parallel Aware": True,
                            "Startup Cost": 32345,
                            "Total Cost": 32345,
                            "Plan Rows": 625000,
                            "Plan Width": 4,
                            "Actual Startup Time": 3036.481,
                            "Actual Total Time": 3036.482,
                            "Actual Rows": 500000,
                            "Actual Loops": 3,
                            "Hash Buckets": 131072,
                            "Original Hash Buckets": 131072,
                            "Hash Batches": 32,
                            "Original Hash Batches": 32,
                            "Peak Memory Usage": 2976,
                            "Shared Hit Blocks": 0,
                            "Shared Read Blocks": 26095,
                            "Shared Dirtied Blocks": 0,
                            "Shared Written Blocks": 0,
                            "Local Hit Blocks": 0,
                            "Local Read Blocks": 0,
                            "Local Dirtied Blocks": 0,
                            "Local Written Blocks": 0,
                            "Temp Read Blocks": 0,
                            "Temp Written Blocks": 4440,
                            "Plans": [
                              {
                                "Node Type": "Seq Scan",
                                "Parent Relationship": "Outer",
                                "Parallel Aware": True,
                                "Relation Name": "orders",
                                "Alias": "orders",
                                "Startup Cost": 0,
                                "Total Cost": 32345,
                                "Plan Rows": 625000,
                                "Plan Width": 4,
                                "Actual Startup Time": 0.821,
                                "Actual Total Time": 1959.886,
                                "Actual Rows": 500000,
                                "Actual Loops": 3,
                                "Shared Hit Blocks": 0,
                                "Shared Read Blocks": 26095,
                                "Shared Dirtied Blocks": 0,
                                "Shared Written Blocks": 0,
                                "Local Hit Blocks": 0,
                                "Local Read Blocks": 0,
                                "Local Dirtied Blocks": 0,
                                "Local Written Blocks": 0,
                                "Temp Read Blocks": 0,
                                "Temp Written Blocks": 0
                              }
                            ]
                          }
                        ]
                      }
                    ]
                  }
                ]
              }
            ]
          }
        ]
      }
    ]
  },
  "Planning Time": 2.027,
  "Triggers": [],
  "Execution Time": 4808.948
}
